-----BEGIN STRICT TYPE LIB-----
Id: urn:ubideco:stl:pvPyTM1N1rG9HEAvvEgqKonnMdakHreYrvGWfFff8q6#atlanta-adrian-sonata
Name: RGBContract
Dependency: DzTvt9gGhPUKD8Dkkjk9PDBhkJ4gtWxXWQjxnmUYLNrs#voyage-kimono-disco
Dependency: HX2UBak8vPsTokug1DGMDvTpzns3xUdwZ7QJdyt4qBA9#speed-atlanta-trilogy
Checksum-SHA256: aad0db48245417d4de015cb78c633d1d049021daddc5bf02d7f67d9acaabba04

3sOfyLvL<$a$#e10>K2#MqVsrZe&e(V->r|?y|b&t*2isXxNhAA_oAshyzn}Wc6$
lVk7oBr%DNv+($;q`HHK!gIHa)*%m(-e#9sm3I{@IbYpL6ZUP5FX>?<6X>J1mA>%
$n#j0HLDJN5-IKgM_J7b(p+0MPGk2Gl)y2(Rz1Xgc#bfbbo^UK%K(4i9Ajp1M~R@
C@!4#dQE#lUD;OiKi1Rs>XdX=LbXK+Rkw`Mu(V|7oQWGN(Z+AyvH&RuaL#<Ajx9#
RdpZb#!oVX>N1_Q*>kk01IqT4U{HCV*7Ex=yZ4kc9pbbVOY8BQJvP*estVa^A16C
V`*tna%paKVPb4$U=_gU2V|-Aisv2FNXqmBTmS3ZV(<42$azAB_>m7m3_)ygXkkN
PaC1&|Z4UqjL2Yk!Zgd3!000OHL349ubW?C;V+I5UbZKL2WpV+4SFQ*2dy+cL#Wo
+$K-npR=t1{a-C411d)vtBzL}*2ZeeX@0Z<eWUkpGd$`Y%tH+|x7jy#}XjniyMKG
zRN8C=se)CXi`bYW?1a{vSa00eGtZe;)f009JZZ*64&1pxs+D{{BQuNq?vw$uLzi
?1~hlkP@ao_$9uVE}^UN!R2FaB^j1X>)0BZUJ2b#21aJj($Hn^F!mAeRLol5%ecA
&%UCtOO8MBUm^-Yb8}^MRAq8)a|QwgbY*yS0T|1aZxWNw7!I9y+{RnQn@2DI{;m7
<jj@=_gDCb(0R?SkWNBdl1OfmAZf|a7000011aog~WdH>M0k$9KS5Dx9>#1R8UuL
ed2{4utBaoI&AY_{-wdcrn6beCfbYWv?ZDnqB1_A_hd2nR`XC1k>XBYXyYdrZ=H(
l+rjwgT#(qgapY9rr))NMYY24rbxWpi`@2LJ#-AOHwLb#iV^WprT%0SaPua&Ay^Z
*OLE00{vO(i%G%h4}Sf8vn;89aSG|t4s0*&BRFk%a^yrND0jV0000000030{{R30
00007L}hegX>4-^0RRX90RaF2000000RI300000000~KRb9H4+WprT%0SIzsb7gX
NWpe-t0S?j{I~j%e^<NtQ$0i+BA8V^i@&?VsNd3!~x5P*Z%>V!Z000000RR60000
0001QoKWNBeiWoJ%dZDj=k00;p*(W0Hqt(%d1CNN)#sHFQL7%(bMbH%I*cn#*O0A
6ze000000000$0000000009O=V<hVN`i=Wd;KTba`-P0gQR2!V<n4f?gTDRDKB>w
}4<9w&x@J^JY|$Mh>NkDF<_PVsv?MWdH;M00eGtZe;)f009JZZ*64&1pxt!d8NV<
z8ivG8NF0~2^zP6U>mmQBm47aRFOswrHLsAV`yP=b7gb@1OfmAZf|a7000011aog
~WdH>M0gQR2!V<n4f?gTDRDKB>w}4<9w&x@J^JY|$Mh>NkDF{tzZDm7fVR8d41Z8
+*Y#{__VRL9B24rt+Y+-UF17U4&CIoP7b#p5OWMOk?Edyk4bS?yXWpZyY18;6+F#
~jWZ!!gRXmVv`GX!RDb#gQWW@&b1H3M^Lcs2!dWp-t5Hw9&BXJ~Xd1a4_=WjO_7V
RB`3UIuJ$WMOk?UjboZ0b*hSV`BkiWC3Mm0cK_aXJ-LuXaQ+y0cvUiYij{)YyoX;
0d8&qZ*Ku`Z~<{~0djHyb8`W7bOCjB0d{r)cXt7Jcma8N0eX4_PGN0j1pxpE0>K2
#MqVsrZe&e(V->r|?y|b&t*2isXxNhAA_oAshzo2`4U{HCV*7Ex=yZ4kc9pbbVOY
8BQJvP*estVa^8o+=0000004M+e0000000~fXWn*b`X>V==6ANi>WNCJ3b7^91Wd
H<ZWn*ap1!HAybZG(wZE0+5X#)vlWn*bgX>4q11PWtiZggo)X>4q11qE$sV{&f>3
1nqsX-#Qka&HF;V`Xl1X-#Qka&HI(Zeeb32?%6mV`)xdZf^<+V`Xl1X-;8oZwmx)
X=85;2xMhrX;5inZw(1!Wo~q7P-$at4h3dqZFFxB31nqsX+~vjbZ-y}V`Xl1X+~v
jbZ-#^VRUqF5)V*vZ*OK#W>RHyWpZ|9a|Qwgb#!=d0`+VYVk7oBr%DNv+($;q`HH
K!gIHa)*%m(-e#9sm3g~J;&0Hn<z2b!bX{8Y|r$H+rRlN>Y62ZUYgq2{$1_f|(Z*
OJ*2mk;;0000000000|Nj60000005mISmVRB??VQxcjZgg^CV{`=p00;m9000000
0000|Nj600000022^QdYh`i;0RRXB!34}kUMys8WKDQu6}!mpvbyE1r(Y~+*plEP
2LQK-U=_gU2V|-Aisv2FNXqmBTmS3ZV(<42$azAB_>m7m0RR91000002mk;80000
0

-----END STRICT TYPE LIB-----

