-----BEGIN STRICT TYPE LIB-----
Id: urn:ubideco:stl:K4PwUS8f7zqaDaKNVF1Cr23grxJwjoZrZZ6sYbrXRL3#market-senior-product
Name: RGBStd
Dependency: py61NAh7V4xHa7if2mF88KL3Z11rUruBNQEAsEqaf2Q#stock-sonata-carlo
Dependency: 5teCJyjMWaxbQK8vdga2soWh2U7waERS3ev8KHShJcgv#trumpet-scratch-pelican
Dependency: 7EpM1uymEteG4g4xmF5ntKYX1wXXpbQj5iLiDreH4jWa#protein-donald-cool
Dependency: 9pKFs7Gw7gwerYGVcPCDqiCv5fa165qC6PvFxiotJjaG#rebel-herbert-tourist
Dependency: DVtm25LRKU4TjbyZmVxPhvCmctZ6vKkPKqfpU2QsDNUo#exodus-axiom-tommy
Dependency: DzTvt9gGhPUKD8Dkkjk9PDBhkJ4gtWxXWQjxnmUYLNrs#voyage-kimono-disco
Dependency: HX2UBak8vPsTokug1DGMDvTpzns3xUdwZ7QJdyt4qBA9#speed-atlanta-trilogy
Checksum-SHA256: 2ef5fda09ed65fa0350315e021eb7ab08fe2455591943073149869f4107b54d2

22w{tQ*>kp3`w^O>0@0yW@{33F`3$KoDvI9=Al@<?NP9I>K`2O15!sqNU3b>%M}y
z;kwbCmqWQ?a(0yP=wbe0q{)>8+xQm03sZD*X=8L$d2nTOT(C5e*2&|@7ZL8K8p|
GAt|gDDdvc%!k2x;ddcL`H3`1{iZE18?WpZg|d4l|Jm0wKdX15oFQo;tORnQe30E
oyhqL?3u+Bn$C$p%7DLvM0rxw8kLTBlY?hC@Pbx)uvRkBn&f=uiF4Ermb|dF>Bi1
wm|eR!zYK%tl@;WNu_lcw-g2$nLVb<*lb*ENIx0;35YAw}=B%bY%5x6JjIwIj2eq
liWu}$@z+_xPw?-wb>Rw7=FYk8VUzOX>?<6X>JDvL2PwaO#%RI@1Z8)ymjIKNK5;
L!8FkfGTe+FK;UUh9M-4n+}vRYOle|MX>?_$FjWFA`CQ2GiK9iLKbGE6DZmrA4)G
`0A&^0p`%?-9Ole|CWClV|LvM0r4*&st2VDR_OBR)w8yCZ2EylR&t_^>1Sz?kFbz
0>alMxYAVQ_L~bWU$%Wl&*qbZ%vG1JyK;>qK>mX$cszrKCL=@F5H{a;)B(Tlt4ro
g*WC5Jh-!Y-wX@bW>$vY*ct@WDm9<m_HirtB!lh<{Yi-S-!KI0_27BH<@sVme~^s
3=33YaB^jIP;zf?W)s9yQf4Q+L?w(nXY|a%e*XOAC%4aD5B-6UFMfO2d=FG%aB^j
IP+@dvP;zf?W-hl7CAn^87TS9h9ibhaZ&^Bcn*B*;w|~I;-PD|t>jq6_bZBp6I6q
=8aZ}RBA(1@GcO9QSWZ!o3C{<Z4_(nsN7ENsh5maGta%FT<X=iA3LULhlV`xSvs4
h^n+Zt?u@<&aTIfpUd`<+;gOgf;C*Zs6&x77|pY-w&}Q)OXnRCrKyaz{?jT+rxDK
6vW;JU&?LxLM72H?wDC1Zo}=N}D)4mkLjCa%FT-a&K>DXc_Cg)w39@m$R6qOEzWQ
+NTC@=;<Wq17N9?v%LmR3R7ica%FT=WnpZ0zWXB*-8}V#oKocDsK4oy7fr@-{rf5
w&nj5d3s>D6L2hGcZ*om#a%*g5P;zf?W>0W(Wpq$-Z*OLQ^Sdrc0)vtr8NI_y=Rt
>&c#xvzLw|phByY^(xb%P=L2hGcZ*om#a%*g5LTqniYgA!ya%FT-a&K>Ds_h*B52
xkgF<&7IuSK>`LwJcVYhKyAqBwo9%~?|r96@elXm4^&WpZn5Wl(Z&Z)Q|saB^jIP
;zf?X0XO_u7-Qt<6xS@-s>{OM>iY*&c?b?aZznm(1lyi>kUF|X>MdwWnpYocxhy@
<v2MM3OK&-ZyL|O9AKqy;o<ascnBzYztQ^B5Fy<KRCrKya@EIXak*^G2B1wX7Gg~
*_#4g#%GhKN0g^~<;$^=bP8&gPV`y)3O=WUxY-K`hZ)0muaB^jIP;zf?W(PuPbYp
L6ZWI6k8Eu6r$oASqO%+a!oQ%Dm4~>ZeT05|jA;vvYupWm6Q)O{ZZweWZ*HiKem1
Z9kJM|+<C6E3~$lVDiq#NV}y^f+rssvPcNp2zIK10Q-T=FR=Q=>S+XYD&<oK4xzy
{V5hX&1W5Lv;jJZ*_DftM$1O6c@UqIn-Z!6?La^OW}HT7+ugYHG0&^E$M~}Q)6;z
aCAa>bY*ifyRPVjiFd`Y2QhLn&64&owka*miGSR>-o?7a>3`V^RAF#VZ)9aiVRL9
T+8q@+Aa1+e+@!-jhcW8%o2S}z-#y5JARJB>wYeM!OmAarRB3HxICTWEOMDJSZAY
FLM|~u8B!Bn=Wb8dls`ok|_d#@P2~%ljQ)6;zaCBd+*=^-NPQ?`2v5jYd+6t@dEh
Y>7H!Y*UdZb-BpG^u(WnpGhV{&P5bdWn_aCwA}8zxgK<j%&XiA11NSh(<k%O<nC_
${70^959RPjz&c_16YMt|~K<B|E529nQp)<G()Baj}PUhBZ#ih=OYbQ(<&-omG>p
y7|rEn>a@Jg9&ldILR+=b-aAzAVr?5I2ooM2UlryZe??Gqk=;7%h%D+p%U7S;b1R
T)c9`>#Kd;Rz-U=aO9W+B1XOrwWT<?`d1PnhSJy=4$znR-49k_-8VxT4-*mur5>L
Lzo&{8RR%LRjg@kugo@o29zwXDHA;ech!BqJAy+4@X(~&*rw>NkSNp5sya&BR4P;
0g`38@&rwvr8Q$XKK#ha*N>X+Ls92fzOv*E(~7PRR#MWnpGkWpcj!9{gsd8U18ZY
C02#K<DugEepQ?I>AOx^Y=h@bX*KmV{&P5bWn9-Yh`)Fa%+!|DA9Vsm&hHC4WXN2
M4aZ(WL^Hp>3BS~hw-BaLV0v$Q*?60dm);?_c?BIMu4qFRxf<)p=@qHCf(fs{C;c
$=G;UARCwrWK+Rkw`Mu(V|7oQWGN(Z+AyvH&RuaL#<Ajx9#RdpZb#!oVX>N4<qNg
gpk^aqssIi!kV<N&%cB-m1@+8r71!JHXE{ItNSWj+jc~EN%LvL+uX>?X)a%pCH2>
>vae&!uvG+Da^2;||fJ!&Dp*8BS%F@mRg<wbPhR<R0Da&L5RV{dFpWHmRbQ5DGQh
1^p2tAX-yWl;qtQ<OqiuZa`rd(@k;(+5pub8}&5WjLNgh9?yTI7S;;e;>sZfv!yd
427@;7veO2zMB=|GYU;*a%*g5NMUnmT+QYFd;Umr-dgNEFCuu*?Wk)@WS(Jw`th(
K{eY_63r%HmYiwmgY;R+0h0#5^R?l+2>x*OcO&#*^E;5@PQ20HKbE5LJk_Il(3r%
HmYiwmua&K>DllNeFa6}P}rq7L!(40)FbL%msz%JU8hqvFyoea2o4pL=vWpZ|9WI
}m#WpgphxGg*8X!CPrawgw_sqk4BX8}k^^xj-FXm+)yumJ%MQe|^xa&~28LV0v$b
28Yqxt8-)z}-IneIMOkG~3NFhnExe0MKl@b~cOE&{qgla%E*sZ)9cf>JtwI*nu%&
Q~z;Vl^%5wS6(#;{6ajG64wDPk{-(rQe|^xa&~28LV0v$b2I}|M?zKr1ACLTJsO2
B2U!6ncg?mz@CdC==Kxq?gSEg)z2E{|2tsvkWNc+gWCe5J$xzO!^w7hb16`x)q0r
kjWP;FH9)y-8%N3?sW)VSib7^O8ZDnqBS7~%^Wpi@|Cc3beJ2)mw;Q#B6Bx82BW0
Y?Of+v5xQ>l5Q8t$<aL2hGcZ*o&*bWLS)YiwmgY;R+02egEhq;JX*6>IA>9E^!~{
d-M)UE&Ds<uT^M<8yzD2}f*iVqt7ga%2v_xa~M%Zlr^{H1ibsRCVcA*+(@K+$R_o
JY%-uiLnY-X>@L7b8}E{a}}9qWXrXyKnGOwA#t$mH2bG7pQ)aE=^FQF!@KkQhzLn
;aCLM|VQ?8lL_yb)N?~LW;<=;2Rt!{5uU^s5+a+mJz|^@_ktG>Vb#!obbU|}-X=i
S2Wo~p<Z)s#xbYXO58Y8pCK(iubCI|gtsOoPzSq}wn_|y(^b~9sSC$p}%2}O8xWo
~n6Z*CrG#`9kAu~Cv?XMnWhf1BKD?}WlCF3|i9TUZncRqF>wWo~72X>%l3QrKmH@
SMtOBR5nML?B>%qbz^!%<&Wu0B;HjDvS(4Y;;Uvd1Z1jQ)P4}&o7AOb4sXDcZFEb
h@7%()~G3UWM(~vzSM#vX6T6uRB~Z%b7^#GZ*D5`MM2gb*yIgxLg7xQ_Wp*<{#EX
TnHMp{o_cMFjX)Sdb8~5DZf#|5baO&%X>MdwWnpYocxhxVvZekPz%WEGnBZKS8(M
7E9_@AwVcyGtCevi|7U8=IR&Qx!Q*>c;Wip;tQ3m-<6)UHjqig^*m4co5us7ukl*
0UQzs7w8g$YDqbYW9;VRU6QQV*^ZmKt8YDf|&5KZQ>65I6*X)C9iYp+?yjr7~y^R
B~Z%b7^#GZ*Ek1aAh{ZG@<&SffJ|QFn~N>u=2wF+7z(Wqt=tdZk`V^s(A}fV`Fu4
a%FB~Wpg;n6ySv-$KyGIMwGI{nOJpGrs&EH4&msPiMok*8}kcObYXO5Q)6glZDBb
l^WREqS2tt~EBII@xVqZNcP`ond^UU-JbUWd$~GNAb8~5DZdPw;WK(oubY((pX>M
dwWnpYocu;h5LNH;4h{)8d6ed8&{mB<B&Cvf4{|%FX07QI<n%&HK2~A~WX<<}(aA
ie`$iGJ;Y*R+dH91!T;Ia*c#^`WO!u^!_Zzvi)RR0iEa$#<BX>@6CZbEf#WNc+d?
dHP>9R0ZFSEMRj;Km4qfBYZ5UUs>0bg9bqiCNAIR$**qZew{=d2nS&y&7&8`-VFf
e10WfHD}v`L+>hHy6d9F3e5?wo>3YSP-SFga&u*FLvL+uX>@I6Zgfg$dIyj=yj0m
~TwL<BwUU8U${W>F91B-Lz;+I~gZmLfZ*F5{VQgh&Ms;pyX<}?;O<M!73ee$%%cX
xzW&s3kLV3B}%Q!jNox5$B>CMj_98Yz0aCLM+b8~5DZf#|5bW&w@WnpY(WJF<fVN
NB`pVDshr&GRQFy*M>h4yMm@yy5!CspS(8jyPH;|x<{Xk~3-Q)6glZDCgESaNdD2
uBZZ^){0PDrWHiJhF;R`XnM4fD?zDpt}!4Z*FvQVPkYiX>)XMa(P!y1Dlv2Ggcwh
yoKA15f!oiUqrEIR!#9W1W`<`8<7b?ZewU~a#Lk=SQ3>DAd9q3vF!EgI>niq&gF@
?Xwk09NOmoW?4BAt4OeM&Ze??GL2hGcZ*p3Xa|tC)BU>oS@xONigke(HCtahRyiR
Hf-T<F=(&-;Tb8~5DZc=4-WnpY(WJF<fVM1(aZe&wsVQf@*X=GaNE|f2p(_k}cRI
2`s;OzJvOQ)7*cPm|)KXo;shkgcAV`yb<VO+zM%i%jnwpf!;yMzFds@7-)-{vcW(
9dbApkP1WQUz3baAk93bsj>g6`?#s5rWnKhSeO?L~x^!;Y#eFP|P}0Z%Ez^MR;^&
ZgXjGZd7@2WoEROgpb5|Ibh#3lIwO7kh2b~5Yat1R4r0u5eSq}aSug!bY*UHX>V>
*V`yb<VQ5n{APn47#!YtOwl1n>FWNfUk-rA3DGt2Q_Id+K%nnjzc4c8~Wn@8gbYW
v?ZA8ZOFKPukLlqCE=E5w*=z8TWl=ueJ45i$M_H~V*5K?7!WnpY(WJYyvXK7+=Wp
E8;5VC@SZy&ck<q~6)16K&8QemwE;MBfa#m}ee2@OMUZewL(Y-MCbVRT`D_3x-QS
VkkiHn)wTQ=jD3leC;d)A>d7ius)Glx8aoM{I9mVQf}mY;|RGfgb0V4v@cHO73Hj
lbgFm42mCs2<+~e+;O=m63^mMAVG6;X=iRyWp-s@Y-MCbVRT_aY-w&}Q)OXnRCrK
ya)JyEuWS7@0e2{<zEW_QdEe5JsXBX^LWi`MzoDn8+Y?wrXklq?LTqVnWK(5fY*c
t@WQ1`IlPpg3!?y@aX^XIja4CK{WF&t@k=WXUZP9(YI0!*>bYWv?No0k%_$#~gq^
1qCzduE|50q|rgTt*-ZIkqGqXDRHN7@cTY-w&}X>MmmVPkY}a)<unWmt%8=p4R=g
tK{LClh6Z#kObxUW*hKHnBv9xeh^db7^O8ZDnqBRC#b^iECIT&Bl;lSX#$ms8AQN
7m&qY<e5Qw(E}jxBS#zY3RpvEVQFqucxhyhyTa&4noi_R;$3lnz4{Zl)X|Z&ZIQt
MA_g1big7g*SVL%GX>LMnX>MdwWnpYocu;h5lMuXsu{2tXFT+?;?hj39&>gq>HOr
f1lB-q;n)I5N1y68qb##-!lw1;)SBG%dXmxGxLL8mnw6u)Qc}1I}@VaR|$Sxc~b8
~5DZdPw;WK(oubY((pX>MdwWnpYocxhymQq$W5tE;F{pQrXd&=l*`O?@#x{Qdy?T
_k!`1dtF2Q)6glZDC1dmB{9L9(7`0)Rt93YLV-HLXe?vTA1;^Q1`ZqBog<<1W#~D
WSq$zGKko7{HHTs0a-Sb3*2e*gQ7wrpk*2XXa1TTng&y2a%pgMp9m~TI>-W|y2ah
x3nF|Vuawki#7NH?S|Q-Q!u2{b3PW#hbaG*1bV+2O0zdO*dUpyI8%sl0vW;OZAXH
%ada&2ptlsI;%gD7EL349yXKrm}Zgg`(Y-w&}Q)OXnRCrKya-!0L1KGjKL;n+-tO
ZHsZ4l|5$r%8I8frlHV#NU|*#=2-b9H5MqWbEda9o^`%-h{Y?T>Kfj`b9SKFB^?W
VLEr!&9xW2|;XiQ)6;zaCD|M&?l3AY|w75*S~$Vs`o%nCW5yL;(W&@n*(t0buJlH
d2nT9L349yXKr&sY-w&}Q)OXnRCsA*ri?I=M@z~&!eWfal|+p!-KxbDp9M3OtM)u
qVFwo`4MuftXK7+=Wm9xvbY-ccdRLRko603iZGCpt_aPM;f<qRwaPp@14+5S%nSc
gKZg6#UbE`uC3dE3VMG*K@Uj`&9O$m&URampr+czw5j9K7JLk&k|Ze??6b5mnzWo
==yQi5dY$jCv5BhH53k)N}+e<cdL#l0fj1D<4yuJKM9RC#b^WI=OtX=iS8LTqVnW
K(5fY*ctqbaJ*KJk9fP#|ywGLK^{F=|3)|x2RkdW@X()F|bIKQc4I|Lug@XZd7=-
T9OwrXYMoH19u?fDdBZW6z3S&a&ziLbG4&=Ys$?XPjz%~b#y^<b7^O8ZDnqBQe}2
!VQgh&R$**)WxdC5c*;HH-+nx*l=M-QoGleKhk#vs%IKt8i%IbTe-Ko1VQzD2bZK
vHQ)6glZDGNgwFIPNm9p@0Q=N4quj=`j_>&t6$4Wi|KW;46+RYwMb#!obbU|}-X=
iS2Wo~p*Wp-s@Y-MCYbaY{3Xu=-s+yK+Q;_HtBn{qn)u@JyEm+8*~Xc?3hrUVCR$
_iI$bZ%vHb5C+)$C#$rV>Wn19@<fEEIy0B4ydq7fWfyNx#@D|KXK+H5l3uqVqt7k
bYXO5Q)6glZDGi3f_n>Eea4XlBy!~<Cy&t2#Tr*=pi4ihF+dwUej^D%Y;;Uvd1Z1
j$uhdvc+RC8yfbLXKIL9fGV(|#+^)l}I<;cCv=JpFAwhF<X=iRyWp-s@Y-MCYbaY
{3XhLjhZe&wsVQf@*X=KTdnyJGEOB((CXB(HiD*XOTXpbLr$Svz}Z|7;7BCiNRb8
}^MRAFb)XBWLg67cp3gzo-sO&$va11I@T$h!rSEX2t%Czh%fSVL%GX>LV$aBOK~X
>?O%VQf@*X=K%nUkD7Ff~JZGMgrhZ&rP2gYrktY!x$bpv=qCl=HdlOZg6#U)$WoG
Nr<y)@oH1i2TJ?3BlyQsaUT0NJyux-;p7#|4@YcoVqt7kbYXO5RC#b^+M7`mSQb`
xkca!3<yMq(Hh|YT3<jahB$zA(WcSR~14d?c+QsP|$n5^XCU3r<JGcUpju&4z&y#
PsKs)!P9S~wwAwhF<X=iRyWp-s@Y-MCtVQh6}LTqVnWK(5fY*ctqbaLAF(Kq+xdu
En&aQshxM`ZB!HPV^%o}cFn(dBSHa}NtgY;R&=Y*Tb$bY<I$S{i~B5OpZ>_>4e9Y
Q#rfba;u!+d5tm#=h2RwFD4YLug@XZc}Ara%FT=WnpaHg2RO&x<#e~nNqkL0elon
Bu;HBU4ux85TwZsP_-KxSVL%GX>LJoV`y)3Q)P5bWpZn5WkPIkV{6@oW&m$tWDyk
Zj`7#3_zANbB(SO{shhGe=&H{tM@<P<VQgh?V`*h`-j#(V2%(ocLO7|;Nv__%>q*
nHzp%O_gxL;Ro0E2(B0+O=X=iRyWp-s@Y-MCYbaY{3XhLjhZe&wsVQf@*P;_$N&#
961hviK~w*eJg04e;HYn$=SsX>loIF_owDud_<Qe|XiWo>0-;b~{_$H8YPU!!A-5
yM58(94FP(7*JmC%?~bN>dRB2u)>lVPs)+VdG=HA0T33ADWSZ3vdPZa|h%Bs4u_0
RybLG_h)o@9S%WmV`y)3Wn@BiZe(m_?t8o+`-uphG|cdBR?oL=+M>y2b9zMWEakN
Xv#+m-5?DiMVQFquWpZt4ZeeUwWnpaf=VS|@#a~>A4<=3rUs~wj;v~#Ci0aE@g3t
kR^j{_qSVL%GX>LJoV`y)3Q)P7d^sESGu0eNZ)cp(*eFU-DRQ(QTUJ^TE1nY56>E
%WYMs;pyX<}?;RC#b^{4_<~U(XE-|Ev|Hdb$N7;9H9;8!%;3hl7uME$faw4?}NmV
`X7%Wn@8gbYWv?|7c^tcv66A`G>fI<D8=tEIK}$!7qz&?F1iH@ntYy3{quwWnpY(
WJF<fVgJ%c=7&`Kq#Oqj05T(3bv<N6q^l&d3LB)t`g=~H!XQC&b7^O8Qe}2!VQgh
&R$**)WkPIeZe&wsVQf@*X=DRabYuho6iu$kGUmiLl6xgyxtl_YhuIBKsLaq!auK
z+ykBO{1wnITX=!1GBGG%U@MZ$v=XJ?|;InIPy66cFfOYp#JM2r7_DuvrZ*Od7Sa
8^mT+s=T=}Z?`J=~w8Q=GLzSfImTncuED0}GM@RW)*sriz!|bRhOBS!u9Khb9ESM
b_Uqm7IPi=cgo)<gE@tY;b5{PIYZeZ)9O}XbV$xa%p39RC#b^a}xj!6eDHwq_4&s
Q*G2|RdQx4uyUi256O!FW{TJ`fa0(SRC#b^PGN0j8@MKds4Qox1aZrFE4y7*ULZB
s5#D^d79$MgV>sWD3szxrX<=@3PGN0jBxBmYd`j`^ks$BCfWpU#p;waB@%y7JSeP
TR4{0I#2~curZE19Ac4b4e<!x}b^p>KzFwpifU>+kL+OPUE)K_!kK4Mr@gozMVVR
C6<Zgfd*W^YqvZAoNgjMNXXYlf+hXQ9AJ%?72#_KJ5v@E-96<bGHZhy70yRc>x!Z
DnLeX=Q9=b5mt)Nn~a_Hy^=RazA{q4mp$>6&gjh6mW-8UF9q5R4M#zVZjhiVQpn(
MrmbiWOGwxZAoNjR*)DI9k(f(pV)&)mz!uTslgsaqN#1;VGFe2#7}?<MrmbiWK(5
rNn~pTqZFQ|l>ioJpYH;+t0eX2w~A!Q+0eaZ{MVycPK^aqWo=1heReWQ^$)wLRjV
X&@^5L6#o!4Vg6R|#+oDj`CuGOy1xaLOZghduEF{;%=rY;EV*SYUkC2@|hbX)<PE
F)Yq2Y;}83qPZX?kgHXOa@S@`6e0ceelT66wCI*D1Vni5Iw@M-{V=1D8@Pe+)%#b
!}E*a%o|1baSMz9f{J}BMRXM6uLb6QJd!r4rMT?gybhb+7)1`v1STXd2nS@d2@7S
ZKxFND6s8S?e4Bod8Fs%pFp$uRTdC#o53z}8oz#490^8gWo%?lVQpo>(!!T*!6Cp
SAZ@ZpjiDMu$$f>uzFMDM-ztyUwM{z*RC!ZnZAoOrp^%2p`Y^ZFUEFF14acY7qDf
33oEm}demSXL$A1zBOJ#XebY*bN*VP7EGy*S=nP^gIFHh@#z{+#L^D9E+qxG=WVR
;M(R$+2!VQzHVnwqL9_3Tn6j|)=^4vRGW#I5ABd#i2%y$wVSVQC-)P+@dv+ezD&4
n+e&OtWi=!lh=B`!^s3PkSNb9F)Nx?_jo81XFZnaPUqnl)he^EQH3x+@dOq%{j@)
U=mqn3aL}btzwMTkP=mHX>V>;VRC6<Zgg`~Wo=1hC;$sVb8~5DZb@cgV`T;e3U7C
AWn@!yVRU5y-Vzs+-~y(u)KQ?3g=q&>T!Ej;9TxQjc0+10Fg2)p25@y^Y-wWx!34
}kUMys8WKDQu6}!mpvbyE1r(Y~+*plEP2LQK-VTK~nd#><i0^jF#$$;RqYi_#e2@
QaC_fb3SOOy6Z2y$g{b!l>CWCFni%tl@;WNu_lcw-g2$nLVb<*lb*ENIx0;35YAw
}@eeBGG%U@MZ$v=XJ?|;InIPy66cFfOYp#JM2r7_Du+Fb!>ELaBO7)!34}kUMys8
WKDQu6}!mpvbyE1r(Y~+*plEP2LQK-VTK~nd#><i0^jF#$$;RqYi_#e2@QaC_fb3
SOOy6Z1Vd$VbOr(jb7^O8WpV+=G|b~=U7UfJ4irm->Afqc{r20Xt>n}^(6@;!@_=
#)b7^O8VRUtJWdH~O06+i$000000093000000000m}Z*FsGXKrm}Zggg0Y;$D>3<
q{)a&u{KZUL0udMBFPphtYI-F&^N4}d^ASP8u?rT@NNjjT_8sJ94oa$#<BW@T~$!
34}kUMys8WKDQu6}!mpvbyE1r(Y~+*plEP2LQK-VTK~nd#><i0^jF#$$;RqYi_#e
2@QaC_fb3SOOy6Z31M?{Wpq?wXLA4w0t`vF3+ZEBJZ5VWbTOIQZk!SePv)Umz3ox
3cj_M;@rVB6Wmt%8=p4R=gtK{LClh6Z#kObxUW*hKHnBv9xdIGHw+rcGT|8!M5_B
<{+HRZ@3s2^uSiS90uy^Vo9P!DInyJGEOB((CXB(HiD*XOTXpbLr$Svz}Z|7;7BC
h}d000000093000000000SeWpZt4ZeeV5015&ONw*8>V_iIEYZ7!Znc8lg5(`h}p
;*1`QLuOF9~|)mdy}<28ig(gSpg+?&9*`C2(3=%09avzwZKZf-~wC$h0?v-AoToZ
aEOX&JGP6(KpxCH8}Lxy;oz?oA=%GK0000000000|Nj60000002WMq&WpinB0t`v
F3+ZEBJZ5VWbTOIQZk!SePv)Umz3ox3cj_M;@g8Z$^Iq_=QIcV2fVAU(o7`&egu*
H=(EJTsSQH6W>jz?WZe(m_a{vhf3`w^O>0@0yW@{33F`3$KoDvI9=Al@<?NP9I>K
`2O<72%aAYx%3nvsGFa0T~s2jl^$FTcH3I9Yx7XLNZT0000000000|NsC0000003
T1e7Wo~n6Z*Fq{2?7jBw+rcGT|8!M5_B<{+HRZ@3s2^uSiS90uy^Vo9Pt_>v&BHO
B4j29{b8u;Z#r2I1#bA%4sv!gV`L|@uD1XH0000000960|Nj60000JaV`yb<VFC<
Ew+rcGT|8!M5_B<{+HRZ@3s2^uSiS90uy^Vo9Pv&i(4W$7^rut4U@+yV;f3~UN%7
3c3@26RG#Ze4>*EG#W?^Gxa{vkfJIcU;0|?<Ot6L#xhlJy{bEQ|<<p3>p#+${pKV
qYC0nN-(%$ost7Zq>i+xeGpM<RBh<!n*RY<DGOA`ZL3LjV8(000000RI30000000
1I<<aBys8ZDnqBa{vhe!7Vc3w5*%8ouvjY6O_7-YK;<ya@<M_jSB>s2`6-~00000
00000{{R30000003t@D0VPj}*Wo~qH015&ONw*8>V_iIEYZ7!Znc8lg5(`h}p;*1
`QLuOF9~|+7aSf9!PV~dK2uo>;u!nFdemP_$e?^hl+JkM;eY!XR2mk;;00000000
00|Ns90000000000000000|Nj60000003Ug^^ZeetFa%FP>3IXEO6;Kh;hPv9L38
+j;K}xwT<$*JN%D`Il^nAqV=^+6@>iT4fCC@R*DMx@D%h#soWN50gvN+?s-fJT5C
4Vmf0000000030000000000FLvL<#X=iS2Wo~qIa&=_}3<q{)a&u{KZUL0udMBFP
phtYI-F&^N4}d^ASP8u?rT@NNjjT_8sJ94oa$#<BW@T~$!34}kUMys8WKDQu6}!m
pvbyE1r(Y~+*plEP2LQK-VTK~nd#><i0^jF#$$;RqYi_#e2@QaC_fb3SOOy6Z31M
?{Wpq?wXLA4w0t`vF3+ZEBJZ5VWbTOIQZk!SePv)Umz3ox3cj_M;@rVB6Wmt%8=p
4R=gtK{LClh6Z#kObxUW*hKHnBv9xdIGHw+rcGT|8!M5_B<{+HRZ@3s2^uSiS90u
y^Vo9P!DInyJGEOB((CXB(HiD*XOTXpbLr$Svz}Z|7;7BCh}d000000093000000
000SeWpZt4ZeeV5015&ONw*8>V_iIEYZ7!Znc8lg5(`h}p;*1`QLuOF9~|)mdy}<
28ig(gSpg+?&9*`C2(3=%09avzwZKZf-~wC$h0?v-AoToZaEOX&JGP6(KpxCH8}L
xy;oz?oA=%GK0000000000|Nj60000002WMq&WpinB0t`vF3+ZEBJZ5VWbTOIQZk
!SePv)Umz3ox3cj_M;@g8Z$^Iq_=QIcV2fVAU(o7`&egu*H=(EJTsSQH6W>jz?WZ
e(m_a{vhf3`w^O>0@0yW@{33F`3$KoDvI9=Al@<?NP9I>K`2O<72%aAYx%3nvsGF
a0T~s2jl^$FTcH3I9Yx7XLNZT0000000000|NsC0000003T1e7Wo~n6Z*Fq{2?7j
Bw+rcGT|8!M5_B<{+HRZ@3s2^uSiS90uy^Vo9Pt_>v&BHOB4j29{b8u;Z#r2I1#b
A%4sv!gV`L|@uD1XH0000000960|Nj60000JaV`yb<VFC<Ew+rcGT|8!M5_B<{+H
RZ@3s2^uSiS90uy^Vo9Pv&i(4W$7^rut4U@+yV;f3~UN%73c3@26RG#Ze4>*EG#W
?^Gxa{vkfJIcU;0|?<Ot6L#xhlJy{bEQ|<<p3>p#+${pKVqYC0nN-(%$ost7Zq>i
+xeGpM<RBh<!n*RY<DGOA`ZL3LjV8(000000RI300000001I<<aBys8ZDnqBa{vh
e!7Vc3w5*%8ouvjY6O_7-YK;<ya@<M_jSB>s2`6-~0000000000{{R30000003t@
D0VPj}*Wo~qH015&ONw*8>V_iIEYZ7!Znc8lg5(`h}p;*1`QLuOF9~|+7aSf9!PV
~dK2uo>;u!nFdemP_$e?^hl+JkM;eY!XR2mk;;0000000000|Ns9000000000000
0000|Nj60000003Ug^^ZeetFa%FP>3IXEO6;Kh;hPv9L38+j;K}xwT<$*JN%D`Il
^nAqV=^+6@>iT4fCC@R*DMx@D%h#soWN50gvN+?s-fJT5C4Vmf00000000300000
00000CLvL<$VQFq<a#m$>0|5edG6D%hZ*FvDZgfdx1O)&Fb7N>_ZD9Zf0Rjw3w+r
cGT|8!M5_B<{+HRZ@3s2^uSiS90uy^Vo9PyM=)7t~9tEf?*r}jS36zkMYeK9}${s
8)2BzjZ?kPra}XJu|>b7^w`1pxvKNw*8>V_iIEYZ7!Znc8lg5(`h}p;*1`QLuOF9
~|+Y2rNlD$O59e#ogQsB77jPl+<X%NY5HtA>h5j^*S;F1!-nsV`TsZ0RcP8z<~n@
;VY|KA!vt$<F<39SJ>qMEp^75#kD_Tqj3WXX=Y(#Wl3#tYybrT0anNlc)Z3!7CPH
T_+Dq|&?jn_(4)LjFAF^$MA+G=`ve7Zb#QQO00jX7XEKMt2yp8annvOGPI~_sbHU
;fx2Gv#gJM&>FkgU`3qx;ibY*UIQ)y>&1pxpF0U4*5`UypwubFv$g*Ow$20x<J*9
*HXSPj0UAoa2N&;bAd00000015yA0000001ZQLZgg^CV{}PwWMy~;0t|3<Vr*$+P
jGK_baMa+0t`vF3+ZEBJZ5VWbTOIQZk!SePv)Umz3ox3cj_M;@skj|fUz`Mi!Z}i
Qtl5;XwV(E`Zdd&WRj~^37YhpmjD0&000000RR900000001j_;bZ~EJZgfv@Z*_E
Y015&ONw*8>V_iIEYZ7!Znc8lg5(`h}p;*1`QLuOF9~|+~XBWLg67cp3gzo-sO&$
va11I@T$h!rSEX2t%Czh%J2?7jBw+rcGT|8!M5_B<{+HRZ@3s2^uSiS90uy^Vo9P
yJ7ynwMZT8l5kSW@l}O=!>^xB4~9n`Dx!RtcK)nwJ0o0000000960{{R30000000
000000960{{R30000d`Z*FvQVPkYtb#QQO1_laaZ*FvQVPkYjWC9FHw+rcGT|8!M
5_B<{+HRZ@3s2^uSiS90uy^Vo9PytBEJ-@Z0;0Ob-P{Wzd?2rs)M&&=&l*}G;Jw2
2Ix+@yX=7_;ash^drrgpIbK*hY1R0$Wm8#)1@ooF7D+3=H&lHSNG6x84Wn^h#OKE
ff2mk>90000000030000000000BXKZg`VQf=$VRU5x3IYsCw+rcGT|8!M5_B<{+H
RZ@3s2^uSiS90uy^Vo9Px+#;$>KfZ0H=mhJ>?uV<!`3gT=OJ0bYv~7B;a&hq(c}g
Or{8aNtB#5l6N<T_*%=;y~OjQCNFPMDA$Q7oo@i0000000030000000000AZ+C8G
WK(oubY%bv0t`vF3+ZEBJZ5VWbTOIQZk!SePv)Umz3ox3cj_M;@rVB6Wmt%8=p4R
=gtK{LClh6Z#kObxUW*hKHnBv9xdFR_l%4!=;6zjrN47d$Cj@NbK-?`+SbIrC?r7
5&p~wIL000000093000000000VQcywiMb7^mGa{vke00ICA002M$0000000030{{
R30000000000000030000000000EMR;^&ZgXjGZb@cgV`T;j2yJg<X=Z6<ask0Bl
F*z?!RJ8ekE|_;^uNCN@C0#v<<jiax-W%_LShJSaCB*JZeeT!!34}kUMys8WKDQu
6}!mpvbyE1r(Y~+*plEP2LQK-VTK~nd#><i0^jF#$$;RqYi_#e2@QaC_fb3SOOy6
Z2yJC_VPs)+VE_aI00eGtZe;)f009JZZ*64&1pxv`sch`a6%+H}y3w7NL%Cvdc9i
hwVg6yH$(01#_!hrw1fvw5rj-B|XP@r^w5ufb=C_Ju$l1`nW&GEpSWb-xXKZg`VQ
g~%3Ia%}Z0ySw6Z7G^(Vdq=xngp5l<??b{$Zral?2=P7Qd(z>?pA9RqgJsQF)~2<
)1*a`BfGWZkxd_avHyWRvZEhNw*8>V_iIEYZ7!Znc8lg5(`h}p;*1`QLuOF9~|*E
!8D=zpn(&o-7tVWUa<1Q{n`|;)uYyv!)~4rGOBq10000000030000000000BVRLh
7XKrm}Zgg`13Ia%}Z0ySw6Z7G^(Vdq=xngp5l<??b{$Zral?2=P7Qd(z>?pA9Rqg
JsQF)~2<)1*a`BfGWZkxd_avHyWRvZEhNw*8>V_iIEYZ7!Znc8lg5(`h}p;*1`QL
uOF9~|*E!8D=zpn(&o-7tVWUa<1Q{n`|;)uYyv!)~4rGOBq10000000030000000
0007a%E&?Wo>f+2?9u|Z0ySw6Z7G^(Vdq=xngp5l<??b{$Zral?2=P7Qd(z>?pA9
RqgJsQF)~2<)1*a`BfGWZkxd_avHyWRvZ8T000000093000000000SgVQgh?V`*h
`00{y}sch`a6%+H}y3w7NL%Cvdc9ihwVg6yH$(01#_!hsY6znLl?N#mWu2FfU=jE
S3v-wpP5N?~nE^->bepVa+00000000300000000006WpZ+Fa&rI)000310000000
030000000000HWMyVyb!>D&b8~5DZf#|5bN~bb00eGtZe;)f009JZZ*64&1pxv`s
ch`a6%+H}y3w7NL%Cvdc9ihwVg6yH$(01#_!hsY6znLl?N#mWu2FfU=jES3v-wpP
5N?~nE^->bepVa|M`dnhb7^x)W?^Gx1_lUiZ)9m^X=QQ&!7Gx`oJ_&zK<JOGEs6B
MzWDG2aed{|?9;k0g^EIA2yJC_VPs)+VE_aI00eGtZe;)f009JZZ*64&1pxv`sch
`a6%+H}y3w7NL%Cvdc9ihwVg6yH$(01#_!hrw1fvw5rj-B|XP@r^w5ufb=C_Ju$l
1`nW&GEpSWb-xXKZg`VQg~%3Ia%}Z0ySw6Z7G^(Vdq=xngp5l<??b{$Zral?2=P7
Qd(z>?pA9RqgJsQF)~2<)1*a`BfGWZkxd_avHyWRvZEhNw*8>V_iIEYZ7!Znc8lg
5(`h}p;*1`QLuOF9~|*E!8D=zpn(&o-7tVWUa<1Q{n`|;)uYyv!)~4rGOBq10000
000030000000000BVRLh7XKrm}Zgg`13Ia%}Z0ySw6Z7G^(Vdq=xngp5l<??b{$Z
ral?2=P7Qd(z>?pA9RqgJsQF)~2<)1*a`BfGWZkxd_avHyWRvZEhNw*8>V_iIEYZ
7!Znc8lg5(`h}p;*1`QLuOF9~|*E!8D=zpn(&o-7tVWUa<1Q{n`|;)uYyv!)~4rG
OBq100000000300000000009c42H~ZewX>a{vhfNU3b>%M}yz;kwbCmqWQ?a(0yP
=wbe0q{)>8+xQm0s1)odu<cdt?ygaJr03<IK(qN(77%Wm!7g$dzkXI6000000000
0{{R300000024!+`Z*p@02><{A0000000000{{R30000003rB2kVqt7aW?^Gx1_K
3iWo=1h00aU61a5C`WdHyG0R(ezZDjxj0Rl*=Z0ySw6Z7G^(Vdq=xngp5l<??b{$
Zral?2=P7Qbr*qZFQ|l>ioJpYH;+t0eX2w~A!Q+0eaZ{MVycPK^k1WpQ<Ba%E%!!
34}kUMys8WKDQu6}!mpvbyE1r(Y~+*plEP2LQK-VTK~nd#><i0^jF#$$;RqYi_#e
2@QaC_fb3SOOy6Z2yJz2bZKyGWdgwj%tl@;WNu_lcw-g2$nLVb<*lb*ENIx0;35Y
Aw}@eeBGG%U@MZ$v=XJ?|;InIPy66cFfOYp#JM2r7_DuyyZ((v|1_=mrV`yb<VRT
^t3IYsCw+rcGT|8!M5_B<{+HRZ@3s2^uSiS90uy^Vo9PyM=)7t~9tEf?*r}jS36z
kMYeK9}${s8)2BzjZ?kPrcZT|{dj!OAFI%222nyLjrO)PL-&)Ix_bq*z<0BY9Q;0
0000000300000000006X=Y(#Wpe-u0XxdTfddHPE2~=}XorO3wsWOd*yR8%b;g^;
wLfB`aRC$H;9&H$9m!$9{w6hXcY^TXEG9H4_KFH9!O?`&csBq500000009300000
0000MPWo~72Wpe-u0t`vF3+ZEBJZ5VWbTOIQZk!SePv)Umz3ox3cj_M;@t+7RNjk
^^qPoT1+zTRnAg`3vXv9d*8d@RXy~6c6G6D=qw+rcGT|8!M5_B<{+HRZ@3s2^uSi
S90uy^Vo9Pu7$#`9kAu~Cv?XMnWhf1BKD?}WlCF3|i9TUZncRqFr%00000009300
0000000GZb#QQO015&ONw*8>V_iIEYZ7!Znc8lg5(`h}p;*1`QLuOF9~|+Y2rNlD
$O59e#ogQsB77jPl+<X%NY5HtA>h5j^*S;D2?4<^GU2qWo3)*#1}+nnx{qp&5{Gi
!N(+q(1epmZbguva00000009300000000000000000093000000000SLb8}^MRAF
ax015&ONw*8>V_iIEYZ7!Znc8lg5(`h}p;*1`QLuOF9~|+Y2rNlD$O59e#ogQsB7
7jPl+<X%NY5HtA>h5j^*S;D3IYsCw+rcGT|8!M5_B<{+HRZ@3s2^uSiS90uy^Vo9
Px+#;$>KfZ0H=mhJ>?uV<!`3gT=OJ0bYv~7B;a&hq(d_Nw*8>V_iIEYZ7!Znc8lg
5(`h}p;*1`QLuOF9~|+?kD95&21^?K{bw7Oyej<uOlXfEbI2|0ac}2on<B3O0000
000030000000000000000000300000000007Vs&n0Y-Mu*3IYsCw+rcGT|8!M5_B
<{+HRZ@3s2^uSiS90uy^Vo9PtBtleIk>g)RqK0VQ|Mwn6X+txo3vSYd;;z)HQ~0$
c(NNw*8>V_iIEYZ7!Znc8lg5(`h}p;*1`QLuOF9~|*Tipal5BWzPf%QZPy0^qU@g
~sS`O~U<@`EMv1Jyiby0000000030|Ns900000AWq5RDZgXjGZgT(%0t`vF3+ZEB
JZ5VWbTOIQZk!SePv)Umz3ox3cj_M;@s-HtdLDIRU(}XWLTZugenOC;Z(5k~zEJn
JiX;;E#R3dTw+rcGT|8!M5_B<{+HRZ@3s2^uSiS90uy^Vo9Pt_>v&BHOB4j29{b8
u;Z#r2I1#bA%4sv!gV`L|@uD1XH0000000960|Nj60000MJZewU~a&rI*0t`vF3+
ZEBJZ5VWbTOIQZk!SePv)Umz3ox3cj_M;@ri3#CC$c=UszhlV5m?Ru@{iVU*wrVd
eH+Q@FPbX@d6A<w+rcGT|8!M5_B<{+HRZ@3s2^uSiS90uy^Vo9P!<P!-XNbMWzFp
Qn(udd=yF~PHih)gGh-Gq{$6XwHp8c0000000960|Nj60000DYX=if)3IXEO6;Kh
;hPv9L38+j;K}xwT<$*JN%D`Il^nAqV=^+6@>iT4fCC@R*DMx@D%h#soWN50gvN+
?s-fJT5C4Vmf0000000030{{R3000007Nn}%XX>?@+0|RhpZ~y~yb7%nrb8~3|2u
WmRZggpMc?JXoZeeX@00;m90000000000{{R30000001!ZkvX>0%p0>K2#MqVsrZ
e&e(V->r|?y|b&t*2isXxNhAA_oAsh!jn($TH@{H<EiLUb&k>iig<^P^iq%O>z;n
x4d6w&Hw-a000000RI300000000nb(X>?@)!QT8A%#@c7MVsb5dXM=c1jaJhwSo4
mW@YI)2}m-$0&r^p2mk;;0000000000{{R30000001xaRMV`T;m2X<w0b7^mG0Ze
p4W|2#K;wB)k0g*C`Fwq1F!!?eFe@CD1{Hz9}!vt<&ZDj&Tsch`a6%+H}y3w7NL%
Cvdc9ihwVg6yH$(01#_!hqn6eDHwq_4&sQ*G2|RdQx4uyUi256O!FW{TJ`fa0(SX
>Mp`a%psP00{v*%D{mG2;nQMTOnwNgyXhzrB~SH04;UKo5i(1Vxw^Y0000000030
000000000BXKZg`VQf=$VRU5x3Ia%}Z0ySw6Z7G^(Vdq=xngp5l<??b{$Zral?2=
P7Qd(z>?pA9RqgJsQF)~2<)1*a`BfGWZkxd_avHyWRvZD!2<DKV9JG{&>}`A;#FO
3ABStqEB2u*`(KJ8e4#|W70000000030000000000BVRLh7XKrm}Zgg`13Ia%}Z0
ySw6Z7G^(Vdq=xngp5l<??b{$Zral?2=P7Qd(z>?pA9RqgJsQF)~2<)1*a`BfGWZ
kxd_avHyWRvZCKsmO?_)Z;5^`KSD|ISj`UH_gGc8EgQVv6`Tqlln6N0000000030
0000000009c42H~ZewX>a{vkgNU3b>%M}yz;kwbCmqWQ?a(0yP=wbe0q{)>8+xQm
0s1)odu<cdt?ygaJr03<IK(qN(77%Wm!7g$dzkXI60X}Q-^^?(m0E0zBOZWn(@&j
fq2YNoZ;ZAl)>;YPDKL7v#000000RI300000000(DfZe??6a{&!nk;87vGs3-=7!
S^R<_Qm)l5PGWgU(>fD+5qq>2?cra$#<BX>@6CZgT(%0!XQB?8_As^WnPDotHzoV
sdtr@aSRwVWi2G1l#x)zo-=KD6s8S?e4Bod8Fs%pFp$uRTdC#o53z}8oz#490BTS
`h(mfvMtX~su4&94jX@}k;jgzzAh>3)O^EUvvU9d000000093000000000VQcywi
Mb7^mGa{vkgNU3b>%M}yz;kwbCmqWQ?a(0yP=wbe0q{)>8+xQm0s1)odu<cdt?yg
aJr03<IK(qN(77%Wm!7g$dzkXI60WC8xoOj8FfDr!Zb)z2m{@Qn;Y9s0<yMz{-TM
IAh&Hw-a000000RI300000001#wlW?^+~bWd<)a$$67Z*Bkt0ssVVZ*FA(00035b
8l^B00jX8NU3b>%M}yz;kwbCmqWQ?a(0yP=wbe0q{)>8+xQm0s1)odu<cdt?ygaJ
r03<IK(qN(77%Wm!7g$dzkXI624!+`Z*p@03Ia%}Z0ySw6Z7G^(Vdq=xngp5l<??
b{$Zral?2=P7Qf8b)dpHL0xyr5Xi{h|PwRic%5%W;D?;R>^{~}pc?<vu00961000
00009300000000000000000093000000000Gad2nTO0t`vF3+ZEBJZ5VWbTOIQZk
!SePv)Umz3ox3cj_M;@m#}{%i%jnwpf!;yMzFds@7-)-{vcW(9dbApkP1WQU^(9V
Pj=UWCZ~L2LJ#-AOHzTW?^GxNo{a!1_=jtWpZ<AZ*BohbV6p4OMBubAg=+DGK(<L
1PQ}6j)#9opYQyv2BX6Wb7N>_ZDC1d0t`vF3+ZEBJZ5VWbTOIQZk!SePv)Umz3ox
3cj_M;@sv{2+XJhss8OG%_CC-Q>(otsF+cqN0Qy}ddQ=3E5C>^yVPj=UWC1(Mz<~
n@;VY|KA!vt$<F<39SJ>qMEp^75#kD_Tqj3voY;R&=Y*Tb$bY%bu0dB8X@mOf);R
)xVAX~M1JxhrgbXxV2)#e+`ttko?Jpcdz000000RI300000001IJrb7^O8ZDnqBa
{vheyf0$U_C)!#UvK<t(~Y#Q%`wOyk=zuu*wJ#}u*VN60000000000{{R3000000
33g#@Wo~0>Wpe-t0WDW-LZ!+zcg(HiQWdjGU3LS)3|=Asr5jcf`eW*LRsaA10000
00RI300000001I?-VQzD2bZKvHa{vheMX*hQ(*~`?nVZwhg&gKTozj#Nh&yk?4Oj
0L=3rMi0000000000{{R30000003T1e7Wo~n6Z*Fq{2?6}_@WBNms$!_=`Jywb9_
$L2ozkKE1}R~ic|35H22%h4000000093000000000JaV{&P5bOH=Xw+rcGT|8!M5
_B<{+HRZ@3s2^uSiS90uy^Vo9PymV9Wsd6bNr_>UIAG)lndNx^Mj&7BA{g&0cZZ2
9GVG9W?^GxP+@6u1_A|XW?^Gx0TbZhVDz*d$zj0$CN*()g7DxhCNwDaiV7&f(S+1
^Hw9^FZE$P>j+r@5zEYCTqP#@U>)Y@0`-GFpj%E)V9_-W`zjN(m21#vjY)NDV0RR
U806-uB4M}cfWq4&|LUnFrY-I%k0t`vF3+ZEBJZ5VWbTOIQZk!SePv)Umz3ox3cj
_M;@t+7RNjk^^qPoT1+zTRnAg`3vXv9d*8d@RXy~6c6G6D=qw+rcGT|8!M5_B<{+
HRZ@3s2^uSiS90uy^Vo9PtBtleIk>g)RqK0VQ|Mwn6X+txo3vSYd;;z)HQ~0$d19
Z)9m^X=QQ)0|jPjZeeTy2w`G#baG*1bO8u&c4cyMX=G&r7*1hrWn@NaWo%?Yb8~5
DZf#|5bX0k8Wd;KRX=DNnNw*8>V_iIEYZ7!Znc8lg5(`h}p;*1`QLuOF9~|+A{^D
g=h-~N_zJ`Red1EINWrM}GXaQb}6c#qIM2EQqZeeX@0!XQB?8_As^WnPDotHzoVs
dtr@aSRwVWi2G1l#x)zo-=KD6s8S?e4Bod8Fs%pFp$uRTdC#o53z}8oz#490+n{b
7gXNWn=<eur!g@$>Ycu5$>lN%N|><C6B3la-ao|IWF3IzPWSn>JtwI*nu%&Q~z;V
l^%5wS6(#;{6ajG64wDPk{-(!PGN0jWJYOaY-B}vbY*UHX>V>+d2nS00|IGe0t`v
F3+ZEBJZ5VWbTOIQZk!SePv)Umz3ox3cj_M;@nm%#La7y@JVOzJ)&GXo9MeQ_qmb
cB?4VH0I#X{*-UM!8ZDj&Tsch`a6%+H}y3w7NL%Cvdc9ihwVg6yH$(01#_!hsY6z
nLl?N#mWu2FfU=jES3v-wpP5N?~nE^->bepVa^a%FR6a&~280$i{(k=DuM$QKdrr
y9#1TdpOKse5vu1&=u{+IqgZbMNXC4+YqPF=12xaaxrgbrDxyH3<AdJd_gG0WOjr
%Nb5#ZDnLeX=Q9=M{I9mVQf=$VRU6wd2nS00|IGe0t`vF3+ZEBJZ5VWbTOIQZk!S
ePv)Umz3ox3cj_M;@zw5<4oQf!Y4K`P(FaQVwIle)QgI&pHa%8Z1>xis%LHy=ZDj
&Tsch`a6%+H}y3w7NL%Cvdc9ihwVg6yH$(01#_!hsY6znLl?N#mWu2FfU=jES3v-
wpP5N?~nE^->bepVa^a%FR6a&~280$i{(k=DuM$QKdrry9#1TdpOKse5vu1&=u{+
IqgZbMNXC4+YqPF=12xaaxrgbrDxyH3<AdJd_gG0WOjr%NR~!ZDnLeX=Q9=RB~Z%
b7^#GZ*Ek1aAgJq0%>Fd3`w^O>0@0yW@{33F`3$KoDvI9=Al@<?NP9I>K`2OG*S<
)6P6lYy(#<=BR_>s@(?%#f7ArN-=Rj?7Ns(11a4t%Wdca4Z0ySw6Z7G^(Vdq=xng
p5l<??b{$Zral?2=P7Qd(z>?pA9RqgJsQF)~2<)1*a`BfGWZkxd_avHyWRvZX&Wp
ib6c4cG&T(C5e*2&|@7ZL8K8p|GAt|gDDdvc%!k2x;ddcL`H@9Gl|1=xWxVN?HcT
9qDk5m#O{2>e1kloHngE|MP06;5GoWn@NaWo%?tVQgh?V|i40aAgJq0%>Fd3`w^O
>0@0yW@{33F`3$KoDvI9=Al@<?NP9I>K`2OM(yUq2ps*m=2xUDT;RqCgn#@WzFu~
@adfH5^@&-|1a4t%Wdca4Z0ySw6Z7G^(Vdq=xngp5l<??b{$Zral?2=P7Qd(z>?p
A9RqgJsQF)~2<)1*a`BfGWZkxd_avHyWRvZX&Wpib6c4cG&T(C5e*2&|@7ZL8K8p
|GAt|gDDdvc%!k2x;ddcL`H@9Gl|1=xWxVN?HcT9qDk5m#O{2>e1kloHngE|MP03
Qu=#Wn@WaVPj<k1^@$LZg~Iz009PaX=iA3a{vGU0tR7iZ*^{T000032Vrh`L}7Gc
0000431Mz|L3DIsV`u;X00jhOVRT^t1pxv`sch`a6%+H}y3w7NL%Cvdc9ihwVg6y
H$(01#_!hrw1fvw5rj-B|XP@r^w5ufb=C_Ju$l1`nW&GEpSWb-(Pj_x*WK(oubY)
X@aByq}0tannVQy(|X8;HQ0RR91000000RI300000000?$vY;R*}ba?>^4eA;VP?
&nua@U+8%z}TQ%U7y+MKY4|K}<7;NC^N8Q)6glZDC1fVPj=;1_B0iV`yb<VFC<Ew
+rcGT|8!M5_B<{+HRZ@3s2^uSiS90uy^Vo9Pv&i(4W$7^rut4U@+yV;f3~UN%73c
3@26RG#Ze4>*EG#X>D+9a{vkfJIcU;0|?<Ot6L#xhlJy{bEQ|<<p3>p#+${pKVqY
C0gjnDPQFr-&Z4|T&+FUo^8197$&O|Z8y@V`8^3eyWB>pF000000RI300000000m
QYZ)0l)2L)(vVRB>vRL;|X-2hMgY%<^|LMjLE2PJ-c-Z{V5{6_8C0Q8F22WV+?bZ
>Hb015&ONw*8>V_iIEYZ7!Znc8lg5(`h}p;*1`QLuOF9~|+Y2rNlD$O59e#ogQsB
77jPl+<X%NY5HtA>h5j^*S;F3`w^O>0@0yW@{33F`3$KoDvI9=Al@<?NP9I>K`2O
R_IuAa?c1y4{!B0lLRVe@c%rricI<>A{c-Zhn%3h0000000000{{R30000004Ptd
}WNc+ma7k`tWq1Gz0t`vF3+ZEBJZ5VWbTOIQZk!SePv)Umz3ox3cj_M;@s-HtdLD
IRU(}XWLTZugenOC;Z(5k~zEJnJiX;;E#R1^s&Ao>9RcEGjwm*Sz@%Yr2Ich-`5~
AFyVN$p6#3cX#0000000960{{R30000qTZewU~azb@(WNc+gZe(S6015&ONw*8>V
_iIEYZ7!Znc8lg5(`h}p;*1`QLuOF9~|)mdy}<28ig(gSpg+?&9*`C2(3=%09avz
wZKZf-~wC%3`w^O>0@0yW@{33F`3$KoDvI9=Al@<?NP9I>K`2OiECIT&Bl;lSX#$
ms8AQN7m&qY<e5Qw(E}jxBS#zY0000000000|Ns90000004P$R^baG*1bV+VxWq1
Gz0t`vF3+ZEBJZ5VWbTOIQZk!SePv)Umz3ox3cj_M;@t+7RNjk^^qPoT1+zTRnAg
`3vXv9d*8d@RXy~6c6G65{qa?ZI2j;&_LbXP8tT1(-d>UXjT-wZT0^&Yy7N)`YB0
00000093000000000eiWpZt4ZeeUmZe(S6015&ONw*8>V_iIEYZ7!Znc8lg5(`h}
p;*1`QLuOF9~|-9idq_i6cBYN^7xEELu$lFU37Sf$J;ty5yrmOX|)6b3`w^O>0@0
yW@{33F`3$KoDvI9=Al@<?NP9I>K`2OlMuXsu{2tXFT+?;?hj39&>gq>HOrf1lB-
q;n)I5N0000000000|Ns90000003v*>*Y*S@pa%FUL00{yNNw*8>V_iIEYZ7!Znc
8lg5(`h}p;*1`QLuOF9~|+IyTa&4noi_R;$3lnz4{Zl)X|Z&ZIQtMA_g1big7gn0
000000030|Nj6000007Q+04~Y)NDV0RRU806-uB2vlWqZE0>{Yz6`ab7f&{a{vhf
3`w^O>0@0yW@{33F`3$KoDvI9=Al@<?NP9I>K`2O?t8o+`-uphG|cdBR?oL=+M>y
2b9zMWEakNXv#+m-0000000000|Nj600000033q99Ze??GRCoXc0ssVVZ*FA(000
35b8l^B00jX83`w^O>0@0yW@{33F`3$KoDvI9=Al@<?NP9I>K`2Owjn&t^Ki!tz$
Zc*0bA)mE~U4qToq<z-9<65NR(1a3{+)uZE0>{Y*S@nYy<)T4P$R^V`X7%Wn@)!c
y9m&0Rn>jZ<Sw6<z}}Rgi^u=r&Z7u9RP^PFQS+qh}t;V%E@RM>%7&o7^|1Fn59cL
W!>7R25;!;B<BNQsg$$522KGBcWHEPWpi^@Z*_D41pxsQewJ`oh7zt&&MJy2gA<i
%%^<0}h^*K^Q%?7uGy#kYRB2;tWpYz>aByq{0{{kLVsm9~bN~PV0S0GmZ(?C=00j
a93`w^O>0@0yW@{33F`3$KoDvI9=Al@<?NP9I>K`2O)$WoGNr<y)@oH1i2TJ?3Bl
yQsaUT0NJyux-;p7#|0!XQB?8_As^WnPDotHzoVsdtr@aSRwVWi2G1l#x)zuKCbs
wwsCQYMcJQwt7@H2lP^<g<ILZUMawL=9nSAOZz%cWz~500ja93`w^O>0@0yW@{33
F`3$KoDvI9=Al@<?NP9I>K`2OhyLPaScq)s9KMExvw34D6J>+NwrBxfixd_%u|$W
t0!XQB?8_As^WnPDotHzoVsdtr@aSRwVWi2G1l#x)zuKCbswwsCQYMcJQwt7@H2l
P^<g<ILZUMawL=9nSAP-b>VQzD2bZKvHNoHYVWd;cdZEs|0W@%+|0l_Ph(40)c=R
oL>tSyQ3zrOhJ1aW=k((Kc^FNKOiVhC?=bZKvHVQd1y1k6TWEM#tEO?YD!yU6acy
5+5>Uo2?YlHei-0Jn%?h9c2>uJC38-{*D7fZ(%hZo23R4S;p`Q9JBQllDyrZDn*}
WMOn+00aU61a5C`WdHyG0R(ezZDjxj0Rl*=Z0ySw6Z7G^(Vdq=xngp5l<??b{$Zr
al?2=P7Qbr*qZFQ|l>ioJpYH;+t0eX2w~A!Q+0eaZ{MVycPK^g=Y;R&=Y;yn#0!X
QB?8_As^WnPDotHzoVsdtr@aSRwVWi2G1l#x)zo-=KD6s8S?e4Bod8Fs%pFp$uRT
dC#o53z}8oz#490CkUw+rcGT|8!M5_B<{+HRZ@3s2^uSiS90uy^Vo9Pu{6G@<&Sf
fJ|QFn~N>u=2wF+7z(Wqt=tdZk`V^s(Ana000000093000000000JQZg6#Ua{vkg
NU3b>%M}yz;kwbCmqWQ?a(0yP=wbe0q{)>8+xQm0s1)odu<cdt?ygaJr03<IK(qN
(77%Wm!7g$dzkXI60t`vF3+ZEBJZ5VWbTOIQZk!SePv)Umz3ox3cj_M;@ixIUq57
bK6Q|uUfIMEX^1}Vv6tLB!)|10-o)0prc>n+a000000RI300000001IJrb7^O8ZD
nqBa{vkgNU3b>%M}yz;kwbCmqWQ?a(0yP=wbe0q{)>8+xQm0s1)odu<cdt?ygaJr
03<IK(qN(77%Wm!7g$dzkXI60t`vF3+ZEBJZ5VWbTOIQZk!SePv)Umz3ox3cj_M;
@ixIUq57bK6Q|uUfIMEX^1}Vv6tLB!)|10-o)0prc>n+a000000RI3000000010+
sY-Mg^X=QT&2?9u|Z0ySw6Z7G^(Vdq=xngp5l<??b{$Zral?2=P7Qd(z>?pA9Rqg
JsQF)~2<)1*a`BfGWZkxd_avHyWRvZ8T000000093000000000JMa&m8Sa{vhd00
961000000093000000000qWWoBV@Y;-|$b7^O8ZDnqB00aU61a5C`WdHyG0R(ezZ
Djxj0Rl*=Z0ySw6Z7G^(Vdq=xngp5l<??b{$Zral?2=P7Qd(z>?pA9RqgJsQF)~2
<)1*a`BfGWZkxd_avHyWRvZjgVQgh?V|httVPj<m0SIzsadl~OWn==u1k6TWEM#t
EO?YD!yU6acy5+5>Uo2?YlHei-0Jn%?h9c2>uJC38-{*D7fZ(%hZo23R4S;p`Q9J
BQllDyvR%L8&V`+4GNNH|#0|pCqZgX&DV`*k-Wn=&bb7gE~Z*30<WpHV8Z)9m>9|
v+}XLW30az6-Wa%FLKWo~qT4QOd+Xhw2nadl;GV|o7tR%LQdZvz4Xb}#?}b}<16R
&RB5Q)OXn1_K6dWprq7WCDWxZ<Sw6<z}}Rgi^u=r&Z7u9RP^PFQS+qh}t;V%E>Ob
5GA>8Wft0d6dj=*oo`t>c$)o5X19O9`rXu=lIsL^Z*_D6^=uPjBlbC`N(qzPM@Gr
{imSMTSY5T*7C#t%#3&jHA>%$n#j0HLDJN5-IKgM_J7b(p+0MPGk2Gl)y2(Rz2x4
q$Ze(e0X8-^Q

-----END STRICT TYPE LIB-----

