-----BEGIN STRICT TYPE LIB-----
Id: urn:ubideco:stl:3HCD3uDCC2EmGASKnxPaFUCgRBT59SbmJkHjkXh8Ht7B
Name: RGB21
Dependencies: 
  urn:ubideco:stl:pGtgmYchjsHEdmKzmkc6SX8rDm4qxN472K8vQyLmNGX,
  urn:ubideco:stl:9KALDYR8Nyjq4FdMW6kYoL7vdkWnqPqNuFnmE9qHpNjZ,
  urn:ubideco:stl:HX2UBak8vPsTokug1DGMDvTpzns3xUdwZ7QJdyt4qBA9

BVJHQjIxAwwcRCTQpqdgv7w+pSM3xIWI+89PbxsZKjiXPOKDUQTIC1JHQkNvbnRy
YWN0e4SAPJ764hElp3wsObxw0v3o+UOuDf2c9OaC7cdmynADU3Rk9WwTYiP2OadK
CZPcR0bJ+YqruINYXbXZFj8YfsQoGgoHQml0Y29pbgMHQml0Y29pbgMAIeM+Q8Wq
XPIpJ1OjOMFn7TtjnE3Zzr2pjzRpF7rJQ3UEVm91dKOCQvPL19HQoRLajeFgL1bU
+G8OxMR2xcBoWUxLBGVWBFR4aWToakDNXCX5veKE/2mlETKnQSshVb0OVhLBv+OE
lWDFBghPdXRwb2ludAtSR0JDb250cmFjdAgADtIaOxmF+PVfGv/HJh1VH2urS/IG
zcRI/cuXt8RICc0PUHJvb2ZPZlJlc2VydmVzPNGincytm5F7JjBfiaik+yEYMCpO
c8WsCngN5qsAXnMITWltZUNoYXI/K3K3xK8aYwy20/8Ii681EJPuRluefUcqYQCC
5EnX5AdEZXRhaWxzUBQQXwxAJsoSq643feJvjjygYI3TbEg+1w9HGVzTNNQETmFt
ZWcdubdnF/nDazz5Uzdd7bKOJ4AJ0mKv+Goj34HUbT6hCU1lZGlhVHlwZYBXrgf0
e5I6zMU2H89A2SmC6EH3V91ZsW1728jqvpmlBlRpY2tlcox5pcISvhuCXhm9VH4J
GreAYBu25yP782ZUkUYOpYkpDE1lZGlhUmVnTmFtZbYf51dO4ILrqWFmX2ausgkw
lhIjkJZNIGSbJ7XnyHUUCkF0dGFjaG1lbnQDU3RkAgALbFANlCZEYvtxwOh0eAN2
lbRkYVi57FGd1tR+dNxU8w5Bc2NpaVByaW50YWJsZWAVwOcHZKn0iucd1EjK9ANb
/+vbYu/3Dch5Qob4kQ9BDEFscGhhQ2Fwc051bQoACkFsbG9jYXRpb24FAgFlAVZD
5EiM8/cUNAF51yXoKPLAS/xBzDsn9gVP2jdzHQEZ6+adE3BI4VlvwefpUK8KZMF2
XynkEiSrLSv052Bcdw5BdHRhY2htZW50TmFtZQUBAAgCe4SAPJ764hElp3wsObxw
0v3o+UOuDf2c9OaC7cdmynALbFANlCZEYvtxwOh0eAN2lbRkYVi57FGd1tR+dNxU
8wEAAAAAAAAAFAAAAAAAAAAOQXR0YWNobWVudFR5cGUGAgJpZAAAAQRuYW1lAbbr
zP9Ln3kyWfBLMU+3ZhKAipfFKFy3Nevjnti/ggWUDUVtYmVkZGVkTWVkaWEGAgR0
eXBlAgwcRCTQpqdgv7w+pSM3xIWI+89PbxsZKjiXPOKDUQTIZx25t2cX+cNrPPlT
N13tso4ngAnSYq/4aiPfgdRtPqEEZGF0YQAIAABAAAAAAAAAAAD//wAAAAAAAA1F
bmdyYXZpbmdEYXRhBgIJYXBwbGllZFRvAWUBVkPkSIzz9xQ0AXnXJego8sBL/EHM
Oyf2BU/aN3MdB2NvbnRlbnQBK9paYJDDqiMRYBlcjeFnD3jbU/lf3Lc6f7wb4/+R
qmMFRXJyb3IDCBBmcmFjdGlvbk92ZXJmbG93AQ5ub25FcXVhbFZhbHVlcwIMaW52
YWxpZFByb29mAxRpbnN1ZmZpY2llbnRSZXNlcnZlcwQVaXNzdWVFeGNlZWRzQWxs
b3dhbmNlBhJub25GcmFjdGlvbmFsVG9rZW4HEm5vbkVuZ3JhdmFibGVUb2tlbggV
aW52YWxpZEF0dGFjaG1lbnRUeXBlCQpJdGVtc0NvdW50BQEAAAQNT3duZWRGcmFj
dGlvbgUBAAAICVRva2VuRGF0YQYIBWluZGV4AWUBVkPkSIzz9xQ0AXnXJego8sBL
/EHMOyf2BU/aN3MdBnRpY2tlcgAEAgAEbm9uZQAAAAEEc29tZQAFAQIMHEQk0Kan
YL+8PqUjN8SFiPvPT28bGSo4lzzig1EEyIBXrgf0e5I6zMU2H89A2SmC6EH3V91Z
sW1728jqvpmlBG5hbWUABAIABG5vbmUAAAABBHNvbWUABQECDBxEJNCmp2C/vD6l
IzfEhYj7z09vGxkqOJc84oNRBMhQFBBfDEAmyhKrrjd94m+OPKBgjdNsSD7XD0cZ
XNM01AdkZXRhaWxzAAQCAARub25lAAAAAQRzb21lAAUBAgwcRCTQpqdgv7w+pSM3
xIWI+89PbxsZKjiXPOKDUQTIPytyt8SvGmMMttP/CIuvNRCT7kZbnn1HKmEAguRJ
1+QHcHJldmlldwAEAgAEbm9uZQAAAAEEc29tZQAFAQEr2lpgkMOqIxFgGVyN4WcP
eNtT+V/ctzp/vBvj/5GqYwVtZWRpYQAEAgAEbm9uZQAAAAEEc29tZQAFAQIMHEQk
0KanYL+8PqUjN8SFiPvPT28bGSo4lzzig1EEyLYf51dO4ILrqWFmX2ausgkwlhIj
kJZNIGSbJ7XnyHUUC2F0dGFjaG1lbnRzAAoAAAECDBxEJNCmp2C/vD6lIzfEhYj7
z09vGxkqOJc84oNRBMi2H+dXTuCC66lhZl9mrrIJMJYSI5CWTSBkmye158h1FAAA
AAAAAAAAFAAAAAAAAAAIcmVzZXJ2ZXMABAIABG5vbmUAAAABBHNvbWUABQECDBxE
JNCmp2C/vD6lIzfEhYj7z09vGxkqOJc84oNRBMgO0ho7GYX49V8a/8cmHVUfa6tL
8gbNxEj9y5e3xEgJzQpUb2tlbkluZGV4BQEAAAQ=

-----END STRICT TYPE LIB-----

