-----BEGIN STRICT TYPE LIB-----
Id: tribal_amanda_alfonso_5WzqGum1MDNvST8SxUBHxUEGq9sggoNsxrnJnSNMCdhN
Name: RGB20
Dependencies: 
  Bitcoin@extra_rapid_armada_EXDzvefCHMLgk4KXNvsXsDr2QzgPkxFFUCSEkL3S1ZJL,
  RGBContract@michael_baby_agenda_Ha1b9aKeSX5QVfo7x4MbUxj6HJkhaGw6aC59ggeGuDcs

BVJHQjIwAsjmDU/UGnp0WRAr2bPFBoM70o4o7Snuy6H56JANWq99B0JpdGNvaW72
L9K/KcaG1GYnjsAph2wRX1OjND39Remkv5ROVYKbQAtSR0JDb250cmFjdAIHQml0
Y29pbgMAIeM+Q8WqXPIpJ1OjOMFn7TtjnE3Zzr2pjzRpF7rJQ3UEVm91dKOCQvPL
19HQoRLajeFgL1bU+G8OxMR2xcBoWUxLBGVWBFR4aWToakDNXCX5veKE/2mlETKn
QSshVb0OVhLBv+OElWDFBghPdXRwb2ludAtSR0JDb250cmFjdAEADtIaOxmF+PVf
Gv/HJh1VH2urS/IGzcRI/cuXt8RICc0PUHJvb2ZPZlJlc2VydmVzBAAGQW1vdW50
BQEAAAgIQnVybk1ldGEGAQpidXJuUHJvb2ZzAAkC9i/SvynGhtRmJ47AKYdsEV9T
ozQ9/UXppL+UTlWCm0AO0ho7GYX49V8a/8cmHVUfa6tL8gbNxEj9y5e3xEgJzQAA
AAAAAAAA//8AAAAAAAAFRXJyb3IDBg5zdXBwbHlNaXNtYXRjaAEPbm9uRXF1YWxB
bW91bnRzAgxpbnZhbGlkUHJvb2YDFGluc3VmZmljaWVudFJlc2VydmVzBBRpbnN1
ZmZpY2llbnRDb3ZlcmFnZQUVaXNzdWVFeGNlZWRzQWxsb3dhbmNlBglJc3N1ZU1l
dGEGAQhyZXNlcnZlcwAJAvYv0r8pxobUZieOwCmHbBFfU6M0Pf1F6aS/lE5VgptA
DtIaOxmF+PVfGv/HJh1VH2urS/IGzcRI/cuXt8RICc0AAAAAAAAAAP//AAAAAAAA


-----END STRICT TYPE LIB-----

