-----BEGIN STRICT TYPE LIB-----
Id: stl:vZphjhYk-E~SUx5a-0pXWwZ7-lYzSHYC-~WY4FCS-g72LlTo#macro-cockpit-nirvana
Name: RGB
Dependencies:
	BPCore#patent-young-sheriff,
	FiniteField#report-canal-convert,
	UltraSONIC#viva-armor-diagram,
	AluVM#reward-accent-swim,
	CommitVerify#biology-news-adam,
	Bitcoin#quiz-patent-exit
Check-SHA256: 1c75a5de513b66ef1087a5c024d9bec2482ae2d731f3a9a371b4c437802d6bb1

15!sq1{7N&w;L=T%125$p6!9%0hEBKrJ)3bU;`id#4oBlk_JLhLvM0rHf=J5-W9Gr(N3`~T!gjZ;#Jh)
Q^zySg%(ujgcj1+3r1;fX>?^qX=Q9=PJNqumcF>;BVXc(A^zic`~6P|te)o4m-XJuL8fCr3RP@$a$!?X
PDw+zSt+!Stw+Hk(Po~~Zg)tlXc{g+3dp<|u0=7lDd*1xL2PwaO~8F{m~6Jv@J(A1%q#z%L9jBiOaFR-
W)8f_JK`4j{R~5IZEb0ER%LQ&W_iI!#AYRpw(}`1iob_gkPCLlH7Md*A6@M2EsI`wxeW(GX>?<6X>JAu
L2PwaO#%R?FjWFA`CQ2GiK9iLKbGE6DZmrA4)G`0A&^0p`%?-9Ole|CWY+WDL0WTQe=J%=+ZU(+nrU27
YYX=l){_<>0|-HmqX$fBVpC~!Wd=e}LvM0r1ON@g6;%bE&UpvgYb(=F3+wj=yQG)Z$jF0-+LftzVH*io
Pjz%~Z)t9Ha-QIVKcn>S1Y?PjfbGv}h@kbSP(#awZ_lQ0`HDzw2v<~iZ&PJqY?&(<6mUZlnOnrbA}2P(
CmL97SUCJNn4oIlot5DHFA7w6Z&PJqY(;o<-bR|K!C{pmjh?3N>5920D=e}CiA&=q+fL_P@?Oli1x{~i
b7coYX>?<6X>J1mA>%$n#j0HLDJN5-IKgM_J7b(p+0MPGk2Gl)y2(Rz1Xgc#bfbbo^UK%K(4i9Ajp1M~
R@C@!4#dQE#lUD;OiKi1Rs>XdX=LbXK+Rkw`Mu(V|7oQWGN(Z+AyvH&RuaL#<Ajx9#RdpZb#!oVX>N23
LvL+uX>?X)a%pCH0RaAj7D?ZDzCQez5c=X9w<(f6`q$DH-G17V_XV{1(H;&`Wpib6c4cHjd30rSI15H;
ZfSI7MrmbiWB~v%@u@)Mrf2N#*9;Bok=Lw{#;}1pYA|B&5l=sLg;{n5MrATJHVRd2baG)+Pfkfg3IGro
2|I!yfJO|x!t$d+EKaOrfI1^D@wA>of6v*TEY<}{Zg6#UbJ0>hyf}V{An?qXPYr9xHlJY#cbC>sDx`V~
-abvV2~%`obY(<gbYYnU{T?dQJ?d;o1M7&`K~vb;q0WUv*UkDBz!||TdTRtvaA{<p2rNlD$O59e#ogQs
B77jPl+<X%NY5HtA>h5j^*S;NLvL<$a$#e1No1d@w{JxqXjrqJO9yPir<5T*Jr^rsnN+L_kF750zJdu)
aAk5~bZKvHsd@hFcV+j(WHC~-7&4i7GA4L11hk+tbPDyiCw8Yr3R84pbY)gyY;|R`i8#-cF@j|uDDesM
(ovm@H4X<(io#!}`=i2nExl(6L3MO!RBvl#ZtxYW1*yTf7t)jcn*aB%1xpArrVPVhCp50mBKADGoe5KP
VRU6fWo&HwrN?q$uLx<C?$3+<)#j{6K2It;&?57S>Qs2Fvw;u@LuG7iL1bid{aM4p>0IFOo~Y652;7|;
2>m$hiUk~2&U-senAm#W2U1~oL}7Gc0{|9JaAk5~bZKvHQ)OXnb5~S&Z&PJqYz6`eZ*XODVRUJ4ZURny
n|qeNxa1>W;)o&s<9GZ0PYJA^=Fyk+-pfIzV?Up&w{JxqXjrqJO9yPir<5T*Jr^rsnN+L_kF750zJd&7
WoBt^Wn@!jVQg~%3IG5C0u);!w;L=T%125$p6!9%0hEBKrJ)3bU;`id#4oBll5(Elf<L45?gV3rk$~;b
YKWlqr%*%7g>TQMZ~2NyZ2$lO000000RR600000000vNUWoBVw1_K6TY;SXAa{vhf!AHbqC5^W8DJ_b>
hggsccE>d+;#wbF?CmX!UU<0;=xRXCTqXIv;)MTcr4cfxK`S9uy$)6q!N22#m0-mN0000000000|Nj60
000002V`YtX>Mh600{!YN5p0&jkfbCEsDQ~Sda^L$2BP8S|45P?JbL5c)1NB<32;hs$B9ZCsU(1!DsC|
W1LOd&b_IRG-(&Q$wPGj0000000030{{R3000009Z*XODVRUJ4ZURnyn|qeNxa1>W;)o&s<9GZ0PYJA^
=Fyk+-pfIzV?Up&w{JxqXjrqJO9yPir<5T*Jr^rsnN+L_kF750zJd%;a%E;=VnTIpWNc*x0RRaBC=c!q
KL#LAb>An=>94iLYCl;kksG*T*djFxJQ-+p0000000000|Nj6000000

-----END STRICT TYPE LIB-----

