-----BEGIN STRICT TYPE LIB-----
Id: stl:@r5yXt4a-v3XXv0M-E9Z6eoh-BFZweik-fxS6CB4-8AaO@MM#rover-annual-disney
Name: RGBContract
Dependencies:
	Std#ralph-blue-lucky,
	Bitcoin#signal-color-cipher
Checksum-SHA256: 6347d5f0a4c36a074fd3b6abb98041f64798a4a233e1742a352edc330dddbf3d

3sOfyLvL<$a$#e10?I5NZ-bfLFbqC#o>4E?M+l67UG^w8*<_XZ#%uyqCj(P-Wc6$
lVk7oBr%DNv+($;q`HHK!gIHa)*%m(-e#9sm3I{@IbYpL6ZUP5FX>?<6X>J1mA>%
$n#j0HLDJN5-IKgM_J7b(p+0MPGk2Gl)y2(Rz1Xgc#bfbbo^UK%K(4i9Ajp1M~R@
C@!4#dQE#lUD;OiKi1Rs>XdX=LbXK+Rkw`Mu(V|7oQWGN(Z+AyvH&RuaL#<Ajx9#
RdpZb#!oVX>N1_Q*>km07$+g7b@t4MVjY>G@u4Q3HlB(d+LiLJm-R=h;`?dxDG*c
V`*tna%paKVPb4$UtT8V#RWVYMMP0s#-L?ApehHE`!Nx1aisd$7U5G>2tjOcXkku
uZGt0!^mXv<w6)w(d6C|8kgcNIvvn*?253>L0b>G|!UaKWaA;xq7YGF1t^|4b)vt
7`JJJH?>OpeZskt`?6&l-r#0;SdL2PhnVN-2kY-|(&3PEgaZ)0I}X>V=?0s&<KRz
u`SjPv&tGy!?nCFm&fz)So=%sVIc1y9;Ha~%O0>*k#ka7f`<Z^7s3P_GJP!FFFM<
Ps#SEi3frU|e?wL2Yk!Zgd3!000OFL2`6yV{Byw0RRO80?I5NZ-bfLFbqC#o>4E?
M+l67UG^w8*<_XZ#%uyqCxRn@^mXv<w6)w(d6C|8kgcNIvvn*?253>L0b>G|!T<;
Y$}AplgPGkh3_fq3Q7_j=2#kPT_9!;lWR>~GYywm#UtT8V#RWVYMMP0s#-L?Apeh
HE`!Nx1aisd$7U5G>00000000009{>OV000002|;snWpq<;Wn%^e26Sm-Yh`i)TX
!suv0v9m0LPL+_79KRH|I99{YEOV7tT#ZPWpkW1a4t%WdVR*#k^Az$U%@qU7>2Bz
={du0O&G0&#r1CLJBFZ06hm}WprU_Y;ynv0ssVVZ*FA(00035b8l^B00jX7KPz&#
#IG7-47St%2#c>Z5R>jkTb_MKDq#SE<Vn}$32<^{V`+0~Z*Boy1H>1Nsg8a>I`c#
0nSFF19TD^=GS9xEuuG0V@n0eeL3DIsV`yz<Zgd6$1ax_DWdX4b-u{3ft=OQ-2q_
^@tFb&$O?KW<Xu-*G1)_duW?%+nX=i0~bN~kc06-uB2tsvoZcSx$VFm#TVs&zEP;
zf?W^(`u0S?j{I~j%e^<NtQ$0i+BA8V^i@&?VsNd3!~x5P*Z%>V!Z000000RR600
000001QKKZgg^CV{}t+Wn%^e2Vrt_X=7|<00aU61a5C`WdHyG0R(ezZDjxj0ReXZ
@I5NQ<Y{TZ{p)sWDXf~Tn50gS_>HT;&p7LREnfs~VQpmrfL_JCQxeEQkVIXfYN5c
23F83hGCI$$Y9m4lDXjoK2V`Y*VQFl000aU61a5C`WdHyG0R(ezZDjxj0RcZNa<{
~<8e<H$)BgyIuQd>p?nYaleMc%`0D|O6*W?Lsa%E#_b7^mG0bK*c7mcZoem^?%L*
to!bRZoO^d~aUzM`;8jz95VA`L@tZgg^CV{}wya&2=40t9qrcys|6%am^tlg}6qo
p{{FTg974FaQ3n`}K{nn9PGH_DcZ;ZDnL>VE_aI00eGtZe;)f009JZZ*64&1pxs=
s(;1y^<+=wqOM*VsgOd=>xYy=<4kft^@4w~Gv0~^L}hegX>4-^0RRX90RaF20000
00RI300000000~KRb9H4+WprT%0SIzsb7gXNWpe-t0S?j{I~j%e^<NtQ$0i+BA8V
^i@&?VsNd3!~x5P*Z%>V!Z000000RR600000001QoKWNBeiWoJ%dZDj=k00ja9$}
AplgPGkh3_fq3Q7_j=2#kPT_9!;lWR>~GYywm#`4<QT-L3?A_|>m;t2@#H=ITLm*
{QiV2NfFIf5Z%-00;p*(W0Hqt(%d1CNN)#sHFQL7%(bMbH%I*cn#*O0A6zd00000
0000#0000000009O=V<hVN`i=Wd;KTba`-P0UWS(jugTGj1K^e=F-$2o*6gc%@3I
r#hQL8;m&)Yy9aZ1Vsv?MWdH;M00eGtZe;)f009JZZ*64&1pxsZuyu|U!T^j90F3
6+)E=H0H{s0>nH0sEektM3d!V}qV`yP=b7gb@1OfmAZf|a7000011aog~WdH>M0U
WS(jugTGj1K^e=F-$2o*6gc%@3Ir#hQL8;m&)Yy9iBbZDm7fVR8d41Z8+*Y#{__V
RL9B24rt+Y+-UF17U4&CIoP7b#p5OWMOk?Edyk4bS?yXWpZyY18;6+F#~jWZ!!gR
XmVv`GX!RDb#gQWW@&b1H3M^Lcs2!dWp-t5Hw9&BXJ~Xd1a4_=WjO_7VRB`3UIuJ
$WMOk?UjboZ0b*hSV`BkiWC3Mm0cK_aXJ-LuXaQ+y0cvUiYij{)YyoX;0d8&qZ*K
u`Z~<{~0djHyb8`W7bOCjB0d{r)cXt7Jcma8N0eX4_PGN0j1pxpB0s_h`9&dx0-7
pM3Z=O*v*GCA9fL-<|HrZsA`NnJlR3}KjBNr;@ghiU?gEXK9KMDE{F?;HZBRuDVq
lk6qmbd^20?I5NZ-bfLFbqC#o>4E?M+l67UG^w8*<_XZ#%uyqCrG{{7b@t4MVjY>
G@u4Q3HlB(d+LiLJm-R=h;`?dxBvhE0000004D$d0000001Z!fZe?Ufa$#e1X>V=
?0RR992~cunV`+0~Z*Bt<3u$g-X?AIIX<}?;00d-ZV`%{eV`Xl1X#xdpX>4q10|{
hhV`)ukY;0)+3S(t%bZJd#Y;0)-1#M|#a&HC+WMyM%O=)9tZwCrvWo~q7O=)9tZw
Lf#VQy~;2xMhrX-;8oZwd)xWo~q7PGN3u3j}a!V{Z%yWMyM%P-$at4GCjqZggo-X
=85=1!iS!bZ-v{WMyM%MrCbuZx9M&Wo~q7MrCbuZxIAxbaZbL4^VP%Z)Q(sQe|^x
a&~2N1_A_iba-z9^=uPjBlbC`N(qzPM@Gr{imSMTSY5T*7C#t%#3&jH=xRXCTqXI
v;)MTcr4cfxK`S9uy$)6q!N22#m0-mN1#oh2Z)N}p002M$0000000030{{R30000
0HQfXsha%5>?ZbNTwbaG*1bOiwb2mk>90000000030{{R3000006RB2;tWpV`p00
ja9$}AplgPGkh3_fq3Q7_j=2#kPT_9!;lWR>~GYywm#f+K+Rb@1)9wcJs8k=}EVt
)knrbu3H<Xi=&GV*-}K00;ugEFN!zncXl9K5w2;FV{y1jDTJCC^p$-mHEbO0#qko
UMA(m1w0!?L{VGDpk+OvDhHAKF%fNXr25$w;Zs!r0000000007000000000ARBvl
#Zb@!rWq1Vv000C

-----END STRICT TYPE LIB-----

