-----BEGIN STRICT TYPE LIB-----
Id: urn:ubideco:stl:62pJgRAEXfW3WDNXsx2UsoRpAMrrYBXWvDouGd59rxNs#prefix-flute-jordan
Name: RGBContract
Dependency: EcCNgrgLaygt3tCZNu2ZVEzMzSAZYEUeTNAVi5E81YWi#aspirin-mango-average
Dependency: HX2UBak8vPsTokug1DGMDvTpzns3xUdwZ7QJdyt4qBA9#speed-atlanta-trilogy
Checksum-SHA256: de7827a3e824b96c7d2190088df851c62ed435d80f9a1147711f2a44b8ff5204

3sOfyLvL<$a$#e10?I5NZ-bfLFbqC#o>4E?M+l67UG^w8*<_XZ#%uyqCj(P-Wc6$
lVk7oBr%DNv+($;q`HHK!gIHa)*%m(-e#9sm3I{@IbYpL6ZUP5FX>?<6X>J1mA>%
$n#j0HLDJN5-IKgM_J7b(p+0MPGk2Gl)y2(Rz1Xgc#bfbbo^UK%K(4i9Ajp1M~R@
C@!4#dQE#lUD;OiKi1Rs>XdX=LbXK+Rkw`Mu(V|7oQWGN(Z+AyvH&RuaL#<Ajx9#
RdpZb#!oVX>N1_Q*>kl07$+g7b@t4MVjY>G@u4Q3HlB(d+LiLJm-R=h;`?dxDG*c
V`*tna%paKVPb4$f+K+Rb@1)9wcJs8k=}EVt)knrbu3H<Xi=&GV*-}K1wm|ZXkqy
m2n5}(1bO(?uXL+B(gNn{L2}utxi<$D8ry%w4511^Y;b5{Q*B{vYz_bhL2Yk!Zgd
3!000OHL349ubW?C;V+I5UbZKL2WpV-dU{O}eP?3m3z`Tf)Z&PRH58nB<JQP^4MQ
tuH+`2^sZeeX@0W4(#Aw@l820VSv!@?cAVMxQ-89xp>%}LT}R3zlrzz1YybYW?1a
{vSa00eGtZe;)f009JZZ*64&1pxs+D{{BQuNq?vw$uLzi?1~hlkP@ao_$9uVE}^U
N!R2FaB^j1X>)0BZUJ2b#21aJj($Hn^F!mAeRLol5%ecA&%UCtOO8MBUm^-Yb8}^
MRAq8)a|QwgbY*yS0T|1aZxWNw7!I9y+{RnQn@2DI{;m7<jj@=_gDCb(0R?SkWNB
dl1OfmAZf|a7000011aog~WdH>M0VdbVfTOjAxAipkA#C}%nilj`uDxZ2g04;rUG
SLGPYOYFbYWv?ZDnqB1_A_hd2nR`;o^G0ej${4WA!8u79?bk4X25CC7QQLyiN;h%
mu-W24rbxWpi`@2LJ#-AOHwLb#iV^WprT%0SaPua&Ay^Z*OLE00{vO(i%G%h4}Sf
8vn;89aSG|t4s0*&BRFk%a^yrND0jV0000000030{{R3000007L}hegX>4-^0RRX
90RaF2000000RI300000000~KRb9H4+WprT%0SIzsb7gXNWpe-t0S?j{I~j%e^<N
tQ$0i+BA8V^i@&?VsNd3!~x5P*Z%>V!Z000000RR600000001QoKWNBeiWoJ%dZD
j=k00;ugEFN!zncXl9K5w2;FV{y1jDTJCC^p$-mHEbO0#qmY7YGF1t^|4b)vt7`J
JJH?>OpeZskt`?6&l-r#0;SU000000000$0000000009O=V<hVN`i=Wd;KTba`-P
0XI4^Y`#pKw&R4=%n2Y)X1K2TRlOy8a@;*2PG3#ft_O2<Vsv?MWdH;M00eGtZe;)
f009JZZ*64&1pxs!Ix%d%Oq{mkgw@OmAWmkuuK88HC3<q)Js?hBP1vpnV`yP=b7g
b@1OfmAZf|a7000011aog~WdH>M0XI4^Y`#pKw&R4=%n2Y)X1K2TRlOy8a@;*2PG
3#ft^`hDZDj=k00;ugEFN!zncXl9K5w2;FV{y1jDTJCC^p$-mHEbO0#qkRz9SbZ=
!8X@=Yuq$20sb<4l#S`iz7Vef}@Ca=a#qu000000000e0000000009P;zBsX>)0B
ZUYkwX>Md`c4>2IVr*pq1Y~7nX#oXeWo~q70tIbpY;0)*31nqsX-#QtY-t1vV`Xl
1X-#QtY-t4rZE0h2Zw3iuWn*bgX=8G42MS|lZggo)X=8G42n23nZf^+)WMyM%PGN
3u3JGInZggo*VQy~=1aN6%Zwv@zWn*bjX=85<31ek$bZJm&V{Z-xW@T-3Zx0D%Wn
*bZWo>kC5DH^uZggozWo>kC5d>j$bZ-(5P;zf?W>02PWpib6c4c!00t9t*cy9vrY
!hN5_Bp3Y36tDMM#=e#tGI($UA5U3KNx<*C>jdrYCz3gCHcMLg#T%!5i+MiD<M_A
4ptJuzvG0JV8sRnaB^>NW&j8P06+i$000000096000000000qEX=7n>WNBe;LvL<
$a$#e11pxpE00961000000096000000000J5X=7_;as>eZ2m;D19&dx0-7pM3Z=O
*v*GCA9fL-<|HrZsA`NnJlR40NXfb@0n?X<PrQF)QxbC9i~+p~2nOa^FCssUpHmc
ju500000000O800000000

-----END STRICT TYPE LIB-----

