-----BEGIN STRICT TYPE LIB-----
Id: stl:ZZBpExyg-zYQDRZh-1UZxjsV-VHmDa!K-ykNK3bQ-HOlVbHc#sinatra-sweet-clinic
Name: RGBStorage
Dependencies:
	RGB#diploma-montana-elastic,
	StrictTypes#century-comrade-chess,
	RGBState#icon-passage-bonanza,
	AluVM#congo-archive-folio,
	BPCore#garbo-radius-peru,
	RGBStd#clinic-couple-ibiza,
	Std#ralph-blue-lucky,
	CommitVerify#tennis-peace-olympic,
	Bitcoin#signal-color-cipher
Check-SHA256: 6838c7410dd9885ef881b0af5c72365d6a81affa390145e93175a0efd162c483

3Q|WxQ*>`~VP|Ct4%IjbPV%^csz6ckvx2)X2S(*${SgyN=74!2gcAK;15!sqMe3tp+xFv-0Xp&G?S=|}
9rRaeU`~uMrbA>C`}q*r3sZD*X=8L$d2nTOUS2#4vyl1NjMA5#i(xNnkxdFye7)QWlvQI4GQQDD2vSEv
Q*>c;WnyqOe<9`Lptgp<tz`UX>r6F_xjAC6(~TLj#*ewiHU&X!byiJp9+vrsy<5&Clo)5)@&l6UwYFh+
Ofu5^ik9drt)+7YLQq3*a%H9Gq_lGpaZ%`&b))~DKb3Kx7RE)84I@AkIg-0mt2YKxM?zC{WXdcaZ-bfL
FbqC#o>4E?M+l67UG^w8*<_XZ#%uyqCj(P-WZ}`>96CYQxM)es+421}!Q~o5fc_fP)z<WlCdZO$Weh`a
ZEb0ER%LQ&W_k5&6JjIwIj2eqliWu}$@z+_xPw?-wb>Rw7=FYk8VUzOX>?<6X>JJxL2PwaO$GoG1gEwF
5PXV6FZDLo1#Vec_~kix7WfVQ#Sd|CM9$^|Ole|m@1Z8)ymjIKNK5;L!8FkfGTe+FK;UUh9M-4n+}vRY
Ole|MX>?_h<v+@K?sQoZP$f;*`J*VJcf?F?03w5;8tjF~p-0~bNpoRNVQponFjWFA`CQ2GiK9iLKbGE6
DZmrA4)G`0A&^0p`%?-9Ole|CWU~z^G0ns3CZPRN<#ZCTrmfN*&ohe2(8ybarjoB1vj$0XVN+#i(&89f
CvgSlMElwYagmf&Rz{MI?6VU8oLazS=r-w?225#UQ)OocLQq3*a%Bww0elBt06<F?m6#hB!(lDPxazJA
e{fl1k`{GZ<r$L^5maGta%FT*Z)9aqVRCeCWpV@6G?42=b&6>T7_z0LJs9vI3^Q`9-kMwahgh8>BYhA>
cyMfKV`+3#WnpYocxhx0wjY>38tto&d&=e<t?OC7vzr3sh4VL=aEO-K69^0oRAF#(Wpq$-Z*OK3#8Xmc
C%Z%?j5}xa%));D{NyLM&t4DxfsZeKd)RyrRAF#(Wpq$sbZAg=Z*OK56Mi29B9HTnEKg%9wY4d8pn=MA
gC=&qeUCg*C6h=TL2hGcZ*om#a%*g5LTqniYgA!ya%FT-a&K>DF1HXRxo%|^+Itiop&gxXSvq){{YhrG
f57_P)SQy*22EvjXm4aVKVmL%Q_{#Gkvz+H9iKg9-*)mSRaq_gMnjYqO>G4cRAF#(Wpq+$XJ~Xna$#;`
XhtWfE>N`F8f<{_M@^MEhcVy#omh=bI-rl&{j_4Y)eb^zX>MdwWnpYocu;h5M^4XN(CAD)c<TE+K3MFy
S<QDhvu9)kY913xn>ag{3QuryWpq$-Z*OK?mf%5n?HDW%5cU2uZ<bp4M_&*sl?MX-uSTL+BX+qPL2hGc
Z*om#a%*g5LTqniYfo@;Wpq$-Z*OL38SA{&vly$FvzVnzHf7z~rv`86=_Ka^V5yX|y#`JSQ)OdvWpq<z
VQjF*aju4Y+v8xG!`|yM#YZ<B0M5p`QE^diRnUc7&+83BY-w&}Q)OXnRCsA*vE?{96bd-L@NXK=z8qks
Z{gweeRv2cdB4&6(-0xu1yp!YbaDqmX>?<6X>Jq%0U2$DDaiKPL`@Y=jhu|Vo)3+Q0$Mw;ks-!CQm`I}
1yf~lPHzeskk?c43YBIb6Fc=IN+pl}OUT^`C!`zX1ig-;Mydo<cu8&{<32;hs$B9ZCsU(1!DsC|W1LOd
&b_IRG-(&Q$wPGnR&RB5C9Czh5)>D@qdC-Hdlhx3aZBNPbr@aHF*SPB$t~%I3sYlqX>fExd30rSF}tql
go$^>um>@6G0l?pFt#Zz&53{9y57aQ#OZ(83shlnPH$voNMUnmHQF5&IUsJk-Q1+ZJ%=&s@|&mHbl*M5
f*>4D7PYw?2uyEdYgB1%WjJ*Nu}gdoMr}u)7e{?0bR>WH17z$yORD!eAooFZYY9_nXH#QxX>fF3tl4el
KTgFI*|CjhfZ7VH>n$b={WmS6z<Q)zIiF1mOl4taQ)6;zaCDG6WN>+ej~gaaD&)?_rinzLQ&_n0fy*Yd
yZ9}hJM#rpcu#e7m-W{MLar(^k|jH+P94s~ljFZW({ZtfbA~le%!q<(1XE#jbDdR_th)Kl;F~x`_=5>?
(>Td5ZgsqT;~+(zt2h~^9tT%xbZ%vHbEASn^UK%K(4i9Ajp1M~R@C@!4#dQE#lUD;OiKi1Rs>XdX=JE;
#(89C<yY54<;h|?;0()^*%}Qm1K)JObrMg$$DRdLcvfX{sfC1hQ=Vx1u)prdnjyqjL%~$|`n^Ax;M0*k
=eIX_3Q2BsWpZv|Y*1^qGYP2}zqXPMZpc`qB!?qLT4_IWLkGYA9oIT@flkQ>Ol4taR%LR&{2u&fr5XKX
QffLAhd}4?5G@P7|2n}&PV@Ibc63|}Q)6;zaCA_0Vryl2#Bytok0{Z4!I#J#jt!xkVnm$g&}3cy$LV-H
wTJPe2SRytWm9x=#d{%|zxO$Aaz=oyMOH6-?4fLKKPKJW|NMSz1LoXB0#tbDYCz3gCHcMLg#T%!5i+Mi
D<M_A4ptJuzvG0JV8sRqPjz%~Z)t9H{Gz8SzLEaTf~c{WkYggkPIjuQHS#3Ua|L6d7%qre2Ut&TY<W;?
3`1{iZE18?WpZg|c?ke8m44<OVKiC01qkHfuRUrZzt;Qv9WjEZdF4fP;8w8;P;zf{Z)0z4Nn|xQsZkZk
>V@1=_p5>Oab-~jCR3C`SFec^=zG+gvC{`lWpi_3XJt5^Lxv|61vo|<S$`kJ6oIZx{|tq&1{dNqe!iO(
;xh_OWpZn5Wk_LjXk5+Z{(JsNa^70(Juf17(Cw&eOJts5fco*UA^m`=+zU-*a%*g5LTqniYm@h2cyL4!
ji%3ykI<Y<s&nfxrNA!QlZUt8$DItgdJa-$b7gXNWn@BmbY*if%eXB&=4kVCWpXCpfvNCW7iR%TNc7%Z
G-!6Ur?3G54pL=vWpZ|9WI}m#WpgsvwYiq_Rlwao{(T?aUNqayF^88E^#IUpx^^~;)zDW6RB~lyPH$vo
@9Gl|1=xWxVN?HcT9qDk5m#O{2>e1kloHngE|MP04pL=vWpZ|9WI}m#WpgzCf)+{Nc)mXTm=OBn8@DNv
J^I(u7Ttc@lJ^C)`OzK@Qe|^xa&~28LV0v$b2tN1M?y*f184%wsNMHUptBVZ#B!U%rHo-i1kG~VoNp!e
_~i}U4@G!%Wo~n6Z*Eg#Xk~3-1ACLTJsO2B2U!6ncg?mz@CdC==Kxq?gSEg)z2E{|2tsvkWNc+gWCe5J
$xzO!^w7hb16`x)q0rkjWP;FH9)y-8%N3?sW)VSib7^O8ZDnqBS7~%^Wpi^1!}cPEJ+)wh?w~HsM>Kh3
2^DD>YKF13Ts`WEp!#kMM{I9mVQf}mY;|RG6eT>4P{pQ?3(@m6s4{*=wy-PiS_k>Wl|t&*Fr0fZ2~A~m
VOC*mb!8QqXJpH@t3U@-^C5At>@@qQFQ2KNd+8eYXv4en`-lihZg6#UO<`~tNY&HCT(P)^FVARS*Zg3m
2dUS*m(weL9PhQe$_)h#M`dnhb7^x^V`yb<VHre3LD!K=VPp{Exud~W3{+09UeV9nC23Q@)VWoWB^gh3
bZ~WaL349yXKrm}Zgf^}X=GD$VRU6AS5nwzfbg8kY9lvP5=0<ie4{LX?#%HN5CCrq2`Y>XL2PtPVR>b8
F;iu9B}H_;!MSfIY{o4njA(e*y9jN*vODbSxwYq{gu+hp5Knh*Wn@!yVRU6vV`yb<VJRgJ2Em!ld>cVu
Z*8Se%j3y;5n>eohpw0DA7$}d%n3nrb7gc?VP|tH@<l<`9oXaza6;iur}qAa%>GsGgqasH#GZO>h>buP
L349yXKrm}Zgg`(Y-w&}Q)OXnRCsA*F0!Tm7r-z?Fqq(6n;Tke)*kJ44PoBPfF{#q^A_Q|307}uWK(ou
bY(K0R#67|O%*Grnxkw0HI;&$`LH+T3zWkAaKFZV1ceDiVRT_rbYXO5G*S<)6P6lYy(#<=BR_>s@(?%#
f7ArN-=Rj?7Ns(14peesZgXjLX>V>+d2nSm!8D=zpn(&o-7tVWUa<1Q{n`|;)uYyv!)~4rGOBqCPh(?s
a&l#EV`XzWC-dJ*Ygad93@i9pCb+uV$agN<27ESr7(9FG*~&H@L349yXKq$+X=GD$VRU6eY-w&}Q)OXn
RCrKyazZd+g^0-1s}v?c$Nk9{EX~mW5dRI6fB-~%h??EZc?nHrWNBekd2nS$?dHP>9R0ZFSEMRj;Km4q
fBYZ5UUs>0bg9bqiCNAIR$**qZew{=d2nS&y&7&8`-VFfe10WfHD}v`L+>hHy6d9F3e5?wo>3YSP-SFg
a&u*FLvL+uX>@I6Zgfg$dIyj=yj0m~TwL<BwUU8U${W>F91B-Lz;+I~gZmLfZ*F5{VQgh&Ms;pyX<}?;
O<M!73ee$%%cXxzW&s3kLV3B}%Q!jNox5$B>CMj_98Yz0aCLM+b8~5DZf#|5bW&w@WnpY(WJF<fVOo!K
2_;P<TPVu$zjp(KVN%#9U89}6PHG9>0H1c!=^sIJb7^O8Qe}2!VQgh&L}7GcLTqVnWK(5fY*ct@WMp+7
La7y@JVOzJ)&GXo9MeQ_qmbcB?4VH0I#X{*-VH@~bY*UHX>V>+d2nT9iS7Qcy@o`Ksx-hZyo%1Xyg?u*
hB?+UW{Twjef1*-Q)6glZDD9rG$0JzQ^rkp;<hfTW-r=0*^$2nt0@k=(Dr%*O3V&YWp-s@Y-MCYbaY{3
Xl+Es^e<`!Iztr?rsl#d#OQkEER^^L)C{HEhxT=ipb%1Jc4c8~Wn@NmZf9v?Y-Ml_We~E0fo~tTJ>?Q(
lLJ=>rBY$70^roXTE)+&>In@)Z*F5{VQgh&L}7Gcb>vO>-_DBy8`Vb0jGrW9$=2qSMXvL3H<hRK;Ry+%
2u)>lVN`i=Wp=e2Xp5rzopjE#5h98`u~h0v`BV8NkLOrpFzp4z*br25VQzD2bZKvHQ)6glZDD~P=a&wU
zg<f1V~~@ZyG0C&AAkt#?wQ<ixhN9P;!z+$b8~5DZc=4-WnpY(WJF<fVM1(aZe&wsVQf@*P;_#F3=OYq
{WJl0D5$<taF}`D(vhh;dznIqw3ol3r>WZ$SVL%GX>LMnX>MdwWnpYocxhyWaSf9!PV~dK2uo>;u!nFd
emP_$e?^hl+JkM;eY!XZL3DIsV`xcag}C@DyY!@{4YR*LMYs=?Zg_*ktx|21^lzg9sBTBv4nk~cZe(e0
XGURTbZ>Hp{^Dg=h-~N_zJ`Red1EINWrM}GXaQb}6c#qIM2EQ!L349yXKrm}Zgf<6aAk>WSS8KIkY89@
$6%;X7qJ(R#b4x^L3+^xAn+qc8}SNQLug@XZd7<_WRJVT=tr7P<W1sTaeuw~6S&mTk+f}*!2lu#8{vv^
H56DwXklq?LTqVnWK(5fY*ctqbaImrynwMZT8l5kSW@l}O=!>^xB4~9n`Dx!RtcK)nwJGnaBp>VlfaZ*
5|&qoaMx&cZSO)Ho!_*yjLvyQo1^f$X+6j;96@t)X=iR$Z)s#xbYXO5LTqVnWK(5fY*ct@WRz0V+XJhs
s8OG%_CC-Q>(otsF+cqN0Qy}ddQ=3E5C~IaXk~3-No1AC=6W7=VqesjRYGc!>wZFzp>JB4@xD;^wu&SY
_r(NHa7kpJ2rNlD$O59e#ogQsB77jPl+<X%NY5HtA>h5j^*S;NLvL<$a$#e1No1e`Kl5dJcM298OG8$&
jbSVxRABjfu-DqG-s#fI$h8?kb8~5DZf#|5baO&%X>MdwWnpYocu;h5p{!ug$tM5AW?vkKR=01*P><ZL
+1R5`BQwXLDB|gz5LiQKVQFqqbz)a(bZ%vHbEY-WCzF0`&~C2RzkRf-_drf2g0~9de8(o6190$lE*VsL
aAjmcb8~5DZgWCxX>MdwWnpYocxhy&j4+W$OUgRJVvNU?M2#%ns>Kwa1v8ba_B>T#2Nxy{Ms;pyX<}?;
Q*>c;WvQZiSChz_$|Xx}eRkFNAr%^eLl(1e@}~9=0-ijXfCfo!aCLNZvQmO%=*Y-Hha=90-;tlQwtpoG
yT!dC+ykCui>~ob8dQ03Wn@8fb7^O8b3$xsZe&wsVQf@*P;_#(T9OwrXYMoH19u?fDdBZW6z3S&a&ziL
bG4&=Ys$?XPjz%~b#y^<b7^O8ZDnqBQe}2!VQgh&R$**)Wwz*mh8!q$B6|*YuiTY;OURW8#d%1{rxIXt
TaY^?oCrx|Wo~q7ba}y<wFIPNm9p@0Q=N4quj=`j_>&t6$4Wi|KW;46+RYwMb#!obbU|}-X=iS2Wo~p*
Wp-s@Y-MCYbaY{3Xvk}Vdkb29#*qXha^)f?kI>J>8dqqbOFybHKpQ-MBMCulbWCA+WpXjeGP>7z&ZQf?
Gib;@<z7)T@<=D#uEVZ6wPLxn5hWxcL349yXKqquc4c8~Wn@8gbYWv?LTqVnWK(5fY*ct@WXX@3slx_K
8vXre8<)H){QgX6j~{c$E$eY_=V_ZFuLwbNb7gc?VQ0}9NzR~ut=}nYx|C&7H8V~1aS|QQ91{u0zZD8?
A+iZYcywiMb7^mG(PtOELlW@z354$cZcQEw0|O`dPRP3jk}Sl@F(;O)7Fa`QVQFqfcyMfKV`+3#WnpYo
cxhzSjb8{1n}Vi_2Sx(mPtQ%C7;C?4Hp3VmIkXhJs^;PaNp5g;bk**X4oQf!Y4K`P(FaQVwIle)QgI&p
Ha%8Z1>xis%MV9vZ(?C=Q*>c;WmI`^W!jrj6Id2jc94hrndMfLayEe1ISdA&%p{mB1!VWk)dNOmcG|`1
9mwqd!6t9MpF6k$l8zT&IM0)BxIjDir5zArRUtuhb7^O8Qe}2!VQgh&R$**)WkPIeZe&wsVQf@*P;_$J
idq_i6cBYN^7xEELu$lFU37Sf$J;ty5yrmOX|)6pSVL%GX>L<xV{&D5Q)OXn-GycVZ((E+6z-1k*Q)pl
vl=9@swb(NvM}hX&nZVu307fjWo~0>Wpmymk!z-`g4hv-$6z_YxoLZ_neUP>BpbEf7FA*KKfDV^Y;R&=
Y*Tb$bY<R^g(V1~mpVc?sm@8R-oNWf)3U#?x+H|z4q2O%cAX+Yb8~5DZc=4-WnpY(WI=RvVPj}QY-w&}
Q)OXnRCrKya^Fu~*!kBY4M~g?F@sh?|4{T^)}<>?j2hN@!NP)tgb_z<Z(?C=Q*>c;Wm98lWo=>K&#961
hviK~w*eJg04e;HYn$=SsX>loIF_owDud_<Qe|XiWo>0-;kH10;mxDeK6AemMgKpTLeB_FFJSRdS6BpI
8#0ag5L9wuZgXjLX>V>qb#7#AW#Y~*!(qZ;Lj-T~1#;7GmaeV$(NXMz5-`m!kXibHi3(J5VQzD2bZKvH
=X=;sN=FXn896Za2NoZGE8jIYgb-N;xELn<JK#)82S;UYWpinB^?FS>S$_F2)vN@Mb6UJ-F(lri_dqer
x4lR4>iBsz2u)>lVPs)+Vfpl|2xhK9cV^W63=w?<vDsAp4rg8xJ7NUuaZl;xMhr%EZf9v?Y-Ln=aAo{7
McrS|4GaIQ6{LE)1tQ>Eiz^#2Wm1QOk9#fajy(@UZ*F5{VQgh&L3DIsV`%?qW59S)fNA-MxPs%HqZ2GT
KAXWWi*W4(A64;XFkcK(Wp-s@Y-MCbVRT{t(nscpRQseH2M_=<BUp7kWJIK^B(e${q{8}pPNBjeL349y
XKqquc4c8~Wn@-iY;|QqY-w&}Q)OXnRCsA*2vSEvQ*>c;Wd#5Zzqsu<Vs4~^x-|0?`BZi3R@p~26Wk{l
7Cd9N;fb*dS7~%^Wpi^-Z*!?**=5*wK&IPLgAWyr0$rRmd)%4`D?)cmEy{MuU-Ah@Y;R&=Y)^7zsy3ye
oLGhk>arwEFP3Bd@tgOMPc&wc+%z=)WFsvk4OeM&Ze??GL2hGcZ*uU7vJ*uCRRg>V>90n=8UTQchyO0x
&zb@6g(vaGeu4^DX>@L7b8}B}WcHP6l9d_Tg(J#p{evY3asEa;d{I#*IRXheuX3f<{SQNLZgg^CV{}Mq
b98TVc?MEPLQ`~PBmf4Ot+(1Z!Y#S=r-tc=NPf>PeW=$`IKP*ssSB}HE2RoUZ*FvDZgf&*W+BHHZO|$}
9Zg=R%ZE7et&pz}oUddU0B(<>YerIc3kOqaXF_amVl6!z>$Hf*3BIk3K?0+eg&NhLhNj+GEH|#k*pSWN
F$z$1VpnN&Ze??GF-zYc1V|NYPqPe@GjwW0II@tenMb9)2AX3$&c*E!4nb~iZ**aFX>V>$VQpnM4jURh
cYiMi{5`y}{I@R8Sz9aZEQ-@0qgGTiyVimaRB~Z%b7^#GZ*ECuVPj=DKD$)<CU$ff@8L|mnR6t{7b-58
@5hN?sH%L{2Uw68PGN0jWJYOaY-Ch&VQzD2bZKvHRC#b^IBPC=VPbTt($!KOO#Rx%FX2Qo1k!36(;xxr
OF?sH4n=r$Wo~n6Z*ECuVPj=E#~MC<5IE1bzMOP@>#x3$o4Af`kVHyQ&~TYCSRqgaNoHYVWjo5ifddHP
E2~=}XorO3wsWOd*yR8%b;g^;wLfB`aR*6eVPj=UWIk*0^^?(m0E0zBOZWn(@&jfq2YNoZ;ZAl)>;YPD
KMYo3Y-Mg^c}ZqrV`V<KNY6I<5v~@QIWPpZY|_Y4b;6H9FjnZfWO1qYkW~voZf<XMVRUJ4ZgWei$cU-b
<11?Ur~I=y495{S&B3%8Yyg?DnxLGM`ZEhbb8~5DZb@cgV`WTqLS~Umd*UV_uK|%Vi!jjy3Bxsxhkr+(
@BFL=qr(MOWpYk$R)?jU+FZ2DLr`QR#xHIKjC^A48Li8o%k$8HEod=_6;5GoWn@NaWo%?tVQgh?V|i40
aAj7=4|u%BLKZsPM)+Q5=+Gx>m(ZiUQ7;QU9z@vLsQU&<ZE$Q!WLWkQUF>dKHyBH|__hx_vscRWAu^w2
r{b^x;wDWyGYC_4aByr>bz)%7*!qj;5j!p=U<NIL)z3DRlbi+!MX6qRP|vAp;Z+M$WnpYrX>@L7b8}-o
(}}Q4NmeS)xXw6rP$n8;6mfj6^V<s2v1V&!Jhci_b#QQOWo>0{bY^(n2*P!2g5a=@X3Fq%d{pJmPOUA$
mr%!bdPGT%r3_PJXk~3-NoHYVWpigThrkGM>lK<t;rC8@{}^+@;t{u}DPe<RQ@k)=fRzVRb#QQONn~ln
WwlwnKfCTqC!TnpV`xO%(e*mXP$JGS1-q69d*2sMVQpn(MrmbiWJP#%Wo~n6Z*Ek1aAj&I$}^a0%{UX9
Wbgv6%zme8drchATOhM$_QWu+f~5&TZewU~a#Lk=adI6-(bd|-i#!&GYaF>qoh8ard<vWyk8dM_iUWd$
8BSqsWn@NaWo%?eY;R&=Y*Tb$bY)a|aAkGvCH_26kAtYeN1V<!u&Wo(K7)7|W))FgRcc~PEHMm6Wo~72
X>&<tVPj>4S7rwg9}|^$ORAg?_G_n1nO(?SEuMzN{%51&MrF+jNoHYVWl3#tY=#&RENEw7&f?o%+)B!Z
pG}K!%4G?I4vp$|ttu*CMGHf3ZggdCbW>?(bB4g)fE@Zx_8VV!VgW89U{2OOpSL%4#$e>_yXHjFISEsB
aByr%bY*Rn9PeeuXILaAA3^JIKdZ3ic!M@6PJV67bl-3#Cg!RLO>bmrW@%+|nIb5$QI^$V6PNW$vdMt6
d#0>Rmk*`=dQ)K)k7d+w7*1hrWn@NaWo%?Yb8~5DZf#|5bX0k8Wuo9&)X}ib9i^%gOs*8bY}uR&S59aN
AMwsm_ykY{pbAuSb#rt~Wp-t3y@7~gQVy8J>pg27DwvPuRhrP3QWOC!bDKQy2TX#&5>8=lWn@NaWo%?k
WprUwd2nUJXXT7NJOW`Spw3o_*cmz+=1%_1gm*5-D79nn{HtCLPGN0jWL9BvX<=@3bvVih=8&Hpw3LVJ
ZG0TWlikxJMmHEDQne=0G(X}F$%G3>Y;R&=Y)NKeV`bF;kG60)seH8)H{-R`;$q)jqasX><q0M!l`@bT
^cM(Ib#QQOO<{1}5*L%;0;aCiQJ|59X$MtYfuG797WD*nLuxTFHK=+DPj_x*WJzXWV`bvh6;Kh;hPv9L
38+j;K}xwT<$*JN%D`Il^nAqV=^+V2Z*FvDZgfdx15<Ql2>>UA(Tr;j#yqcI82>cBr>9x-Cs#sheE97?
nsOaXHkb)PY;b5{Lt$`pNWLQ%D(Hkon&*Qwpawq)`VKLB>Wd>h=Ype%b?2724ncEcX=zY$X>N33Vr*q$
h9c2>uJC38-{*D7fZ(%hZo23R4S;p`Q9JBQllDynLT_(uW>|38j$F|Rkm*bpSUudIqf?x<LRg@~V42^p
Is*%m0#!A5X?SL`Yr0-g|LLO<k?a=}&G=G4sB=Iu#<i`cI;1)bL2PhnVNP{zL}7DidPjz(4^OqB<q89*
y8zxgORf>|1Bk8zGh-IHIi*o-3_)ygXkkNPaC1&|ZI#2l$xQ-a`EhCyJoZT~T}~sIjxz)>1<E$sZEo&o
v<^XRaA;vpb!|*<WMOk?xr2V^K(3M#+UqoAlKrJ#Ah@D~Njwy|v&?kIorn3a4?%2jXkkNPaC1y=WMOk?
(LD^qDjThOoUD3@_&O-QyKhbjQPA7S3-rijhpe*R5J7BkXkk-rVQg$nZ)9O}XbV$xa%p39RC#b^a}NLs
hQW&>`ZdvNB=ndTz*X~v;Uq>`<)y^XImOPdju4LvR$+2!VQzFzVQpm_v{(W1V6JV*{3!yZ{M3XW@z+p<
?Hl01LM?X!H~4Z1MrmbiWKLmiWh7(TzkEvZ>X9JtzktHWiJ@1L)babHELfN$u@7k>`Uy~SX>DnAX?A5X
{h;vIo29B#Zbv)THgnzJqzni;K&IS<C<jXmVG#=lRC!ZnZAoNAPCIf%?R{+=1^a)^o>mvLd)pN>Rl&wr
9&I-v?L-&~MrmbiWK(5rNn}$N2!s^Lf^?|9I@Xg>Oi(W05|TJ%PM*ricn_PmXk-Xfd2nS;VQpn(jMNXX
Ylf+hXQ9AJ%?72#_KJ5v@E-96<bGHZhy70yRc>x!ZDnLeX=Q9=b5mt)Nn~pTqZFQ|l>ioJpYH;+t0eX2
w~A!Q+0eaZ{MVycPK^aqWo=1heaS*6)M5bHCYFUH@63IY`6K;Dlo$g{Z6f4)7N~Yk2UcNnX<=@3fzvD`
*Td*C*~4P}$n=kpoj->tyfRKr<V>OAiJKV)22*KzX>Mnd(*pTEa(nZJgZT^?2ML$C)mClKyTm8WaJ}8C
My}crPGN0jWJYOaY-Dp&Wo=1hmm!0y(Hu`f(Fijc5*b_M4dV<Hvs->sY!8b|ZDhq!3`K5rZB}7&X<=@3
bC}8#qjhfwd&>tyAtR<)2LcK~xyL-@iqBUFK20Q^<PcV2a%o|1bV+VzZ&PJ$No4&PRddopT&MbjX|y{i
w(+w?xZ8j>G*lRL(MHiY2Qv~?ZfS3BR$+2!VQzGDQ)O*QWc`7zgMJGKo2X9f$R<paB7jjJXW=!G<ehb#
<LpI(sR~qiaAi|@b97~G1ON>~Z*FvQVPkYjZe(S61_BIlbz*F3V^45zb#!w82?7q)I0;VjxPhubQSq~a
yDtYu<zoF26H4ZQc_D-n{a%w0ynwMZT8l5kSW@l}O=!>^xB4~9n`Dx!RtcK)nwJ0o0000000960{{R30
000heb#!oVX>N2+aBp>Va{vkg4%IjbPV%^csz6ckvx2)X2S(*${SgyN=74!2gcAK;(PtOELlW@z354$c
ZcQEw0|O`dPRP3jk}Sl@F(;O)00{yP)i?=G^0<MjKvD6tg1avVM&)At5fe)0fO#Q=68&D25WIk~G+K)<
!&p-84^3#$9k=>5%bR49t5yk`^qQ9d0000000030|Nj60000000000000030|Nj6000008O=WFKZe(S6
1_cdoa6)x%WNc+gZe(S6015&Q)i?=G^0<MjKvD6tg1avVM&)At5fe)0fO#Q=68&D4$mV(;bz)!CmQ_M(
k?Vd!kfCo{nDM?)_qK{868FUd4%IjbPV%^csz6ckvx2)X2S(*${SgyN=74!2gcAK;1ACLTJsO2B2U!6n
cg?mz@CdC==Kxq?gSEg)z2E{|0000000000|Ns90000006Jm94WNc+aZ*FvQVPkYjZe(S6015&Q)i?=G
^0<MjKvD6tg1avVM&)At5fe)0fO#Q=68&BSdy}<28ig(gSpg+?&9*`C2(3=%09avzwZKZf-~wC%4%Ijb
PV%^csz6ckvx2)X2S(*${SgyN=74!2gcAK;p9m~TI>-W|y2ahx3nF|Vuawki#7NH?S|Q-Q!u2{b00000
00000|Ns90000005@L03WNc+uX>@L7b8|^<WMy~&3IYz*I0;VjxPhubQSq~ayDtYu<zoF26H4ZQc_D-n
{ayomleIk>g)RqK0VQ|Mwn6X+txo3vSYd;;z)HQ~0$c(P)i?=G^0<MjKvD6tg1avVM&)At5fe)0fO#Q=
68&C@Ygi@C#*klFTE}3hP#3Wmki}o*nL&Ed10e7tM;q|~0000000030|Nj600000DV{dMBa$#e1Np56i
cmN6l4%IjbPV%^csz6ckvx2)X2S(*${SgyN=74!2gcAK;p9m~TI>-W|y2ahx3nF|Vuawki#7NH?S|Q-Q
!u2{b0W8#V&bbGUt!Bq`S1yuTOW~jDcd`iI3^X<M9=eT6761SM000000RI300000001b3ya&2jDVQfim
WMy~&3IYz*I0;VjxPhubQSq~ayDtYu<zoF26H4ZQc_D-n{a)LOS{i~B5OpZ>_>4e9YQ#rfba;u!+d5tm
#=h2RwFCkV)i?=G^0<MjKvD6tg1avVM&)At5fe)0fO#Q=68&D25WIk~G+K)<!&p-84^3#$9k=>5%bR49
t5yk`^qQ9d0000000030|Nj6000008O=WFUbYXL71`P;vV`yb<VRT^t3IYz*I0;VjxPhubQSq~ayDtYu
<zoF26H4ZQc_D-n{a%z()7t~9tEf?*r}jS36zkMYeK9}${s8)2BzjZ?kPrf;=cKfA5phxImUW~5o<Egw
pBBbNkPRb16FHK*Q>!;-c-;uXb!>v*u#RTR@N|4s<<3s6Ey0&i$8~x{Nsgre00000000300000000006
X=Y(#Wpe-u0;T7qv~v-0QRtR+qyL^im2saI#zl|~BR~^5lDku@H#^F}fddHPE2~=}XorO3wsWOd*yR8%
b;g^;wLfB`aRR01q_lGpaZ%`&b))~DKb3Kx7RE)84I@AkIg-0mt2a5v8a{pyIM27foOFHbufC9*xQ=a*
L`qQ5aG5b!Ay5DS000000093000000000MPWo~72Wpe-u0uI$U2~P63fvP}J@w0-vF9$~DV*L>lO6Guh
A%qhBUY`goNjk^^qPoT1+zTRnAg`3vXv9d*8d@RXy~6c6G6D|OI0;VjxPhubQSq~ayDtYu<zoF26H4ZQ
c_D-n{a)vL*iTAF4(1s-F!l!)AAT#}H8+G1Sp~QlCj2|#OiBO%000000093000000000GZb#QQO015)7
=cKfA5phxImUW~5o<EgwpBBbNkPRb16FHK*Q>!-yn60<kIKnNt^{0mEhe&?UEq$ohQaHbtrl||DRV$?c
2?C|(q_lGpaZ%`&b))~DKb3Kx7RE)84I@AkIg-0mt2bjk(}}Q4NmeS)xXw6rP$n8;6mfj6^V<s2v1V&!
JhcD-00000009300000000000000000093000000000MKb#7#AWpe-u0uI$U2~P63fvP}J@w0-vF9$~D
V*L>lO6GuhA%qhBUITlRwLKbzE(ciwC3nrXLGTEzPUiqvVS}~6O1<C$TmlZ&I0;VjxPhubQSq~ayDtYu
<zoF26H4ZQc_D-n{a)d=Kz!lNqtrfgzZ6CPKbS(#2ud$t@laP-1YR35jrjlo0000000960|Nj60000VQ
cywiMb7^mGa{vkg4%IjbPV%^csz6ckvx2)X2S(*${SgyN=74!2gcAK;mB{9L9(7`0)Rt93YLV-HLXe?v
TA1;^Q1`ZqBog<<0uI$U2~P63fvP}J@w0-vF9$~DV*L>lO6GuhA%qhBUeOsz&Y*v--zjUllx0#iGfnkz
5*^MQ6A8z^6$))3vH$=8000000RR90{{R30010<#bZ%vHb7gY?3IYz*I0;VjxPhubQSq~ayDtYu<zoF2
6H4ZQc_D-n{a%S{SS8KIkY89@$6%;X7qJ(R#b4x^L3+^xAn+qc8}S0A=cKfA5phxImUW~5o<EgwpBBbN
kPRb16FHK*Q>!;%&e-~k=n*?EC13_Efz{78l#`qW2t}!0cu>!&Y2j4>0000000030|Ns900000BVRUq1
V`yz<Zgg`13IYz*I0;VjxPhubQSq~ayDtYu<zoF26H4ZQc_D-n{a%D|4U;TR^uxCZOKFR+hj1x=Ib<Y%
MUmLrgKg1$x;Ov`002M$0000000030|Nj60000000000000030{{R300000Bb7f<4Wpq<zVQg~%2?7q)
I0;VjxPhubQSq~ayDtYu<zoF26H4ZQc_D-n{a%l|!sthuPUKDEU2%WC`V+X+(UG)mk--2W1{>juaWwz{
0000000960{{R30000Vfd2nS@d2@7SZ30E=qhH(h<B$P5@#5`<3V$8+S7~5Qj4-A{WE1=O5ZV2Ku7iFH
2b-u)>&PZdlOljoA7|k;k>s6qoa5|8f~g8=WMyu2X>@62a{vkg4%IjbPV%^csz6ckvx2)X2S(*${SgyN
=74!2gcAK;w&;L{94K`ndk%K5+?9Jv$dw7jc}U5p5@2#$kUJ%u0;T7qv~v-0QRtR+qyL^im2saI#zl|~
BR~^5lDku@H=^KK)X}ib9i^%gOs*8bY}uR&S59aNAMwsm_ykY{pa1{>000000RR600000000eAlVsiir
0%CAAe<9`Lptgp<tz`UX>r6F_xjAC6(~TLj#*ewiHm5LE0xkJm$nc4yMWR2J-cc#Q6SofWC)gp7L6!Sc
3IbwqHGd)H<Dj;Nz^!EbXX{KgjJY{tu+xnhvc`|O#x@cJr?vtRe2PRb^)}W8ZdqCQ<vDm3_znHV4{>lr
&gK9B000000096000000000DYX=if)3Ie6)q_lGpaZ%`&b))~DKb3Kx7RE)84I@AkIg-0mt2g4*6;Kh;
hPv9L38+j;K}xwT<$*JN%D`Il^nAqV=^+B8=cKfA5phxImUW~5o<EgwpBBbNkPRb16FHK*Q>!<I7!WLI
XJF3a+g{vC%7&j!i*U+i34;!e>UOOvDqlqa0000000030{{R3000008O=WFUbYXO51_1|XX>)XMa(Ms>
0uI$U2~P63fvP}J@w0-vF9$~DV*L>lO6GuhA%qhBUY`goNjk^^qPoT1+zTRnAg`3vXv9d*8d@RXy~6c6
G6G&+JPWgs`Phuomz|4YFKUrZ3R8T&+zFIbV+=CB(MtA}YLb;1+l3>_YW;&H2XX#JJbY16COHBLIj?f1
*8Kng000000093000000000

-----END STRICT TYPE LIB-----

