-----BEGIN STRICT TYPE LIB-----
Id: DTKsBR7C3omBMsD94cws5moFZofDZ1qtnskM7HELprCf#young-evita-lady
Name: RGBStd
Dependencies: 
  c8Tnib31q1p7szyPukEGDoQzJQ5qJwPCn5uZCHUXzB9#cupid-metro-warning,
  57sPvZcwQaziec3ux249XoCMhziQpKB8Yw99U5oRwfqW#deluxe-safari-random,
  5teCJyjMWaxbQK8vdga2soWh2U7waERS3ev8KHShJcgv#trumpet-scratch-pelican,
  DVtm25LRKU4TjbyZmVxPhvCmctZ6vKkPKqfpU2QsDNUo#exodus-axiom-tommy,
  DzTvt9gGhPUKD8Dkkjk9PDBhkJ4gtWxXWQjxnmUYLNrs#voyage-kimono-disco,
  HX2UBak8vPsTokug1DGMDvTpzns3xUdwZ7QJdyt4qBA9#speed-atlanta-trilogy,
  Hzv1xPBtQfqcGYeisvS2V9DPj1VRC5WyYfME2RtmuRpu#blitz-english-eric

22w{tQ*>kp2>-+OLFT7d<m=O%Fv#OJ-Vp}8O}|tl)3K`dGe1{w20~CnZ*pZlF*fo
JuzZvri9>m6{oTZGS42tPYA&eRCTchEu`7iPLvL+uX>?X)a%pCHNU3b>%M}yz;kw
bCmqWQ?a(0yP=wbe0q{)>8+xQm03sZD*X=8L$d2nTOxw8kLTBlY?hC@Pbx)uvRkB
n&f=uiF4Ermb|dF>Bi1wm|eR!zYK%tl@;WNu_lcw-g2$nLVb<*lb*ENIx0;35YAw
}=B%bY%5x6JjIwIj2eqliWu}$@z+_xPw?-wb>Rw7=FYk8VUzOX>?<6X>R<H3istM
DPD@kX>W%kpsjP?a;$Z&*CGZp5%55?$$A4)M?wb$L2PwaO#%RI@1Z8)ymjIKNK5;
L!8FkfGTe+FK;UUh9M-4n+}vRYOle|MX>?_$FjWFA`CQ2GiK9iLKbGE6DZmrA4)G
`0A&^0p`%?-9Ole|CWClV|LvM0r4*&st2VDR_OBR)w8yCZ2EylR&t_^>1Sz?kFbz
0>alMxYAVQ_L~bWU$%Wl&*qbZ%vG1JyK;>qK>mX$cszrKCL=@F5H{a;)B(Tlt4ro
g*WC5Jh-!Y-wX@bW>$vY*ct@WDm9<m_HirtB!lh<{Yi-S-!KI0_27BH<@sVme~^s
3=33YaB^jIP;zf?W)s9yQf4Q+L?w(nXY|a%e*XOAC%4aD5B-6UFMfO2d=FG%aB^j
IP+@dvP;zf?W-hl7CAn^87TS9h9ibhaZ&^Bcn*B*;w|~I;-PD|t>jq6_bZBp6I6q
=8aZ}RBA(1@GcO9QSWZ!o3C{<Z4_(nsN7ENsh5maGta%FT<X=iA3LULhlV`xSvs4
h^n+Zt?u@<&aTIfpUd`<+;gOgf;C*Zs6&x77|pY-w&}Q)OXnRCrKyaz{?jT+rxDK
6vW;JU&?LxLM72H?wDC1Zo}=N}D)4mkLjCa%FT-a&K>DXc_Cg)w39@m$R6qOEzWQ
+NTC@=;<Wq17N9?v%LmR3R7ica%FT=WnpY<q_Kmioe<g<63Dy2*%VnIH^k2t{PVe
Qdu4k>m@hmVL2hGcZ*om#a%*g5P;zf?W>0W(Wpq$-Z*OL>#&NEOd)wn+n#11fGQ~
$X901P7x>0daZB@{PThHqaLTqVnWK(5fY*ct@WU=KqITQ*wzVL4v&%PXBrElTk^n
G{;D0#op`qL00-33&5P;_#^+Cb)ZngK=I>U3jDwWhRj1VIPy_M_O}9Q4WF_AR&^L
2hGcZ*om#a%*g5P;zf?W>jHta%FT-a&K>D(q;yjlY%pJDeEEJJxCZ{Qx`pXd7Uqg
UBc*OVbGxJ96@elXm4^&WpZn5WkPIkV{24laB^jIP;zf?X6w`Hz8(D=V&-Z&(5dQ
h=vddbk7nG_LxlvzHz2C%&l^E*V`y)3O=WUxY-K`hZ)0muaB^jIP;zf?W(PuPbYp
L6ZWI6k8Eu6r$oASqO%+a!oQ%Dm4~>ZeT05|jA;vvYupWm6Q)O{ZZweWZ*HiKem1
Z9kJM|+<C6E3~$lVDiq#NV}y^f+rssvPcNp2zIK10Q-T=FR=Q=>S+XYD&<oK4xzy
{V5hX&1W5Lv;jJZ*_DftM$1O6c@UqIn-Z!6?La^OW}HT7+ugYHG0&^E$M~}Q)6;z
aCAa>bY*ifyRPVjiFd`Y2QhLn&64&owka*miGSR>-o?7a>3`V^RAF#VZ)9aiVRL9
T+8q@+Aa1+e+@!-jhcW8%o2S}z-#y5JARJB>wYeM!OmAarRB3HxICTWEOMDJSZAY
FLM|~u8B!Bn=Wb8dls`ok|_d#@P2~%ljQ)6;zaCBd+*=^-NPQ?`2v5jYd+6t@dEh
Y>7H!Y*UdZb-BpG^u(WnpGhV{&P5bdWn_aCwA}8zxgK<j%&XiA11NSh(<k%O<nC_
${70^959RPjz&c_16YMt|~K<B|E529nQp)<G()Baj}PUhBZ#ih=OYbQ(<&-omG>p
y7|rEn>a@Jg9&ldILR+=b-aAzAVr?5I2ooM2UlryZe??Gqk=;7%h%D+p%U7S;b1R
T)c9`>#Kd;Rz-U=aO9W+B1XOrwWT<?`d1PnhSJy=4$znR-49k_-8VxT4-*mur5>L
Lzo&{8RR%LRjg@kugo@o29zwXDHA;ech!BqJAy+4@X(~&*rw>NkSNp5sya&BR4P;
0g`38@&rwvr8Q$XKK#ha*N>X+Ls92fzOv*E(~7PRR#MWnpGkWpcj!9{gsd8U18ZY
C02#K<DugEepQ?I>AOx^Y=h@bX*KmV{&P5bWn9-Yh`)Fa%+!|DA9Vsm&hHC4WXN2
M4aZ(WL^Hp>3BS~hw-BaLV0v$Q*?60dm);?_c?BIMu4qFRxf<)p=@qHCf(fs{C;c
$=G;UARCwrWK+Rkw`Mu(V|7oQWGN(Z+AyvH&RuaL#<Ajx9#RdpZb#!oVX>N4<qNg
gpk^aqssIi!kV<N&%cB-m1@+8r71!JHXE{ItNSWj+jc~EN%LvL+uX>?X)a%pCH1^
_TE>@l<|wuPSOOLZ&$Vj#jYr62iSlS>y#`6AYfdEyIAWpZn5WkPIkV{0&#e&!uvG
+Da^2;||fJ!&Dp*8BS%F@mRg<wbPhR<R0Da&L5RV{dFpWHmRbQ5DGQh1^p2tAX-y
Wl;qtQ<OqiuZa`rd(@k;(+5pub8}&5WjLNgh9?yTI7S;;e;>sZfv!yd427@;7veO
2zMB=|GYU;*a%*g5NMUnmh0#5^R?l+2>x*OcO&#*^E;5@PQ20HKbE5LJk_Il(3r%
HmYiwmua&K>D*tNNq^HspzKK^|l-Ci`?%`u0U6ZHVlY`S(fi`CFq2vl-qWlnEoWd
l-2LRkO<dy}<28ig(gSpg+?&9*`C2(3=%09avzwZKZf-~wC-LUnFrY-LGg1#{rZP
|m9K(8HSpU8Cxu(AzX*g3wtWgq9@B6{cBc5kYfvX=iS2Wo~p=X>@L7b8`oVN1%J&
mEprYey<^0zTz(bl&>7hxcI*rY&UL5{23uZb8~5DZc=4-WnpY(WI=RvVPj}QY-w&
}Q)OXnRCsA*2egEhq;JX*6>IA>9E^!~{d-M)UE&Ds<uT^M<8yzD2}f*iVqt7ga%2
n_6g~eKMNyz#yd^`VR4QIQ&1Z?q=_jaxEGzVhjFARYV`yb<VGJ}5)kig?DXy#WHa
VL=;R6EOr3RP7YXPg^`}-jl5gJ%SXklq?L2hGcZ*o&*bWLS)YiwmgY;R+04!^kVI
AU(3gSs^H6!}zj=~mfCH51$?7#2KZw&97f3Rh`#Ze??GP;YY(0anz5G1go}9;n;X
LKOJRSP?GM3kU3+#h6f88Dnb>L2hGcZ*pa1LUnFrY-JOfzmgw4E9m=X1B&&Trgai
7lhEdrqlg+)m4H05m)jXsd2nT9L349yXKr&sY-w&}Q)OXnRCsA*6`5yb%eAXO2UP
PRaj@((`=>9Tsh)f38uw_!yYu^q2uW^mb#zT(a2Ldsa$+)UwQ~^mIfU_{T^De|UP
eZQPHy@f2xoP2*$h)-Xk~3-Q)6glZDAQiL_yb)N?~LW;<=;2Rt!{5uU^s5+a+mJz
|^@_ktG>Vb#!obbU|}-X=iS2Wo~p<Z)s#xbYXO59(EV;Cw<#KyWwgNauK&}?N#4z
Lk(3CUjuk2r9xLH2~KZmb7e$zZDJ%>QrKmH@SMtOBR5nML?B>%qbz^!%<&Wu0B;H
jDvS(4Y;;Uvd1Z1jQ)P53Wj;1%d`l;`|9P5nO<l(cJODJo9{XPzzVV>Ox7YO{L34
9yXKqquc4c8~Wn@-iY;|QqY-w&}Q)OXnRCrKyaxSu^{ujV7L@=1(T$>wOY}Ov_b`
4?P%YY`+Wb+o`y9rirX=GD$VRU6Oo>ox?`Aroor<$W|05z3@o%ygg<qMR;{BXa<e
FTLGL}7GcQ*>c;Wi(O`t`n9TUcD*&5hFi^PVx{q1b@^7zTcrn*%qZTXbx0zVQzD2
bZKvHRC#b^HR=}=^v9I^7RJT_#I66$xWMCXYm6*wb&d8uegVAG4_HHJVQFqbZewU
~a#Lk=HSPT>A9`={xq7&jlb7sU7Xf7uzxoF5-Cq0p;SeWBB0+O=X=iRyWp-s@Y-M
CYbaY{3XhLjhZe&wsVQf@*P;_!O!8D=zpn(&o-7tVWUa<1Q{n`|;)uYyv!)~4rGO
BqCPh(?sa&l#EV`XzV$`s&*BFE!7f<~0G!<krhQ>N(33=ZMwm5I8EcN_ByQ*>c;W
m98lWo=<XFkyv=$keM8CP2si$rmim(Ekws4U>QXM0|*v-OPCjO=V<hVN`i=Wk&7h
!w4MxxaL=+DqP^k2!wz9AHH68xp8!<%Jqp^&I?vyY-Mg^c~p6DWk|gmZWsH8I~II
?C0;dW+k!*yDqgzlqQwf$39g<|8WK=tWMy)5Wo|=nZEb0EZDnqBO<M!73ee$%%cX
xzW&s3kLV3B}%Q!jNox5$B>CMj_98Yz0aCLM+b8~5DZf#|5bW&w@WnpY(WJF<fVN
JtXq5)Wx-5tGiX`t8aiy%l$BSKMO>yzV<omLvNj|WF(Ze??6b5`hBa&pfIM-OlHH
j@M@X7K+!vWiUlBqA7q6Nj9jyAMNeZgg^CV{}Mqb98TVc~}ya4IqoOO|k6t>N>@l
n$G2kxM<O?%1CxCiR_*lJPlWAbZ%vHb3txnXm4_4bsj>g6`?#s5rWnKhSeO?L~x^
!;Y#eFP|P}0Z%Ez^MR;^&ZgXjGZd7@2WoEROgpb5|Ibh#3lIwO7kh2b~5Yat1R4r
0u5eSq}aSug!bY*UHX>V>*V`yb<VQ5n{APn47#!YtOwl1n>FWNfUk-rA3DGt2Q_I
d+K%nnjzc4c8~Wn@8gbYWv?ZA8ZOFKPukLlqCE=E5w*=z8TWl=ueJ45i$M_H~V*5
K?7!WnpY(WJYyvXK7+=WpE8;5VC@SZy&ck<q~6)16K&8QemwE;MBfa#m}ee2@OMU
ZewL(Y-MCbVRT`1%H$JEd4}B9%1(8(PC2pmhu5Xiz&ApUnUD)AfX=5FL349yXKrm
}Zgg`(Y-w&}Q)OXnRCsA*fc5XFHdsa@zc#mxp;Mpa)swWGLeu$0^NRVL?v!RL3`c
BlVqt7nVQh6}bAk*FuWS7@0e2{<zEW_QdEe5JsXBX^LWi`MzoDn8+Y?wrXklq?LT
qVnWK(5fY*ct@WP}qXowdy7$A6>p7LKviQxjM_vT&doSPOauO2=jC*9uf}VQzD2b
ZKvHgmDd%EKc;pw+KsVi?D}qDSkO*B!5Mb*xG|_(S5o&2tjmoVPj}XWQDl+E4%ch
rVX>dKSj6?lx}!~!>v+nlk{(+0jO?A+73c&X>Md`Zf8beV{~tFhyLPaScq)s9KME
xvw34D6J>+NwrBxfixd_%u|$Wt4ncEsX=iS2Wo~p-d2nTkYgi@C#*klFTE}3hP#3
Wmki}o*nL&Ed10e7tM;q}9SVL%GX>L?_X=I9Nj%lBMY3f;mbtC+dfK)67{4%6Kst
MEc?oXFHnj0WNb8~5DZc=4-WnpY(WJF<fVM1(aZe&wsVQf@*P;_#Pcj3g6czhS6G
XDJ&Wt5k%FU+W+tpR=&J~-17MLmcKMR;^&ZgXjGZjZad=tr7P<W1sTaeuw~6S&mT
k+f}*!2lu#8{vv^H56DwXklq?LTqVnWK(5fY*ctqbaIehV30)9`m(fX%A3!i2~|c
+@mIl7_?}&+4qjtb(^4Ekb8~5DZdPw;WK(oubY((pX>MdwWnpYocxhyl5WIk~G+K
)<!&p-84^3#$9k=>5%bR49t5yk`^qQ9iPjGK_bd*xl+XJhss8OG%_CC-Q>(otsF+
cqN0Qy}ddQ=3E5C~IaXk~3-No1AC=6W7=VqesjRYGc!>wZFzp>JB4@xD;^wu&SY_
r(NHa7kp9)I&WiqKE@c_SL0cQud`(6Jk1^6Nx8UTgZTI?6p%LL349yXKqquc4c8~
Wn@HQbYVhlX>MdwWnpYocxhyruD+&%!Y)VBg%}6UNX^iS$nmK8FnRfZ<jd*$dVtC
lL2hGcZ*o&*bWLS)YiwmgY;R+0p9m~TI>-W|y2ahx3nF|Vuawki#7NH?S|Q-Q!u2
{b3PW#hbaG*1bV+2PssP=yI%CO12B0n9VQ)%Ybcxe+=f5>%K*HYXH{tOaL349yXK
rm}Zgg`(Y-w&}Q)OXnRCrKya-#a`o^V{8k<8oOM(vMq<&O0fgFeVUTx7LsTf<YWu
n9qIbyH(<X>fF;AGo~>PM7C9z6@%3)*>QNKU{kwctc4{TT&(Wq{@LBRC#b^WI=Ot
X=iS8LTqVnWK(5fY*ctqbaJHeg|xsbobhWe;!gaSZB|N2A@93kBl9!2BeliOAA2A
{b8~5DZc=4-WnpY(WL9Bpb!9?qX>MdwWnpYocxhy&j4+W$OUgRJVvNU?M2#%ns>K
wa1v8ba_B>T#2Nxy{Ms;pyX<}?;Q*>c;WvEzd_>pDW!XprEy@kYv$v5V(X6p=QLH
`ynXsCCkm<m#1Zf9jsa&K>Dt3v+@#E@!55cpJI1|%v?35<|cShLgHH!N_BS>Q}V4
M$~eWpinBQ)6glZDFznHkg1Dv5}?Gb-MU>8;c=-pswMx;N?&@uEMI`DP|o(b8~5D
ZdPw;WK(oubY((pX>MdwWnpYocu;h5wjn&t^Ki!tz$Zc*0bA)mE~U4qToq<z-9<6
5NR(1a2v|dCVQFquc(z)S7cpn<Gu#7rAmb_FbxIWH7}#=i>O^z3qkU`2%^gp5bZ~
WaL349yXKrm}Zgf&*c4c8~Wn@-iY;|S5$8UJbJ>}niJgSuRQIwo56*Y%|U3<#tq*
{wf@d1AjRB~Z%b7^#GZ*Eg#Xk~3-!I`xLq+^w`@NrX}btA9p`Iz{V8wtlsJ_0{(E
Y{l19#3_2aCLM+b8~5DZf#|5bW&w@WnpY(WI=RvVPj~*9_-uz)4t;Cj{=)=I{UE@
z&4lZ&jV-~loh4~2WiR*S7~%^Wpi^+a%93$t!3$T4Xm0HS<JwNBwW?^v2Rk?ayCX
R@pX)!PF)d0Z*F5{VQgh&Ms;pyX<}?;#u#IJXH5*Wys5xLU4JrSgP3@8bSFd6H|0
e8x)RV#22*2lX>fGMn5NicHh4rH+EH#SK8wE&sIW?a!M7c`>2l^japoiuM{I9mVQ
f=$VRU6vV`yb<VaRKOdkb29#*qXha^)f?kI>J>8dqqbOFybHKpQ-MBMCulbWCA+W
pXjekD95&21^?K{bw7Oyej<uOlXfEbI2|0ac}2on<B3WL349ubW~wy%eXB&=4kVC
WpXCpfvNCW7iR%TNc7%ZG-!6Ur?3G54pL=vWpZ|9WI}m#WpgsnY~KojcC`}xDu#$
uqK*#fYt@B^ITa8hmBF7tld-f9Qe|^xa&~28LV0v$b1*c~XBWLg67cp3gzo-sO&$
va11I@T$h!rSEX2t%Czh%fSVL%GX>LV$aBOK~X>?O%VQf@*X=K%nUkD7Ff~JZGMg
rhZ&rP2gYrktY!x$bpv=qCl=HdlOZg6#U)$WoGNr<y)@oH1i2TJ?3BlyQsaUT0NJ
yux-;p7#|4@YcoVqt7kbYXO5RC#b^+M7`mSQb`xkca!3<yMq(Hh|YT3<jahB$zA(
WcSR~14d?c+TdX)Nw9-tCqQrR*dVDA$Fn@$N)A#A%WK&y1j0*A2|;dSXm4^;Wpvv
2(Kq+xduEn&aQshxM`ZB!HPV^%o}cFn(dBSHa}NtgY;R&=Y*Tb$bY<I$S{i~B5Op
Z>_>4e9YQ#rfba;u!+d5tm#=h2RwFD4YLug@XZc}Ara%FT=WnpaHg=PS6VPp{$?v
C--s`v@B8YHl)C#jpVFzBk!DMw8SR$**qZewX>bKlRYk@bh=O+>c=6<h!*{FQ5)@
y)40j$=5Ms=z9P=m=6}WMyS-Wn|%LXYt3uXDDBzV~Y{PMVQdbhM>^D^r|Pn&u&Un
5eEoOWprU=VRT{Y@osR^jOt~6`r5MNB9!?j2*n93*ZhmHUyFyUp^3Z(Np5g;baU=
|ydV3C2%R*{@NQPmw`|&?$z^kTMC~l)wFI-TuZa>^Lug@XZd7G*ZE0>{Y*S@nZ13
t54+YqPF=12xaaxrgbrDxyH3<AdJd_gG0WOjr%MMayb7gXNWn@BmbY*ii`Sh#^X0
AbZX4L%*5q$))*;M@wXI>IJVg&1PPwC}G3`TWsXK7+=WmI`^W&AWn-CxfQ3;(PYq
<XpqBH&w#D;qFnQip?&doAmZJr6@~ZewL(Y-MCYbaY{3X#KIU^xr^sFf(*_u9i$b
zKk)TStN+H<J6h{St|1ck`PpKVQzD2bZKvHLUnFrY-RswW59S)fNA-MxPs%HqZ2G
TKAXWWi*W4(A64;XFkcK(Wp-s@Y-MCbVRT^wQ*>km02EEG$TH@{H<EiLUb&k>iig
<^P^iq%O>z;nx4d6w&ILhpV`*t&h9c2>uJC38-{*D7fZ(%hZo23R4S;p`Q9JBQll
DynLT_(uW>|38j$F|Rkm*bpSUudIqf?x<LRg@~V42^pIs*%m0#!9~j;4y2-gF@LD
p_f;ONS-|zeU#HIF+1!Cg-OlkmRinL2PhnVNP{zOmAdib7%`wbaH89bX0k8Wpfh%
4HP3~@}#fE8&hr6XH{}$E3k5-kPpd=0A`BVF@WN*2vm7+WlmvjWgECAf~YKKsRVJ
$cq_YIR$d@A*Ad=)x)vi0<YPGBkqcH~a%o|1bWUMyWh7(TzkEvZ>X9JtzktHWiJ@
1L)babHELfN$u@7k>`Uy~SX>DnAX?A5pv*m4Yw)B>wxiHZ7F<>4e9@?+^Gt^ge<3
3_oRD_8TR$+2!VQzFuZf0*&Wo=1hWQ^1guxo~?k7uF4NzDeO#rBGKK=2;%1>}BM5
{Lay5>;+)VQpn(MrmbiWOGwxZAoNiJ2xM}SaLsnunswt8WkEvwiIxOQC;OL>r^TH
ZDGL>PGN0jWJYOaY-Dp&Wo=1hXI79H6CJlHnxEK%NSB*vEUCdBMWU%~<6#T5;KWa
W3Px#VY-CeqZAoNn1fvw5rj-B|XP@r^w5ufb=C_Ju$l1`nW&GEpSWb-vQ)O*QWPN
rrN%arAsa2~aa`JC!kHz2#8iMH*6x*Uu)+c1g=mkk+Wo~qV(<~&{!{{>E!(#o&^p
B98KZhv1GEPn8Orhb4n;8ZMQ)zl>ZfBAby7Gca>vy*Q?h@&~tk)^LbBPzYo<|k4j
{}!dEPo6|Zgp)|VRC6<Zgg{`upNog*&_<!2Nb$I`ca$b3l3#4sD$JvKiU;ws<CDY
RC#b^Q+acAWo@Vw>?pA9RqgJsQF)~2<)1*a`BfGWZkxd_avHyWRvZaNX=Q9=PGN0
j!P3H)ZNVYHBOq<ENR6QyM9F=Hz`k0aUEeB?*|kkO2UK}eWo=1h#G#Oe&-yU8)?M
6c2Mx!k-=axOAe<V3?tVF`UdMkD2TNsnQ*>o;%-7WhS~LPLkC|vvXfIFef56If!1
F6Y<fHYl)nR!I2UcNnX<=@3+M1fGDfR49CXWkK3l57k{KT!~vwN#<0lf`G4Pj{@1
W;jgXxmBKmJUS&K}@r2iNd93k^46w1y6e+;~bR19`9hbRs>UYWpMCLER?=poGgUK
!`z}Oip@F6$Y2s#WeTZN$gN_G)sPZZZfS3BR$+2!VQzGDQ)O*QWGDa!L2_qPaAji
#0t9YhZDjxi0ssVVZ*FA(00035b8l^B00jX8NU3b>%M}yz;kwbCmqWQ?a(0yP=wb
e0q{)>8+xQm0s1)odu<cdt?ygaJr03<IK(qN(77%Wm!7g$dzkXI619D|?0{oE*_v
J1rUW&$PZ-*nGt#jXUtaYu|A_g-N@IbW5dN#o{q57bK6Q|uUfIMEX^1}Vv6tLB!)
|10-o)0prc?&^vb7^O8NoHYVWd;NaZ+C8GWK(oubY%hF5*L%;0;aCiQJ|59X$MtY
fuG797WD*nLuxTFHK=+9aCKsAX=4Jx1k6TWEM#tEO?YD!yU6acy5+5>Uo2?YlHei
-0Jn%?h9c2>uJC38-{*D7fZ(%hZo23R4S;p`Q9JBQllDyra%FLKX>w&`0>K2#MqV
srZe&e(V->r|?y|b&t*2isXxNhAA_oAsh+&2z(R;4&W&+>mb;*F>vukd;=m`ygb@
x#_>`RmOO$cpuY;<XGY-Iw$1k6TWEM#tEO?YD!yU6acy5+5>Uo2?YlHei-0Jn%?h
9c2>uJC38-{*D7fZ(%hZo23R4S;p`Q9JBQllDynLuGPw1_B0iX=iR_askFP%;RNU
oPn1P6ibBZy(_5w_S>bc<kURSw}~wBfN}|QX=iR>bairN00;m8KmY&$000000RI3
00000001!iOZgXj8Zf#|5bY@{}b7ck$2X<w0b7^mG0hHc)Cz{-#M|`c_e7&g;fIv
D}3B4_)|Gr&~tWSQZw+M7{VQzC~WpV<+1k6TWEM#tEO?YD!yU6acy5+5>Uo2?YlH
ei-0Jn%?h9c2>uJC38-{*D7fZ(%hZo23R4S;p`Q9JBQllDypb7N>_ZD9iZkqY<aE
-7A$#%XVdBcQEw-*T*Vt=A$3GZFAWw8?rG#FTPkGHkVT5cWBQ@u6K8aKc_jMubjo
`Wy&nb#mDTX=Y(#Wpe-u0XxdTfddHPE2~=}XorO3wsWOd*yR8%b;g^;wLfB`aRJn
U1$C<AEX`^sqvai>d0X71wV;%VR-bnv6W|_>vj+eG000000093000000000Yfb#Q
QOWo>0{baMa+0l_UY;k2xqwVkB~E)$fxk7|t)hjQFX3yli|nF%L!uK)l5000000R
I30000000107pb7gc?VP|sy3IhC*3istMDPD@kX>W%kpsjP?a;$Z&*CGZp5%55?$
$E$W;$>KfZ0H=mhJ>?uV<!`3gT=OJ0bYv~7B;a&hq(g$kqY<aE-7A$#%XVdBcQEw
-*T*Vt=A$3GZFAWw8?tOkD95&21^?K{bw7Oyej<uOlXfEbI2|0ac}2on<B3O0000
0000300000000007XJu|>b7^w|{E-Ux<t`~+ipFVgha;e^bKi2Tb*<MT1~U=xK(x
tvO~YBD0a%pX9ldjDpx5k+AV^FjLQ!GsljD$`RvNR933O$0ZE0>{Y;yn#0{oE*_v
J1rUW&$PZ-*nGt#jXUtaYu|A_g-N@IbW5dINitwLKbzE(ciwC3nrXLGTEzPUiqvV
S}~6O1<C$TmgmBz1tx4{AO^7ifKExi^V`5%sU(KP~YL;uN5KL&q)9P0000000960
00000000MKb#7#AWpe-t0{oE*_vJ1rUW&$PZ-*nGt#jXUtaYu|A_g-N@IbW5dJq9
t)PphBTtptI+tWf6_{&%kF4GGK?3~4zP+1vcYXATM000000RR90{{R30019PzbY*
UHX>V?G00{#8kqY<aE-7A$#%XVdBcQEw-*T*Vt=A$3GZFAWw8?smcj3g6czhS6GX
DJ&Wt5k%FU+W+tpR=&J~-17MLmcB0000000030|Ns900000BVRUq1V`yz<Zgg`13
IhC*3istMDPD@kX>W%kpsjP?a;$Z&*CGZp5%55?$$Erw4U;TR^uxCZOKFR+hj1x=
Ib<Y%MUmLrgKg1$x;Ov`002M$0000000030|Nj60000000000000030{{R300000
Ab7^O8VRUtJWpe-u0pipZP!Z9Fy4s@&s7y*hO1UlNfirx{z*_V4e8lMKApt?^`ec
bE&oRj<M}Qp5*QV!WXsWWZIODwDYa;C>e=h(4000000093000000000j|Z*FsGXK
rm}Zgg~Vb!7$&2X<w0b7^mG0hHc)Cz{-#M|`c_e7&g;fIvD}3B4_)|Gr&~tWSQZw
+M7{VQzC~WpV<+1k6TWEM#tEO?YD!yU6acy5+5>Uo2?YlHei-0Jn%?h9c2>uJC38
-{*D7fZ(%hZo23R4S;p`Q9JBQllDypb7N>_ZD9iZkqY<aE-7A$#%XVdBcQEw-*T*
Vt=A$3GZFAWw8?rG#FTPkGHkVT5cWBQ@u6K8aKc_jMubjo`Wy&nb#mDTX=Y(#Wpe
-u0XxdTfddHPE2~=}XorO3wsWOd*yR8%b;g^;wLfB`aRJnU1$C<AEX`^sqvai>d0
X71wV;%VR-bnv6W|_>vj+eG000000093000000000Yfb#QQOWo>0{baMa+0l_UY;
k2xqwVkB~E)$fxk7|t)hjQFX3yli|nF%L!uK)l5000000RI30000000107pb7gc?
VP|sy3IhC*3istMDPD@kX>W%kpsjP?a;$Z&*CGZp5%55?$$E$W;$>KfZ0H=mhJ>?
uV<!`3gT=OJ0bYv~7B;a&hq(g$kqY<aE-7A$#%XVdBcQEw-*T*Vt=A$3GZFAWw8?
tOkD95&21^?K{bw7Oyej<uOlXfEbI2|0ac}2on<B3O00000000300000000007XJ
u|>b7^w|{E-Ux<t`~+ipFVgha;e^bKi2Tb*<MT1~U=xK(xtvO~YBD0a%pX9ldjDp
x5k+AV^FjLQ!GsljD$`RvNR933O$0ZE0>{Y;yn#0{oE*_vJ1rUW&$PZ-*nGt#jXU
taYu|A_g-N@IbW5dINitwLKbzE(ciwC3nrXLGTEzPUiqvVS}~6O1<C$TmgmBz1tx
4{AO^7ifKExi^V`5%sU(KP~YL;uN5KL&q)9P000000096000000000MKb#7#AWpe
-t0{oE*_vJ1rUW&$PZ-*nGt#jXUtaYu|A_g-N@IbW5dJq9t)PphBTtptI+tWf6_{
&%kF4GGK?3~4zP+1vcYXATM000000RR90{{R30019PzbY*UHX>V?G00{#8kqY<aE
-7A$#%XVdBcQEw-*T*Vt=A$3GZFAWw8?smcj3g6czhS6GXDJ&Wt5k%FU+W+tpR=&
J~-17MLmcB0000000030|Ns900000BVRUq1V`yz<Zgg`13IhC*3istMDPD@kX>W%
kpsjP?a;$Z&*CGZp5%55?$$Erw4U;TR^uxCZOKFR+hj1x=Ib<Y%MUmLrgKg1$x;O
v`002M$0000000030|Nj60000000000000030{{R300000Ab7^O8VRUtJWpe-u0p
ipZP!Z9Fy4s@&s7y*hO1UlNfirx{z*_V4e8lMKApt?^`ecbE&oRj<M}Qp5*QV!WX
sWWZIODwDYa;C>e=h(4000000093000000000a_Z*Fv9X>Mh5R%LPn0Rnb10trKJ
ZggdCbV+0c1po$fV`yb<VE_dI0{oE*_vJ1rUW&$PZ-*nGt#jXUtaYu|A_g-N@IbW
5dX!Sr+XJhss8OG%_CC-Q>(otsF+cqN0Qy}ddQ=3E5CI2gWo~72X>$Mt0RsGy3is
tMDPD@kX>W%kpsjP?a;$Z&*CGZp5%55?$$Fm%EJ-@Z0;0Ob-P{Wzd?2rs)M&&=&l
*}G;Jw22Ix+$UX=Y(#WdH>M0XxdTfddHPE2~=}XorO3wsWOd*yR8%b;g^;wLfB`a
RUiyW?^GxNo{a!00jX7R>%){yv9NnI@?D0UT5ggCu*0_qr6cs3q2l0*x9K21O;<-
aByq@1pxtPGKatjaO)MCM&b8PdjA-6!Qv6Orzv5BVpF^@Ux1YhLvL<$Wo~p+X=if
<0RRaB8K;=~2}PT)nR$JMHxtDMKcdyw3%e~?4Zfrx^|ATT0RR91000003IG5A000
004MT5kbaG*1bV+VxWq1Yx3~+T~Y-wXpaBp>Va{vhf{E-Ux<t`~+ipFVgha;e^bK
i2Tb*<MT1~U=xK(xtvlMuXsu{2tXFT+?;?hj39&>gq>HOrf1lB-q;n)I5N000000
0000|Ns90000004sUgIaBpdDbWd<^b#!w83IhC*3istMDPD@kX>W%kpsjP?a;$Z&
*CGZp5%55?$$HUe7rjFg@b(FW?*48~9t#5lC;3juy9JUg#K|!ymZ|^=0{oE*_vJ1
rUW&$PZ-*nGt#jXUtaYu|A_g-N@IbW5dXo^mfUz`Mi!Z}iQtl5;XwV(E`Zdd&WRj
~^37YhpmjD0&000000RR900000000000000000RR900000001ZQLZgg^CV{}t>aB
yq}1`1<uZgg^CV{}Pm0{oE*_vJ1rUW&$PZ-*nGt#jXUtaYu|A_g-N@IbW5dY=d^N
jk^^qPoT1+zTRnAg`3vXv9d*8d@RXy~6c6G6r;MV{2t{0fvI6+|m(q;z8d88J!T7
s^K*8ZTqV$10NaB6pT?a2MBFtWNBebX><Sx00961000000093000000000YTY;R&
=Y*Tb$bY%bv0{oE*_vJ1rUW&$PZ-*nGt#jXUtaYu|A_g-N@IbW5dWZhvWmt%8=p4
R=gtK{LClh6Z#kObxUW*hKHnBv9xdFR_l%4!=;6zjrN47d$Cj@NbK-?`+SbIrC?r
75&p~wIL000000093000000000VacWz~5Q*>c;WdI5S{E-Ux<t`~+ipFVgha;e^b
Ki2Tb*<MT1~U=xK(xtvhyLPaScq)s9KMExvw34D6J>+NwrBxfixd_%u|$Wt0lR~g
o&0d%L{t$+wmMxW1Z?6!+$~X9dr3s@Xww&=$N&HU000000RI3000000019PzbY*U
HX>V?G015yA0ssgA06+i$00000009600000000000000000093000000000g}cyw
iMb7^mGNoHYVWd;TaZDn*}WMOn+00aU61a5C`WdHyG0R(ezZDjxj0Rl*=Z0ySw6Z
7G^(Vdq=xngp5l<??b{$Zral?2=P7Qbr*qZFQ|l>ioJpYH;+t0eX2w~A!Q+0eaZ{
MVycPK^g=Y;R&=Y;yn#0!XQB?8_As^WnPDotHzoVsdtr@aSRwVWi2G1l#x)zo-=K
D6s8S?e4Bod8Fs%pFp$uRTdC#o53z}8oz#490B#N{5+RL=alGSN{d9bzQ&21j1oo
wB`g~jaIbkNaFYN4000000093000000000MaWn^V#ZF2w$0!XQB?8_As^WnPDotH
zoVsdtr@aSRwVWi2G1l#x)zo-=KD6s8S?e4Bod8Fs%pFp$uRTdC#o53z}8oz#490
B#N{5+RL=alGSN{d9bzQ&21j1oowB`g~jaIbkNaFYN4000000093000000000YNb
8~5DZf#|5baMa-0!XQB?8_As^WnPDotHzoVsdtr@aSRwVWi2G1l#x)zo-=KD6s8S
?e4Bod8Fs%pFp$uRTdC#o53z}8oz#490B#N{5+RL=alGSN{d9bzQ&21j1oowB`g~
jaIbkNaFYN4000000093000000000SgVQgh?V`*h`015&~sch`a6%+H}y3w7NL%C
vdc9ihwVg6yH$(01#_!hsY6znLl?N#mWu2FfU=jES3v-wpP5N?~nE^->bepVa-^{
)Ipmqh23=wV8WM76%giJXiQMgS!&8y0Y{c_?s`0000000000{{R300000024!+`Z
*p@02><{A0000000000{{R30000003`b>dWpinBNoHYVWd;QZZDn*}WMOn+00aU6
1a5C`WdHyG0R(ezZDjxj0Rl*=Z0ySw6Z7G^(Vdq=xngp5l<??b{$Zral?2=P7Qbr
*qZFQ|l>ioJpYH;+t0eX2w~A!Q+0eaZ{MVycPK^d<Y;R&=Yyb)ZNU3b>%M}yz;kw
bCmqWQ?a(0yP=wbe0q{)>8+xQm0s1)odu<cdt?ygaJr03<IK(qN(77%Wm!7g$dzk
XI60rjr@JeNf0l;~kfi$t})#)+Ja5=H<eEE^VZuX!kNlK=n!000000RI30000000
1IJrb7^O8ZDnqBa{vkgNU3b>%M}yz;kwbCmqWQ?a(0yP=wbe0q{)>8+xQm0s1)od
u<cdt?ygaJr03<IK(qN(77%Wm!7g$dzkXI60rjr@JeNf0l;~kfi$t})#)+Ja5=H<
eEE^VZuX!kNlK=n!000000RI3000000010+sY-Mg^X=QT&3Ia%}Z0ySw6Z7G^(Vd
q=xngp5l<??b{$Zral?2=P7Qd(z>?pA9RqgJsQF)~2<)1*a`BfGWZkxd_avHyWRv
ZEKuKYZgMCX*~VM>ccwZ6uQoQx7i03|FN7I3e5C~%Vi00000000300000000006W
pZ+Fa&rI)000310000000030000000000BM{I9mVQfieVPj<m0|j$sZAoMR1OfmA
Zf|a7000011aog~WdH>M0!XQB?8_As^WnPDotHzoVsdtr@aSRwVWi2G1l#x)ziR}
e6rQG)02XJT?*g=|B=zREie$*y(7k2+*P~cYjR<mOadl~OWn==u1k6TWEM#tEO?Y
D!yU6acy5+5>Uo2?YlHei-0Jn%?h9c2>uJC38-{*D7fZ(%hZo23R4S;p`Q9JBQll
DyrZFOvPX>e?10>K2#MqVsrZe&e(V->r|?y|b&t*2isXxNhAA_oAsh+&2z(R;4&W
&+>mb;*F>vukd;=m`ygb@x#_>`RmOO$A7AVRB>!2?%pzXk~3-bYTDr0{oE*_vJ1r
UW&$PZ-*nGt#jXUtaYu|A_g-N@IbW5dX!Sr+XJhss8OG%_CC-Q>(otsF+cqN0Qy}
ddQ=3E5CK}Vj|jL#NZ5B7fiY4MPhq$>d|nRT+8eOkmgVDyqznK60000000930000
00000JQW?^Gxa{vkfJIcU;0|?<Ot6L#xhlJy{bEQ|<<p3>p#+${pKVqYC0hxX|(z
kez(B_lR=iVCZ_5gEtr0Wa~i{+!|*?Y?cRsaA1000000RI300000000(DfZe??2a
{vkg{E-Ux<t`~+ipFVgha;e^bKi2Tb*<MT1~U=xK(xtvp9m~TI>-W|y2ahx3nF|V
uawki#7NH?S|Q-Q!u2{b0{oE*_vJ1rUW&$PZ-*nGt#jXUtaYu|A_g-N@IbW5dQHP
wq5)Wx-5tGiX`t8aiy%l$BSKMO>yzV<omLvNj{pDw000000RI300000000nb(aBy
q@3IhC*3istMDPD@kX>W%kpsjP?a;$Z&*CGZp5%55?$$Fm%EJ-@Z0;0Ob-P{Wzd?
2rs)M&&=&l*}G;Jw22Ix+wW0l_UY;k2xqwVkB~E)$fxk7|t)hjQFX3yli|nF%L!u
K)l5000000RI300000000000000000RI30000000107pb7gc?VP|sy3IhC*3istM
DPD@kX>W%kpsjP?a;$Z&*CGZp5%55?$$Fm%EJ-@Z0;0Ob-P{Wzd?2rs)M&&=&l*}
G;Jw22Ix+wX0{oE*_vJ1rUW&$PZ-*nGt#jXUtaYu|A_g-N@IbW5dWZhvWmt%8=p4
R=gtK{LClh6Z#kObxUW*hKHnBv9xdQx=3istMDPD@kX>W%kpsjP?a;$Z&*CGZp5%
55?$$H6;nyJGEOB((CXB(HiD*XOTXpbLr$Svz}Z|7;7BCh}d0000000930000000
0000000000093000000000MKb#7#AWpe-u0{oE*_vJ1rUW&$PZ-*nGt#jXUtaYu|
A_g-N@IbW5dINitwLKbzE(ciwC3nrXLGTEzPUiqvVS}~6O1<C$Tmt-&3istMDPD@
kX>W%kpsjP?a;$Z&*CGZp5%55?$$I^<u=L+Rb}%z^cdnL9KE8}Gpjjk{wd2&8{#h
#X1d;#%0000000960|Nj60000VQcywiMb7^mGa{vkg{E-Ux<t`~+ipFVgha;e^bK
i2Tb*<MT1~U=xK(xtvmB{9L9(7`0)Rt93YLV-HLXe?vTA1;^Q1`ZqBog<<0{oE*_
vJ1rUW&$PZ-*nGt#jXUtaYu|A_g-N@IbW5dW?7B#FBV?7o;-&{S#%Bm#;6(sG+R^
eic4A(-K8JhyVZp000000RR90{{R3000&`iV`y)3a{vkg{E-Ux<t`~+ipFVgha;e
^bKi2Tb*<MT1~U=xK(xtviECIT&Bl;lSX#$ms8AQN7m&qY<e5Qw(E}jxBS#zY0{o
E*_vJ1rUW&$PZ-*nGt#jXUtaYu|A_g-N@IbW5dJHrU)kig?DXy#WHaVL=;R6EOr3
RP7YXPg^`}-jl5dZ)H000000RR90{{R3000eVsXLA4w0pipZP!Z9Fy4s@&s7y*hO
1UlNfirx{z*_V4e8lMKApt?^`ecbE&oRj<M}Qp5*QV!WXsWWZIODwDYa;C>e=h(4
000000096000000000L`WK(r%bY%kr18`?>00VP#XaNIrb7=wyNn~YibZK;X1_T6
dVQpmq2mk>900000000300000000005Wo=<;Yyb!X!34}kUMys8WKDQu6}!mpvby
E1r(Y~+*plEP2LQK-6iu$kGUmiLl6xgyxtl_YhuIBKsLaq!auKz+ykBO{0000000
000{{R30000001#@+2bY%g--uxHLl$Q=go8~=wkNF}5#xmHof%dFsW$8HyNHV+va
BBbv002M$00000000300000000005NoHYVWd;iec4cyNX>V=;7bV&TcYPtpWY}-Z
0(#WW6<T8!DQN%Z_}5*QQ0*V#1a4t%Wdca4Z0ySw6Z7G^(Vdq=xngp5l<??b{$Zr
al?2=P7QYP?BW3cWuf`iwZPaH~a%L;Aa-)zB$%_DHir6uL;;;*6Y;R&=Y*Tb$bY%
bv0!XQB?8_As^WnPDotHzoVsdtr@aSRwVWi2G1l#x)zo-=KD6s8S?e4Bod8Fs%pF
p$uRTdC#o53z}8oz#490AG*=8&Hpw3LVJZG0TWlikxJMmHEDQne=0G(X}F$%Fs^0
00000093000000000YNb8~5DZf#|5baMa-0!XQB?8_As^WnPDotHzoVsdtr@aSRw
VWi2G1l#x)zo-=KD6s8S?e4Bod8Fs%pFp$uRTdC#o53z}8oz#4905zI$cU-b<11?
Ur~I=y495{S&B3%8Yyg?DnxLGM`ZE9k000000093000000000SgVQgh?V`*h`015
&~sch`a6%+H}y3w7NL%Cvdc9ihwVg6yH$(01#_!hsY6znLl?N#mWu2FfU=jES3v-
wpP5N?~nE^->bepVa-s;za1%V;NAjVy6fj3x3Zm3r#A3%LK$H-y$PN(hZC000000
0000{{R30000002WMq&WpinB0V8R>YLa$gDmAR8V^;Gorxb|xH{<=Fwd^>}O>-82
rVDg(VQzD2bZKvHa{vkgNU3b>%M}yz;kwbCmqWQ?a(0yP=wbe0q{)>8+xQm04HP3
~@}#fE8&hr6XH{}$E3k5-kPpd=0A`BVF@WN*0eR07<3>Tlh%l~*f%3~OetH3>?oh
=dg~w4JPG<J3iU0rr000000RI3000000019PzbY*UHX>V?G015&~sch`a6%+H}y3
w7NL%Cvdc9ihwVg6yH$(01#_!hqn6eDHwq_4&sQ*G2|RdQx4uyUi256O!FW{TJ`f
a0(LTm)#Bbk|y987WNT?>8&iBwn;02npt;Qs6j!A-G_60000000000{{R3000000
31xC}Z*o+5aAg8Wsch`a6%+H}y3w7NL%Cvdc9ihwVg6yH$(01#_!hrw1fvw5rj-B
|XP@r^w5ufb=C_Ju$l1`nW&GEpSWb-)WMyVyb!>D`aAk5~bZKvH00aU61a5C`WdH
yG0R(ezZDjxj0Rl*=Z0ySw6Z7G^(Vdq=xngp5l<??b{$Zral?2=P7QYP?BW3cWuf
`iwZPaH~a%L;Aa-)zB$%_DHir6uL;;;&Id2nS@d2@7SZ30NCZ0ySw6Z7G^(Vdq=x
ngp5l<??b{$Zral?2=P7Qdvh9f{J}BMRXM6uLb6QJd!r4rMT?gybhb+7)1`v1SKJ
W?^GxNn`~900#g7Kp+4KNoHYVWl3#tYz7Gjc4cyNX>V=;7bV&TcYPtpWY}-Z0(#W
W6<T8!DQN%Z_}5*QQ0*V#2y<g-Wo=<eWCHw=3istMDPD@kX>W%kpsjP?a;$Z&*CG
Zp5%55?$$FGh)7t~9tEf?*r}jS36zkMYeK9}${s8)2BzjZ?kPruHW?^GxNn`;#%D
{mG2;nQMTOnwNgyXhzrB~SH04;UKo5i(1Vxw^jXKZg`VQf=$VRU5x2?1`eSMgYA=
HUtFp&(nedOb^t7<5|olGWxL&8;a47Cis}000000093000000000YNb8~5DZf#|5
baMa+0lY6_&-O(5v|n%hYtxOiuFWyXACcS?wb;>e;IPLJDF6Tf000000RI300000
0010+sY-Mg^X=QT&2>~rvY(k~VHFwOd<Wd#0N?mpX!VF#^|D_vN68dB6c2)oY000
000093000000000Yga$#<BX>@6CZgT($0d#^Dos-|IY91|1o+ln`o?;gMF(>{s1%
g+sAqq`f<NyEw000000RI3000000019PzbY*UHX>V?G00{y7^6<e0BdTJk>G`5Fs
vhhLmz~m~`vxgtn|VBNl?GD)00000000300000000006b7OL8aC8FvkqY<aE-7A$
#%XVdBcQEw-*T*Vt=A$3GZFAWw8?tL7-M^9O$@ZWslY>Be==f&n0Rw^CqvOU<wX0
s63|QuNoHYVWl&*has~ngX=Y(#WdWIfInuXykI?3m&*$D6?Dhb2cckkK4U6TY=h=
J91y%)VX>D+90qnguX{Y+t9v_hSlO5dYJb2?+`)NW#D8{$E#n#<*vIa?QaBN9r1p
xpD002NB01ZiQWMz0|WI}arWNc*x0s{Pz3istMDPD@kX>W%kpsjP?a;$Z&*CGZp5
%55?$$Fm%EJ-@Z0;0Ob-P{Wzd?2rs)M&&=&l*}G;Jw22Ix+(MkqY<aE-7A$#%XVd
BcQEw-*T*Vt=A$3GZFAWw8?q{dy}<28ig(gSpg+?&9*`C2(3=%09avzwZKZf-~wD
2PGN0jWJYOaY-B-mb7^O8ZDnqBRC#b^1_J_VWCHw=3istMDPD@kX>W%kpsjP?a;$
Z&*CGZp5%55?$$E$W;$>KfZ0H=mhJ>?uV<!`3gT=OJ0bYv~7B;a&hq(l9VQpmsNU
3b>%M}yz;kwbCmqWQ?a(0yP=wbe0q{)>8+xQm0s1)odu<cdt?ygaJr03<IK(qN(7
7%Wm!7g$dzkXI62y$g}WpZ|9WCHw=3istMDPD@kX>W%kpsjP?a;$Z&*CGZp5%55?
$$IbV6AuO0fiYoI|8ZKC9(55{UNs2(LOhfb*8wh)9?KU_VQpn(MrmbiWJP#%Wo~n
6Z*Ek1aAgJq0%>Fd{E-Ux<t`~+ipFVgha;e^bKi2Tb*<MT1~U=xK(xtvWOW`wsTH
9-LlJ`2|Ay5Z(?oEikl{+~pis;@Q*TJ#1a4t%Wdca4Z0ySw6Z7G^(Vdq=xngp5l<
??b{$Zral?2=P7Qd(z>?pA9RqgJsQF)~2<)1*a`BfGWZkxd_avHyWRvZX&Wpib6c
4cG&{E-Ux<t`~+ipFVgha;e^bKi2Tb*<MT1~U=xK(xtv@9Gl|1=xWxVN?HcT9qDk
5m#O{2>e1kloHngE|MP08BSqsWn@NaWo%?eY;R&=Y*Tb$bY)a|aAgJq0%>Fd{E-U
x<t`~+ipFVgha;e^bKi2Tb*<MT1~U=xK(xtv)$WoGNr<y)@oH1i2TJ?3BlyQsaUT
0NJyux-;p7#|1a4t%Wdca4Z0ySw6Z7G^(Vdq=xngp5l<??b{$Zral?2=P7Qd(z>?
pA9RqgJsQF)~2<)1*a`BfGWZkxd_avHyWRvZX&Wpib6c4cG&{E-Ux<t`~+ipFVgh
a;e^bKi2Tb*<MT1~U=xK(xtv@9Gl|1=xWxVN?HcT9qDk5m#O{2>e1kloHngE|MP0
6;5GoWn@NaWo%?tVQgh?V|i40aAgJq0%>Fd{E-Ux<t`~+ipFVgha;e^bKi2Tb*<M
T1~U=xK(xtvM(yUq2ps*m=2xUDT;RqCgn#@WzFu~@adfH5^@&-|1a4t%Wdca4Z0y
Sw6Z7G^(Vdq=xngp5l<??b{$Zral?2=P7Qd(z>?pA9RqgJsQF)~2<)1*a`BfGWZk
xd_avHyWRvZX&Wpib6c4cG&{E-Ux<t`~+ipFVgha;e^bKi2Tb*<MT1~U=xK(xtv@
9Gl|1=xWxVN?HcT9qDk5m#O{2>e1kloHngE|MP07fxYqWn@%&aAj0-VQzD2bZKvH
RC#b^1_J_VWCHw=3istMDPD@kX>W%kpsjP?a;$Z&*CGZp5%55?$$B(W53UoI8eY9
A{1GERg--GiI0S#x1is&)M%fmnGH3*DVQpmsNU3b>%M}yz;kwbCmqWQ?a(0yP=wb
e0q{)>8+xQm04HP3~@}#fE8&hr6XH{}$E3k5-kPpd=0A`BVF@WN*2y$g}WpZ|9WC
Hw=3istMDPD@kX>W%kpsjP?a;$Z&*CGZp5%55?$$HRi-wJ_twG#X)hKN+6jt=Q-)
rE&S6%Zno!Jj~rv9t<LcWz~5NoHYVWdsHQ17U7?0000126Aa<XmoP`00068VQp`9
Zgc<u00ReMZh1subYTDh00aqPZh1j;bYWv?000051Y}`!VE_dI0!XQB?8_As^WnP
DotHzoVsdtr@aSRwVWi2G1l#x)ziR}e6rQG)02XJT?*g=|B=zREie$*y(7k2+*P~
cYjSo+EZe?UsbYXO5Q+04~Yz6`cZDnC@X>Ml#2mk>900000000300000000008c4
cgDV`+4G0SXQ38VyjGdem~)oFUADf1t}(s(3{*lJY@JGlxhC01Q)OXk~3-NoHYVW
pf4s26JO*Wo=;s{E-Ux<t`~+ipFVgha;e^bKi2Tb*<MT1~U=xK(xtv7sQluVlr&C
a}f49gz=$W7jVK}Mn;5AZu%SuXLWMf25D(+aBOn`3IRLHz<~n@;VY|KA!vt$<F<3
9SJ>qMEp^75#kD_Tqj3T3y*Fv6`qdsEkoc1w-03`c<5>G?LP99Ux4gyH-F316000
00000300000000005Q*>`*YX%1eXm4S1WC7fSi0Z^Jkj`*<SOIg^6xG~<zfu<*((
EieT1vuDQaT4{X>)XMa(Ms>0{oE*_vJ1rUW&$PZ-*nGt#jXUtaYu|A_g-N@IbW5d
Y=d^Njk^^qPoT1+zTRnAg`3vXv9d*8d@RXy~6c6G6MXO3istMDPD@kX>W%kpsjP?
a;$Z&*CGZp5%55?$$D1kSaNdD2uBZZ^){0PDrWHiJhF;R`XnM4fD?zDpt}G70000
00093000000000eQb#7#AWlwNPZe(S6015*9kqY<aE-7A$#%XVdBcQEw-*T*Vt=A
$3GZFAWw8?sv$mV(;bz)!CmQ_M(k?Vd!kfCo{nDM?)_qK{868FUc;N#7`hW1rwrg
XMHfpGEo)R#GGK^79C+^S(xx9`Ly0000000000|Ns90000005n*m)Xm4^tb#7#AW
l3&iWq1Gz0{oE*_vJ1rUW&$PZ-*nGt#jXUtaYu|A_g-N@IbW5dINitwLKbzE(ciw
C3nrXLGTEzPUiqvVS}~6O1<C$Tmt-&3istMDPD@kX>W%kpsjP?a;$Z&*CGZp5%55
?$$E)vSS8KIkY89@$6%;X7qJ(R#b4x^L3+^xAn+qc8}R@D0000000960{{R30000
eRZ*FvQVPkYjZe(S6015*9kqY<aE-7A$#%XVdBcQEw-*T*Vt=A$3GZFAWw8?s(2r
NlD$O59e#ogQsB77jPl+<X%NY5HtA>h5j^*S;EEYxz&xd)D|X2*0_E|OYH;h*Yvv
IyS{G&S`ex{XQ}0000000000{{R30000004RmF4ZE0>{Y)NipWq1Gz0{oE*_vJ1r
UW&$PZ-*nGt#jXUtaYu|A_g-N@IbW5dfSRx8iEuMbtv-qj6g$b#7A9pc!|f`I$ja
RzSe2A1Ooh#3istMDPD@kX>W%kpsjP?a;$Z&*CGZp5%55?$$FCzynwMZT8l5kSW@
l}O=!>^xB4~9n`Dx!RtcK)nwJ0o0000000960{{R30000YfWnpYnWn*$>baMa+0{
oE*_vJ1rUW&$PZ-*nGt#jXUtaYu|A_g-N@IbW5dXKxp=tr7P<W1sTaeuw~6S&mTk
+f}*!2lu#8{vv^H2?qr000000RR900000000&cbaByr%WCZ~L2LJ#-AOHwdWpZt4
ZeeT&0tItrVQg~%2?G3)3istMDPD@kX>W%kpsjP?a;$Z&*CGZp5%55?$$IX4ydV3
C2%R*{@NQPmw`|&?$z^kTMC~l)wFI-TuZaKv000000096000000000ShX>@L7b8}
R900aU61a5C`WdHyG0R(ezZDjxj0RsGy3istMDPD@kX>W%kpsjP?a;$Z&*CGZp5%
55?$$GXSJk9fP#|ywGLK^{F=|3)|x2RkdW@X()F|bIKQc4U|WpZt4ZeeUwWnpXt0
sswTZ*F5{VQgh&Rdjf700jX82>-+OLFT7d<m=O%Fv#OJ-Vp}8O}|tl)3K`dGe1{w
Xc_Cg)w39@m$R6qOEzWQ+NTC@=;<Wq17N9?v%LmR0Sk9&bZ%vHb5?J4bN~eb0TX_
fa94&Bu29Y@iYbE=m1@l(sk?}**g#WG_ntHXj0;q0V{2t{Q+04~Yy<-U24P}zWo~
o;00037XKZg`VQc^e0s{Pz3istMDPD@kX>W%kpsjP?a;$Z&*CGZp5%55?$$Hi9k`
76TvuW{aQ_%-X`?VwZ$5L?~`!+pRSq0(b70Uuhsch`a6%+H}y3w7NL%Cvdc9ihwV
g6yH$(01#_!hs~nwqL9_3Tn6j|)=^4vRGW#I5ABd#i2%y$wVSVQC-&1#fq5Wn=&a
0s{Pz3istMDPD@kX>W%kpsjP?a;$Z&*CGZp5%55?$$E$W;$>KfZ0H=mhJ>?uV<!`
3gT=OJ0bYv~7B;a&hq(essch`a6%+H}y3w7NL%Cvdc9ihwVg6yH$(01#_!hs~nwq
L9_3Tn6j|)=^4vRGW#I5ABd#i2%y$wVSVQC-_RB~Z%b7^#GZ*ECuVPj<m2ncU*bZ
KvHVQd1y1k6TWEM#tEO?YD!yU6acy5+5>Uo2?YlHei-0Jn%?h9c2>uJC38-{*D7f
Z(%hZo23R4S;p`Q9JBQllDyrZDn*}WMOn+00aU61a5C`WdHyG0R(ezZDjxj0Rl*=
Z0ySw6Z7G^(Vdq=xngp5l<??b{$Zral?2=P7Qbr*qZFQ|l>ioJpYH;+t0eX2w~A!
Q+0eaZ{MVycPK^g=Y;R&=Y;yn#0!XQB?8_As^WnPDotHzoVsdtr@aSRwVWi2G1l#
x)zo-=KD6s8S?e4Bod8Fs%pFp$uRTdC#o53z}8oz#490B#N{5+RL=alGSN{d9bzQ
&21j1oowB`g~jaIbkNaFYN4000000093000000000JQZg6#Ua{vkgNU3b>%M}yz;
kwbCmqWQ?a(0yP=wbe0q{)>8+xQm0s1)odu<cdt?ygaJr03<IK(qN(77%Wm!7g$d
zkXI60rjr@JeNf0l;~kfi$t})#)+Ja5=H<eEE^VZuX!kNlK=n!000000RI300000
001IJrb7^O8ZDnqBa{vkgNU3b>%M}yz;kwbCmqWQ?a(0yP=wbe0q{)>8+xQm0s1)
odu<cdt?ygaJr03<IK(qN(77%Wm!7g$dzkXI60rjr@JeNf0l;~kfi$t})#)+Ja5=
H<eEE^VZuX!kNlK=n!000000RI3000000010+sY-Mg^X=QT&3Ia%}Z0ySw6Z7G^(
Vdq=xngp5l<??b{$Zral?2=P7Qd(z>?pA9RqgJsQF)~2<)1*a`BfGWZkxd_avHyW
RvZEKuKYZgMCX*~VM>ccwZ6uQoQx7i03|FN7I3e5C~%Vi0000000030000000000
6WpZ+Fa&rI)000310000000030000000000HWMyVyb!>D&b8~5DZf#|5bN~bb00e
GtZe;)f009JZZ*64&1pxv`sch`a6%+H}y3w7NL%Cvdc9ihwVg6yH$(01#_!hsY6z
nLl?N#mWu2FfU=jES3v-wpP5N?~nE^->bepVa|R$**qZew{#W?^Gx1_B6jWpQ<Ba
%E%!!34}kUMys8WKDQu6}!mpvbyE1r(Y~+*plEP2LQK-VTK~nd#><i0^jF#$$;Rq
Yi_#e2@QaC_fb3SOOy6Z2yJz2bZKyGWdgwj%tl@;WNu_lcw-g2$nLVb<*lb*ENIx
0;35YAw}@eeBGG%U@MZ$v=XJ?|;InIPy66cFfOYp#JM2r7_Du{{Wo&O_X>@r=X>N
1_1`Bm=b8uy2X=Z6<WB>+pWo%?`Z4U@#aA|XIWNBj`2XbX+b!=gBKL}=WWpQ<7Zg
hVQXlZ9?Msj6wb!Bd2dH)4gWpYk$0|5edF#rfwZ*_E2WnpXv0|sqnbZBp60to-Z_
Ce;SSLEx{oG{4aHr^2iyiLDUBh#^}_A@_Ma4xqHCAn^87TS9h9ibhaZ&^Bcn*B*;
w|~I;-PD|t>jZXhb#wytY!hN5_Bp3Y36tDMM#=e#tGI($UA5U3KNx<*C>jbO<32;
hs$B9ZCsU(1!DsC|W1LOd&b_IRG-(&Q$wPGrVr*${WNB_^000O

-----END STRICT TYPE LIB-----

