-----BEGIN STRICT TYPE LIB-----
Id: stl:AmLN675O-IQepoSd-Y$3m8xJ-$wBBGY3-qMTw8sv-f1Ges1Q#scarlet-visitor-partner
Name: RGBStd
Dependencies:
	BPCore#symbol-tropic-grand,
	RGBCommit#sunset-cherry-melody,
	StrictTypes#century-comrade-chess,
	AluVM#congo-archive-folio,
	CommitVerify#miller-pancake-elastic,
	Std#ralph-blue-lucky,
	Bitcoin#signal-color-cipher
Check-SHA256: 7a01d713d1a618a4048ab8f0fd8a6189f56b2013275698e6c7068910626b6958

22w{tQ*>kpA#kgq^`I&ZzC?)!&R01Y?(H9FO$CR6P1%k7c67A-20~CnZ*pZfq?Zbt(6s#H8B=LQ$vp_#
gwohX`)R36;?sQM_^}WPQb$5VZ*6U9bVcf;U)%QMkO4aJ;_ZeCe;xE!X<$x_Fs4If6Z`oP*$Y#2a%p39
RC#b^b7F8ce<9`Lptgp<tz`UX>r6F_xjAC6(~TLj#*ewiHU&X!byiJ!10COKearHwcS=7M7YzYaI8*bv
hMOc?)(rkC#nUDXLvL+uX>?X)a%pCH$}AplgPGkh3_fq3Q7_j=2#kPT_9!;lWR>~GYywm#15<Ql^=uPj
BlbC`N(qzPM@Gr{imSMTSY5T*7C#t%#3&jH2SRCdV{d702L(ZFbyiIV01^bJwgM1*ibOB<Hr54hSy}ky
Id~TM4gJLrad1S=<^xP=Vr}oCCgHqw;r~cW`-Q<Y(F`)&j2=MXX-gc|r|aC@VFyfUVpC~!Ws>DT%6aZ|
SrJerP1pIOD57`7Ol|-ogQ6Pjg~y>s-v>!^VNPLfWv4Jz0xkJm$nc4yMWR2J-cc#Q6SofWC)gp7L6!Sc
3I$AQVo7AP4Jk3r!|EoW{Zi$060oMN(jLz<ipkK(TZE>PuNboiNpoRSWoOdj7+WWC1?EKi+6QrwlvP$n
l8x-M691f9z+~t)>6ivgX<}1lX9hx0LvM0r2>=0n2VDR_OBR)w8yCZ2EylR&t_^>1Sz?kFbz0>alMxYA
VQ_L~bWU$%Wl&*qbZ%vG54IneKN{_;j(f`H9IfkFzO$PG<c0G$nQ(}f*%Js13shlna%FT-a&K>D6U0+e
W+%HuC5$^~^vuG3{`}-8x6fV={eh1!etXz_4^&}ra%FT-VRUFva&K>DECY>5OGottJZHLg1<fao_Zy7w
A3{>Ujv+c;>sahi4MJ>bZe&wsVQf@*X=FG*VlHu0(#Ro^Jj-_-pFL#XcJe4ySuOZRLzEUxZ3PijVQ_L~
bW&+&XmmnyVQyn+M^4XN(CAD)c<TE+K3MFyS<QDhvu9)kY913xn>ag{3QuryWpq$-Z*OL38SA{&vly$F
vzVnzHf7z~rv`86=_Ka^V5yX|y#`JSQ)OdvWpq<zVQi<U^0@;NPlb{-n1xko1uZcKL=FhMw)iW@^B~Gy
S4Iv(Y-w&}Q)OXnRCrKya<Sz&ITQ*wzVL4v&%PXBrElTk^nG{;D0#op`qL00-33&5P;_z!LTPkkZ)t86
009|og(=AP+C)tiPK}(5y`B$^i2_<Xu#q9gJyNh9hXqq*aZYav8Iadg@(Pt^9}_$EBT6NY{!7T+2`8i*
<OIErqDHC&RCq~lA>%$n#j0HLDJN5-IKgM_J7b(p+0MPGk2Gl)y2(Rz1Xgc#bS10xxe^o?x}!PNUwajG
r*TW+dUY6G&@nZ7)X6RBh6__;a%pgMLV0v$b1}QF=!A)P#jpo4axu-4_As_7EzOC4+`8Vyy2R;!*$Y%*
a87SzWk_LjXf@g$6*(YoyWQNR!##&F>hhbX+H~JN$bujoP8PMf90*KrV{24tZDlxh1hGqe4n}Q9o)<@b
By=Qy_yc6@Jxi+hIw1E!bZZGyX=hVoa%pgMU#!_}<v&iv6xp$jXMoxYtLrT$3;j1OqriHkT{)jk3QT2T
W>aHwX>fFqJ7jQqgpV60Q!3=n#-@oxpi@}5@PW%Fv%B~$o;&jeRCrHybeHwl212eXGm<4cs7@Wu#FOK{
KGSirhjWHCPRxjcYXnnabaS0mldQV=&ET6jM)-pXanm@-FK%_beB&TRo~t++rXB}ZX>@L7b91ADLi5Yl
(a@n1+Ku60FILp}Zw|!7cE!MGSxid=WmW`Kcxhy)e8zcXXXRJdMCHk1I^Yb;mDw5%F9Y9nz;zN&zQ>*g
RCrcpa;b%ccT=8d`>?<6$C@F;S3|*6`1-v+nBdcqJ?FPKcnV2wbY*gGVQf%qwlfK-7{9iX4Q|L-q$GzU
Mp|h<azh8d{~gylbAe9D2TWyQW>#f#zWg5iW~CYZWKwE66Nf<O@enNwzW+MGMo#nhKz4Lo3{zurX>fE<
bz*B}dBk#SkB=zPdcl{-9gYp5n_@(q=Fnta{>SNfJhg}MqX$BHbY)X?a>aWgn!oosZgNI|twmNZeC(lY
Za*g7-2eQ3Yy;-pL;_TJ=xRXCTqXIv;)MTcr4cfxK`S9uy$)6q!N22#m0-mN2v2o%aBpdDbo`>HD!!5a
&4Q@0n2=*4!cKOosx|T?(Q^f3pcpQQSqE58Zfto_YYangZEb0ER%LQ&W_bnxIG#g>Clv)aMjKgwAH@`b
u1x<7g|G$};xvA~n-$_S3Qc8lYiwmmVRLAO(LK3V&vL%&i(~ao9rExlGMgPx_&tqtqVlwo1}@PHO=WUx
Y-Lb#Z*OLk_h5K%L=laq&yA1JoJ^{7>oKLkF4~iax8KK|47hp@Qe|^xa&~28LV0v$b1}=fEj#9D^K)f#
Cf|Xn@L3mU0Z2&n-dr?jcD1Ll0RawDWpib6c4cHjd30rSGVkgW4+YqPF=12xaaxrgbrDxyH3<AdJd_gG
0WOjr%MMayb7gXNWn@BmbY*ii{(=@s-*~=0{Fo5>;v2Uql0Ev@(iYu*+LHGLwE58<4pL=vWpZ|9WI}m#
Wpg+QQb$5VZ*6U9bT|M5XadZr-S<kMvlS1-a+|}YjA26r&2rkDZzcBl<qg~qMR;^&ZgXjGZc}4uWo=;t
dy}<28ig(gSpg+?&9*`C2(3=%09avzwZKZf-~wC-LUnFrY-LGg3ATR{-|K6Y3I$*BbiAvUS*tg{!Gb}P
!O*^_P#qhP3qf>rVPj}hbYXO53d8myhCQ`lg6^O$%||qOV+j>$8ES^HwOl>wiJ<y!3`cBlVqt7nVQh6}
a}*^!j!?y>j|<WBHK;OvMz*jk?pg==#Fawo*D#!WFbPd%bYWIuY;|QANY&HCT(P)^FVARS*Zg3m2dUS*
m(weL9PhQe$_)h#M`dnhb7^x^V`yb<VI@U$zQMU~Cv3(oCX8r!*SiR9zOp;)>$$b(q=dpw@(@pVZe?Us
bYXO5Q)6glZDB65rT!PdFhnqz;9Q#<T5Q%H?RE`e-pha{(`54&;kyY|Z)s#xbYXO5GM-jZ2Kh}DE2o;H
YydTtf}Q!WH{}bI!u)W*#(e~Z2}EIZVN-NrbY(PB53UoI8eY9A{1GERg--GiI0S#x1is&)M%fmnGH4D|
a$#<BX>@6CZd7@2Wi>j67W_p;3l@ykBm9id47>4{Q314kUM@UiqyMDEzz|Ypc4c8~Wn@NmZf9v?Y-KjV
G@<&SffJ|QFn~N>u=2wF+7z(Wqt=tdZk`V^s(A}fV`Fu4a%FB~Wpg=uV1~%|K(CXMeNGCqZ9Jrf<F4Ql
$2i5To@<KI9ghZ6V`yb<VL^&0l~|vV_!Okr3@y;(eMgz2piGnBnVrO&*=|!w7$QM)b7^O8Qe}2!VQgh&
L3DIsV`xHbX>MdwWnpYocu;h5LL0;i1V@Mt|0}Oc<7vTk`>jcF(A4yGpJ~o|oujs27(sJ$X=iS2Wo~qH
LTqVnWK(5fY*ct@WI`}ug^0-1s}v?c$Nk9{EX~mW5dRI6fB-~%h??EZc?nHrWNBekd2nS$?dHP>9R0ZF
SEMRj;Km4qfBYZ5UUs>0bg9bqiCNAIR$**qZew{=d2nS(aR&}C-AVE*U>|tLje4%Z#2xE@hf87?(_PgM
mhG4zL349yXKqquc4c8~Wn@HQbYVhlX>MdwWnpYocu;h5QxVNWsw`2k$dAVYYJsYG;e2<6^ZE|08<d;*
WV8Gk5l3uqVqt7kbYXO5Q)6glZDCuUtmOvXcB85Ot2ESz9x);&nm6ibV7`e492CHfrp_Tjb8~5DZc=4-
WnpY(WI=RvVPj}QY-w&}Q)OXnRCsA*Ur6j{-a0-mYgT$bFt7gI4}v2nIa;VNcTjGdlJBfwAVG6;X=iRy
Wp-s@Y-MCtVQh6}LTqVnWK(5fY*ct@WMp+7La7y@JVOzJ)&GXo9MeQ_qmbcB?4VH0I#X{*-VH@~bY*UH
X>V>+d2nTF^<}jtD<Eep#TnsoN6msPy38iGZ%Jj-!>&%5ytTR?L349yXKqquc4c8~Wn@HQbYVhlX>Mdw
WnpYocxhy8V|}CmMi`h#Iz<AorzQPAisy2JT8B;`4O@SKwi}cPNp5g;bWLG!Y>-{!{G4u}R<&d%1NLWi
ju;u5z}Ylhrdx6<1=QhY89{S%X=iS2Wo~qHLTqVnWK(5fY*ctqbaHPIf%wH6V(o`lby0mr6MMJ&rS^T2
jpaBgK~Q4%)6*S6b8~5DZdPw;WK(oubY((pX>MdwWnpYocu;h5b>vO>-_DBy8`Vb0jGrW9$=2qSMXvL3
H<hRK;Ry+%2u)>lVN`i=Wp=e2Xp5rzopjE#5h98`u~h0v`BV8NkLOrpFzp4z*br25VQzD2bZKvHQ)6gl
ZDE9Q4U;TR^uxCZOKFR+hj1x=Ib<Y%MUmLrgKg1$x;O|ybaY{3Xh~#;{^Dg=h-~N_zJ`Red1EINWrM}G
XaQb}6c#qIM2EQ!L349yXKrm}Zgf<6aAlJaynwMZT8l5kSW@l}O=!>^xB4~9n`Dx!RtcK)nwJGnaBp>V
lv2~%1FNg3QJ<&wKF}2F)J=UcKm7gx`duV?R0NO^2vcKdWo=<eWR=L~dLDIRU(}XWLTZugenOC;Z(5k~
zEJnJiX;;E#RN}qNo1FOw~Bijoxc$yAnZc9Ku^n>WR|;%VWC~!<xB*4;3Ek|cywiMb7^mGp9m~TI>-W|
y2ahx3nF|Vuawki#7NH?S|Q-Q!u2{b3PW#hbaG*1bV+2Uj4+W$OUgRJVvNU?M2#%ns>Kwa1v8ba_B>T#
2Nxy{Ms;pyX<}?;Q*>c;Wu~{tA95j(p=yi)u<%R`DWWFD1qBd?DKim9;no7-K?g@=Ze??6bE%?wSChz_
$|Xx}eRkFNAr%^eLl(1e@}~9=0-ijXfCfo!aCLNZtsXy=AYX8dDQEQRO5D(yMKm~r|3!X*hx(?lDDx}U
2t#OLX>Lwsbgfv2bTn{By{?-RxF)5bxMl2$a#Je@p?jampE(Hb)(TW|VQzD2bZKvHvIkZAJ>Ux=$`HGr
i@G<3K5`_Qz07%{5v)tpft;Po8dQ03Wn@8fb7^O8b3$xsZe&wsVQf@*P;_#$PS18A9{>CZ0|Ju;9Pya4
*S_o#KSQ#S^G<E|bl*xGL349yXKq$+X=GD$VRU6eY-w&}Q)OXnRCsA*w&;L{94K`ndk%K5+?9Jv$dw7j
c}U5p5@2#$kUJ%u2uWmRZggpMdA(s`+&wJLxe&)NyFK6k-m9=>x98hxk@WzzBM83^wGdQtVQzD2bZKvH
LUnFrY-PzN)76uPWC%U${V?Tj%xE~|`pWbPFE41i6~^xq(2*fQb8~5DZc=4-WnpY(WL9Bpb!9?qX>Mdw
WnpYocu;h5)s0^W44Z<ciU&pl;7`v@pBQVuYc|6e9yzoWyQ=2m1xapjb#&G4k`76TvuW{aQ_%-X`?VwZ
$5L?~`!+pRSq0(b70VAtY;R&=Y*Tb$bY)a|aAnvI86{?J>)51&f5KHSaZ3>Tv-6P>hnphZrQCD^jNKVj
d2nT9L349yXKr&sY-w&}Q)OXnRCsA*+M7`mSQb`xkca!3<yMq(Hh|YT3<jahB$zA(WcSR~14d?c-GycV
Z((E+6z-1k*Q)plvl=9@swb(NvM}hX&nZVu307fjWo~0>Wpmymk!z-`g4hv-$6z_YxoLZ_neUP>BpbEf
7FA*KKfDV^Y;R&=Y*Tb$bY<Vqsgd=E<xNDl0To;TDg2ddoAJ%5L5^cMma4!igXjoSWn^V#ZDnNVC5!%-
N13CfsTw#uN<k=yTApWVgFIpJ0cC!cboOlyQe}2!VQgh&L3DIsV`%kyO*mP8`7qV21dnrCyk{{a-lF$F
G0V5TNAc?Tc{K=4WprU=VRT{n^sESGu0eNZ)cp(*eFU-DRQ(QTUJ^TE1nY56>E%WYMs;pyX<}?;RC#b^
|7c^tcv66A`G>fI<D8=tEIK}$!7qz&?F1iH@ntYy3{quwWnpY(WJF<fVFOciWC#E!gwc#^4#qsMUl{*1
zNe>I^CwqAYJB+ZKALhJOg5MaL2PhnVMAeXb4b1;7b@t4MVjY>G@u4Q3HlB(d+LiLJm-R=h;`?dxDG*c
V`*tna%paKVPb4$VTK~nd#><i0^jF#$$;RqYi_#e2@QaC_fb3SOOy6Z1VV3bY<OvSX0mI#UQqw(qY;tp
7Zc6+Qb4G4KrzO(t)@DpIt)Q<aA;vpb!|jpb7*=;hNTZrwV~w-1E;$H-a1RJ5%B|vt^+e;7P&d4QEUuB
Y;b5{Lt$`pPIYaS!@bE(0$}-ZY7sp4NiAJYBbbge1TY24Hrj1&?q{?PL2PhnVNP{zOmAdib7;APe&;~0
k`vnNG-Q(frCuPoqJv316u7g@bjO{C`L7Q_Y;b5{Lt$`pOmAdib7;{$48tlLt$LiSdWrZtD89RIP6<)a
+sF&_$Yh7CvfdCuY;b5{Q*B{vY)o%tVRL8;Q*?4^V{}w`aAk83011Y{iz50p(P||0m=?fQ^Mv6fMp@;h
#Lzj#&aRFSj|)~|a%o|1bWUMyWgE0u0rFt3ZOHs70;T-agdg$OP=xIp;K4#IcLF!~atTIhWo%?lVQpn3
W7@xbO7ZHEAn(6`!pDiBSCZ86`=cyam?N<dX(9RvP;zN)X>@6JWikDr@YkEAs#9)9JJvRH-Qc7Q2s%Kf
+=VCyOABEU3kOtrQ)O*QWJFFoaz*WZZ5##rf6bm&7qffY6*N`B##bI~HzDmr7z##dWo%?qWo=1hQx*t>
6v={gsJ=SZlTl1iF5eQ8IAl(q%E@>So406W2vm7+WlmvjWn_%h53p;7sgGx&z)8&prN#D&cR=tS@df05
SQ3Z*PZCvbZeeX@WJYOaY-Dp&Wo=1hYXqYdo~D%m7H6OD0<^0n_2##VWXRdjy=DB@qgYOj1yf~hNo0M=
LMPN>0NEy%g(UCHeUkYj{YR7-159lq<a!pUc1{OYVRC6<ZghduEF{;%=rY;EV*SYUkC2@|hbX)<PEF)Y
q2Y;}83qPZX?kgHXOhzb`95-c^M-@@3>XIqm$}teZO^;JC(UrZ-Ks{e+7M1*ZDnLeX=Q9=b5mt)No1EH
gR0RSPeIWLGZ_*YTjUMn3>33lep74@i%V@}#Ze4JZgp)|VRC6<Zgg{)$`hk?ZwGtJ2SXtvrdbC93PHKY
JmiYcR|q~$B%b6DR$+2!VQzFuZf0*&Wo=1h{TNkq(n4IP`h#h-J1DmCvqiYufHpK#7<AD_(KrV)5>;+#
Z*Ep$a%o|1baPW>ZAoPPfv$so3kRF1PV2}fOp_vjQ6FdFHId|<b)4huMS`gcRC#b^Q+acAWo;+`4nb~X
Xm4_5WI}arWNc*w0s#heVQ_L~bN~eb0a23f+i(tn9*03fSWH}MZPIT_T6W_5)DrZQ7-#AxegXw=aB^jI
00jX7=SB47`TwxL`VB4_#e-Wmi;F$v@v}|fz<~y#A!bp$4nb~iZ**aFX>V>$VQpmv0RRO80?I5NZ-bfL
FbqC#o>4E?M+l67UG^w8*<_XZ#%uyqCnto_jB5_YJg;9E|1`d*r&;qSS3+uh`0YNLave-Im;eX@$}Apl
gPGkh3_fq3Q7_j=2#kPT_9!;lWR>~GYywm#cxiZMvTM3tQ2*(p5s~Z{6V3QiK&W#-F~+s6raGiL00000
00000{r~^~000003qfvfZ**aFX>V?G1pxpG0WnM89|TAhYfrNblQVQ`LpZXKteHopy#|_NJkG`K5da7P
06+i$00000009600000000000000000093000000000X?b8~5DZb@cgV`T;e3U7CAWn@!yVRU5y-Vzs+
-~y(u)KQ?3g=q&>T!Ej;9TxQjc0+10Fg2)p25@y^Y-wWx$}AplgPGkh3_fq3Q7_j=2#kPT_9!;lWR>~G
Yywm#VTK~nd#><i0^jF#$$;RqYi_#e2@QaC_fb3SOOy6Z2y$g{b!l>CWCF@89&dx0-7pM3Z=O*v*GCA9
fL-<|HrZsA`NnJlR3~AEBGG%U@MZ$v=XJ?|;InIPy66cFfOYp#JM2r7_Du+Fb!>ELaBO7)$}AplgPGkh
3_fq3Q7_j=2#kPT_9!;lWR>~GYywm#VTK~nd#><i0^jF#$$;RqYi_#e2@QaC_fb3SOOy6Z7DH@lWo~pr
b#7#AWlwN&Wpq$-Z*OJ>0|;$!V^DH$Z)O5|10COKearHwcS=7M7YzYaI8*bvhMOc?)(rkC#nUE*(LK3V
&vL%&i(~ao9rExlGMgPx_&tqtqVlwo1}@PEWMX4ba&K>D0wHj#q4l6D4ZcK)2hLYH81C&KXiWu&flb+s
{C0G-{6|jDT+rxDK6vW;JU&?LxLM72H?wDC1Zo}=N}D)4mj+^WZe(m_0ym_W3Y*Zh{Nou@X++6A2-<|w
*hc$lsZ8S2eB$`A5WQhy+&wJLxe&)NyFK6k-m9=>x98hxk@WzzBM83^wHHHdX=QG7LUnFrY-LnoaB^jI
P;zf?W(ETYZE#~ya&K>D0(t`--)Viz@~C%8KNS}Z0aQ3s^SOqbBwN-D{wl@OCWX;GxmM3|zUzx)^-Ue}
@Gdf&9Z>i^jdP;%w2}rc(FkN>V^DH$Z)O4^aI2y9pehZ%M2QE^S2-B&?H_1O1&4u6*^T^mbhP{rwjY>3
8tto&d&=e<t?OC7vzr3sh4VL=aEO-K69^0jVs&n0Y-IvBq?Zbt(6s#H8B=LQ$vp_#gwohX`)R36;?sQM
_^}YZVPf1pEY7(Q$1uA+-~ZmLuw}RB+iH>Z0JS3szYet!LvL<#X=iS2Wo~q4VQh0{1`P*xWpZ<AZ*BpU
-g+mR+@ME%t=)XRsSkiaI#>z4Ev5gyU5%_yeyFzybaG*Cb7p070?I5NZ-bfLFbqC#o>4E?M+l67UG^w8
*<_XZ#%uyqCt-#n(R;4&W&+>mb;*F>vukd;=m`ygb@x#_>`RmOO$l^ma&2jDVQg~%3IaEzmkOKEwEW{4
Q)xuWJqX%_(%44(X{k)&(|qFiu@D1$leIk>g)RqK0VQ|Mwn6X+txo3vSYd;;z)HQ~0$c(iaI2y9pehZ%
M2QE^S2-B&?H_1O1&4u6*^T^mbhP|v8SA{&vly$FvzVnzHf7z~rv`86=_Ka^V5yX|y#`JI0000000030
{{R3000007XJu|>b7^w|H>8&eo6xlU;~7(FM9Dn}+Jw^BM*C^0Oybjg;`p%;rnkr+av_kRYK#G}@JtOU
q9(-!1rUcRGZ9AN)&k){3T1e7Wo~n6Z*Fq{2?95ymkOKEwEW{4Q)xuWJqX%_(%44(X{k)&(|qFiu@IMi
w~Bijoxc$yAnZc9Ku^n>WR|;%VWC~!<xB*4;3EJ40000000960|Nj60000MKb#7#AWpe-t0Tjg|00~XJ
g(alx0uBqk3$LZ?fHlia(}l#$k(>D2WdHyG000000RR90{{R3000whoXk~3-0ym_W3Y*Zh{Nou@X++6A
2-<|w*hc$lsZ8S2eB$`A5IK8bhRF9oualB}P71SaJfwx=uHX^JIK`}<Yl_kxj|ORGVPj=;015#)#~MC<
5IE1bzMOP@>#x3$o4Af`kVHyQ&~TYCSRqgWgjZ$<5FZnjcuT6B5B6)POqpHCTrHl4#QtZa;zni700000
00000{{R30000003v+dFaBO95Wo~qH00{wOJ=2M>OG#EL&$!Mwbx<Z6Via+FuJhXp(y?Z1WjwV200000
000300000000005ba`-Pa{@)`qhH(h<B$P5@#5`<3V$8+S7~5Qj4-A{WE1=O5ZV2Ku7iFH2b-u)>&PZd
lOljoA7|k;k>s6qoa5|8f~f~{V{&P5baMa+0%CAAe<9`Lptgp<tz`UX>r6F_xjAC6(~TLj#*ewiHWCD<
wgM1*ibOB<Hr54hSy}kyId~TM4gJLrad1S=<^TWy00000000C40000001IJsbYWv?ZDnqBa{vkgH>8&e
o6xlU;~7(FM9Dn}+Jw^BM*C^0Oybjg;`p%;gmDd%EKc;pw+KsVi?D}qDSkO*B!5Mb*xG|_(S5o&00;m8
KmY&$000000RR900000000000000000RR6000000019(yXKrD1b#i5M015%()D=(>(T2L(qY0=?N<m7w
E#-kTe9FLD^Ynbg=;<K=h8PemXlG!~;@e)_O3H?xO^a~KWeI~0jp}x-Dk@(^0000000000{{R3000000
4?}Nmb7^O8ZDnqBbaHiN1`P*xWpZ<AZ*BpU-g+mR+@ME%t=)XRsSkiaI#>z4Ev5gyU5%_yeyFzybaG*C
b7p070?I5NZ-bfLFbqC#o>4E?M+l67UG^w8*<_XZ#%uyqCt-#n(R;4&W&+>mb;*F>vukd;=m`ygb@x#_
>`RmOO$l^ma&2jDVQg~%3IaEzmkOKEwEW{4Q)xuWJqX%_(%44(X{k)&(|qFiu@D1$leIk>g)RqK0VQ|M
wn6X+txo3vSYd;;z)HQ~0$c(iaI2y9pehZ%M2QE^S2-B&?H_1O1&4u6*^T^mbhP|v8SA{&vly$FvzVnz
Hf7z~rv`86=_Ka^V5yX|y#`JI0000000030{{R3000007XJu|>b7^w|H>8&eo6xlU;~7(FM9Dn}+Jw^B
M*C^0Oybjg;`p%;rnkr+av_kRYK#G}@JtOUq9(-!1rUcRGZ9AN)&k){3T1e7Wo~n6Z*Fq{2?95ymkOKE
wEW{4Q)xuWJqX%_(%44(X{k)&(|qFiu@IMiw~Bijoxc$yAnZc9Ku^n>WR|;%VWC~!<xB*4;3EJ400000
00960|Nj60000MKb#7#AWpe-t0Tjg|00~XJg(alx0uBqk3$LZ?fHlia(}l#$k(>D2WdHyG000000RR90
{{R3000whoXk~3-0ym_W3Y*Zh{Nou@X++6A2-<|w*hc$lsZ8S2eB$`A5IK8bhRF9oualB}P71SaJfwx=
uHX^JIK`}<Yl_kxj|ORGVPj=;015#)#~MC<5IE1bzMOP@>#x3$o4Af`kVHyQ&~TYCSRqgWgjZ$<5FZnj
cuT6B5B6)POqpHCTrHl4#QtZa;zni70000000000{{R30000003v+dFaBO95Wo~qH00{wOJ=2M>OG#EL
&$!Mwbx<Z6Via+FuJhXp(y?Z1WjwV200000000300000000005ba`-Pa{@)`qhH(h<B$P5@#5`<3V$8+
S7~5Qj4-A{WE1=O5ZV2Ku7iFH2b-u)>&PZdlOljoA7|k;k>s6qoa5|8f~f~{V{&P5baMa+0%CAAe<9`L
ptgp<tz`UX>r6F_xjAC6(~TLj#*ewiHWCD<wgM1*ibOB<Hr54hSy}kyId~TM4gJLrad1S=<^TWy00000
000C40000001IJsbYWv?ZDnqBa{vkgH>8&eo6xlU;~7(FM9Dn}+Jw^BM*C^0Oybjg;`p%;gmDd%EKc;p
w+KsVi?D}qDSkO*B!5Mb*xG|_(S5o&00;m8KmY&$000000RR900000000000000000RR6000000019(y
XKrD1b#i5M015%()D=(>(T2L(qY0=?N<m7wE#-kTe9FLD^Ynbg=;<K=h8PemXlG!~;@e)_O3H?xO^a~K
WeI~0jp}x-Dk@(^0000000000{{R30000003`1{jbYW?3WpY+!asvSZb}|A9LvL<$Wo~pyWCR5O26JO*
Wo=;q1pxv#q?Zbt(6s#H8B=LQ$vp_#gwohX`)R36;?sQM_^}X_Qq$W5tE;F{pQrXd&=l*`O?@#x{Qdy?
T_k!`1dtE`2WMq&WpinB00jX8H>8&eo6xlU;~7(FM9Dn}+Jw^BM*C^0Oybjg;`p%;p9m~TI>-W|y2ahx
3nF|Vuawki#7NH?S|Q-Q!u2{b0tIPiVPj<g1pxs&%D{mG2;nQMTOnwNgyXhzrB~SH04;UKo5i(1Vxw^b
32A0wV`WKgaBKht0RdLX4|u%BLKZsPM)+Q5=+Gx>m(ZiUQ7;QU9z@vLsQUy3b9HcVYybrT0cSFYzzA^b
6`Drj_fC5M7<0km5x1u)VS{2*yf9yYl?p>|ZggdCbW&wz1OxyEb7N>_ZD9Zf0RlIqmkOKEwEW{4Q)xuW
JqX%_(%44(X{k)&(|qFiu@IC})7t~9tEf?*r}jS36zkMYeK9}${s8)2BzjZ?kPra}XJu|>b7^w`1pxv#
q?Zbt(6s#H8B=LQ$vp_#gwohX`)R36;?sQM_^}Y52rNlD$O59e#ogQsB77jPl+<X%NY5HtA>h5j^*S;F
1!-nsV`TsZ0RcP8z<~n@;VY|KA!vt$<F<39SJ>qMEp^75#kD_Tqj3WXX=Y(#Wl3#tYybrT0anNlc)Z3!
7CPHT_+Dq|&?jn_(4)LjFAF^$MA+G=`wK&FZggdCbW>?(a|Hna3IaEzmkOKEwEW{4Q)xuWJqX%_(%44(
X{k)&(|qFiu@JWCfQB3>bs~EXcCXx(drQcb3B`Fx$)^%va$Ar)C7b~v#}{qTDnK1gUZ=~4IPtBJuMnKC
WEcQ$kD_ZvQg;gh000000000A000000000EMR;^&ZgXjGZb@cgV`T;j2yJg<X=Z6<asiYa?`6hkSR^JN
LF;fotFYyGgElEner?Qj-*6=+=Bfy9aCB*JZeeT!$}AplgPGkh3_fq3Q7_j=2#kPT_9!;lWR>~GYywm#
VTK~nd#><i0^jF#$$;RqYi_#e2@QaC_fb3SOOy6Z2yJC_VPs)+VE_pNMe3tp+xFv-0Xp&G?S=|}9rRae
U`~uMrbA>C`}q*r8?;yf@?frQ$owe+rTo-{AMw{vgzX#P!9p!}0yp?_0000000000{{R30000002WM<=
Vqt7^015&{>Z4!V_T!KNI`QJ|h6;Zj^jB$MPK+?7Lu3>C`4HI~v{(W1V6JV*{3!yZ{M3XW@z+p<?Hl01
LM?X!H~4Y_H>8&eo6xlU;~7(FM9Dn}+Jw^BM*C^0Oybjg;`p%;Ho-KZ`k;Xmr`<4sJYKN!!u{G5u+^j1
lf!PF4>GEG0000000000{{R30000003t@9}X=iS2Wo~qH015&{>Z4!V_T!KNI`QJ|h6;Zj^jB$MPK+?7
Lu3>C`4HI~v{(W1V6JV*{3!yZ{M3XW@z+p<?Hl01LM?X!H~4Y_H>8&eo6xlU;~7(FM9Dn}+Jw^BM*C^0
Oybjg;`p%;Ho-KZ`k;Xmr`<4sJYKN!!u{G5u+^j1lf!PF4>GEG0000000000{{R30000002XbX(Wo2!1
00{y`>Z4!V_T!KNI`QJ|h6;Zj^jB$MPK+?7Lu3>C`4HI~v{(W1V6JV*{3!yZ{M3XW@z+p<?Hl01LM?X!
H~4Y@00000000300000000009c42H~ZewX>a{vhfMe3tp+xFv-0Xp&G?S=|}9rRaeU`~uMrbA>C`}q*r
8?;yf@?frQ$owe+rTo-{AMw{vgzX#P!9p!}0yp?_0000000000{{R300000024!+`Z*p@02?9mxqhH(h
<B$P5@#5`<3V$8+S7~5Qj4-A{WE1=O5ZMWa!HXjLHPLD$^q3aFRr7@5Bt}`~rNq!V#m=sd5RU)=00000
0093000000000qWWoBV@Y;-|$b7^O8ZDnqB00aU61a5C`WdHyG0R(ezZDjxj0RlzpqhH(h<B$P5@#5`<
3V$8+S7~5Qj4-A{WE1=O5ZN2FSOM~2u5HNtDFUVZ)Px`L*HDD*8{ol0Eq4Mp_;L(KWo~72X>&<tVPj<m
1_*6$WNBt;WpV+O9PeeuXILaAA3^JIKdZ3ic!M@6PJV67bl-3#Cg!RLZDn*}WMOn+00{y`>Z4!V_T!KN
I`QJ|h6;Zj^jB$MPK+?7Lu3>C`4HI~v{(W1V6JV*{3!yZ{M3XW@z+p<?Hl01LM?X!H~4Y@0000000030
0000000007XKZg`VQg~%3IavyqhH(h<B$P5@#5`<3V$8+S7~5Qj4-A{WE1=O5ZN2FSOM~2u5HNtDFUVZ
)Px`L*HDD*8{ol0Eq4Mp_;La_q?Zbt(6s#H8B=LQ$vp_#gwohX`)R36;?sQM_^}W+!8D=zpn(&o-7tVW
Ua<1Q{n`|;)uYyv!)~4rGOBq10000000030000000000BVRLh7XKrm}Zgg`13IavyqhH(h<B$P5@#5`<
3V$8+S7~5Qj4-A{WE1=O5ZN2FSOM~2u5HNtDFUVZ)Px`L*HDD*8{ol0Eq4Mp_;La_q?Zbt(6s#H8B=LQ
$vp_#gwohX`)R36;?sQM_^}W+!8D=zpn(&o-7tVWUa<1Q{n`|;)uYyv!)~4rGOBq1000000003000000
00009c42H~ZewX>a{vhfMe3tp+xFv-0Xp&G?S=|}9rRaeU`~uMrbA>C`}q*r8?;yf@?frQ$owe+rTo-{
AMw{vgzX#P!9p!}0yp?_0000000000{{R300000024!+`Z*p@02?9mxqhH(h<B$P5@#5`<3V$8+S7~5Q
j4-A{WE1=O5ZMWa!HXjLHPLD$^q3aFRr7@5Bt}`~rNq!V#m=sd5RU)=000000093000000000X|Y;R&=
Y)NKeV`T;d1#@L>Nn`*70ssVVZ*FA(00035b8l^B00jX8Me3tp+xFv-0Xp&G?S=|}9rRaeU`~uMrbA>C
`}q*rYXqYdo~D%m7H6OD0<^0n_2##VWXRdjy=DB@qgYOj2y$g{b!l>CWCF@89&dx0-7pM3Z=O*v*GCA9
fL-<|HrZsA`NnJlR3~AEBGG%U@MZ$v=XJ?|;InIPy66cFfOYp#JM2r7_Du+Fb!>ELaBO7)$}AplgPGkh
3_fq3Q7_j=2#kPT_9!;lWR>~GYywm#VTK~nd#><i0^jF#$$;RqYi_#e2@QaC_fb3SOOy6Z1xaRMV`T;o
2X<w0b7^mG0Zep4W|2#K;wB)k0g*C`Fwq1F!!?eFe@CD1{Hz9}!vt<&ZDj&Q>Z4!V_T!KNI`QJ|h6;Zj
^jB$MPK+?7Lu3>C`4HJt76^nC$%1sKzB<;EQA|)S-x88IWKN#S$#@T&w`gPtX>Mp`a%psP00;p)%D{mG
2;nQMTOnwNgyXhzrB~SH04;UKo5i(1Vxw^Y00000000300000000009bZKp6b97;CZ~y>E2yJC_VPs)+
VE_sOMe3tp+xFv-0Xp&G?S=|}9rRaeU`~uMrbA>C`}q*r8?;yf@?frQ$owe+rTo-{AMw{vgzX#P!9p!}
0yp?_0!8YhU)%QMkO4aJ;_ZeCe;xE!X<$x_Fs4If6Z`oP*=q!&6rQG)02XJT?*g=|B=zREie$*y(7k2+
*P~cYjQ{`u000000RI300000001IbqZ(?C=Q*>c;WdI5SMe3tp+xFv-0Xp&G?S=|}9rRaeU`~uMrbA>C
`}q*r8?;yf@?frQ$owe+rTo-{AMw{vgzX#P!9p!}0yp?_0m=yGke?j1l!xqXd>q7+-P0pRHy9#PwI<Ot
KjIF_ga7~l000000RI300000001IJrb7^O8ZDnqBa{vkgMe3tp+xFv-0Xp&G?S=|}9rRaeU`~uMrbA>C
`}q*r8?;yf@?frQ$owe+rTo-{AMw{vgzX#P!9p!}0yp?_0ZXaKh^f@$D{A?t{IfX>#}PNp!L%7{0GY9x
pq!KXGXMYp000000RI3000000010+sY-Mg^X=QT&3IavyqhH(h<B$P5@#5`<3V$8+S7~5Qj4-A{WE1=O
5ZN2FSOM~2u5HNtDFUVZ)Px`L*HDD*8{ol0Eq4Mp_;LY0Yw`7y(SHDgMM6vX0;lo=W-SMLKDgmdc1Y|2
T5mr900000000300000000007XJu|>b7^w{b?qhoJW!8=sKG~^&Ni^C7tcO}co=3CQC(GPVoWSC3v_Z}
ZgXjLX>V?G015&{>Z4!V_T!KNI`QJ|h6;Zj^jB$MPK+?7Lu3>C`4HI~v{(W1V6JV*{3!yZ{M3XW@z+p<
?Hl01LM?X!H~4Y^Hx3&bJ$HXE2K+s|vHZ6#&ske5?JSDZAfr}PGrQJ;0000000000{{R30000003T1e7
Wo~n6Z*Fq{3IavyqhH(h<B$P5@#5`<3V$8+S7~5Qj4-A{WE1=O5ZN2FSOM~2u5HNtDFUVZ)Px`L*HDD*
8{ol0Eq4Mp_;LX_Yc6<UVsxp})lwZy{o2Ma;Y2b7(rOyhAOY%2L33sR0000000030000000000GWMyVy
b!>D`aAk5~bZKvH00aU61a5C`WdHyG0R(ezZDjxj0RlzpqhH(h<B$P5@#5`<3V$8+S7~5Qj4-A{WE1=O
5ZN2FSOM~2u5HNtDFUVZ)Px`L*HDD*8{ol0Eq4Mp_;Lnia&m8Sa{vkgMe3tp+xFv-0Xp&G?S=|}9rRae
U`~uMrbA>C`}q*r35LOoBKkGaY9#cS7Qj{WgyAGcS>>g~&^g7<u8t6o00;m90000000000{{R3000000
0000000000{{R300000031nq<Wo&P7WpV;Hq?Zbt(6s#H8B=LQ$vp_#gwohX`)R36;?sQM_^}YS=zxYC
D0L!x4tB5Hm3vFbl?lapNXe%XU~*fKJ0+Y4NoHYVWl3ZO0RRU806-uB2}x#QV`WKgaBKz)2X<w0b7^mG
0Zep4W|2#K;wB)k0g*C`Fwq1F!!?eFe@CD1{Hz9}!w7R@Xk~3-Nn`>yq?Zbt(6s#H8B=LQ$vp_#gwohX
`)R36;?sQM_^}X_Qq$W5tE;F{pQrXd&=l*`O?@#x{Qdy?T_k!`1dtF1X=Y(#Wl3ZKJIcU;0|?<Ot6L#x
hlJy{bEQ|<<p3>p#+${pKVqYC33O>~Wpi|4ZEyepNC<6ZbYWy+bYTDq0lk5UVp0y6#Opn49V(cQ<yD%{
mr@h~EOVPY@CQtS!2kdN000000RI300000001IbqZ(?C=Q*>c;WdI2QadI6-(bd|-i#!&GYaF>qoh8ar
d<vWyk8dM_iUWd$0000000000{{R30000003t@9}X=iS2Wo~qH00{w^A}Fy@mepYsm-R}r$$+zarmRet
52gKjQ(+a4Wz=v000000000300000000009c42H~ZewX>a{vheR)?jU+FZ2DLr`QR#xHIKjC^A48Li8o
%k$8HEod=_0000000000{{R30000003v_Z}ZgXjLX>V?G00{v&KD$)<CU$ff@8L|mnR6t{7b-58@5hN?
sH%L{2Uw5*0000000030000000000AWq5RDZgXjGZgT($0cpf#wOPDByY5OSo_L>QXhhr5^*YH=BF-=c
yOsxg-v9sr000000RI300000000w1pa&K~T00{xZXXT7NJOW`Spw3o_*cmz+=1%_1gm*5-D79nn{HtC7
00000000300000000009WMy_`Y;SO7asoG`mkOKEwEW{4Q)xuWJqX%_(%44(X{k)&(|qFiu@JWCfQB3>
bs~EXcCXx(drQcb3B`Fx$)^%va$Ar)C7cFHZE$Q!WCZ~L2LJ#-AOHhPX><k%2X<w0b7^mG0hHc)Cz{-#
M|`c_e7&g;fIvD}3B4_)|Gr&~tWSQZw+3luVPj=;00{v(#~MC<5IE1bzMOP@>#x3$o4Af`kVHyQ&~TYC
SRqgV00000000300000000008b7N>_ZDDj_00{y&q?Zbt(6s#H8B=LQ$vp_#gwohX`)R36;?sQM_^}W<
dtiph_du_cl6_7Jvu!-2h2yT^5yv>ite$I%(jAWg00000000300000000006X=!b6Y;yn!0fbj(2M`|<
m3T|4oDcSEr%ah$$XqR+hQ$77qvA$o%>V!Z000000RI300000001I<<aBys8ZDnqBa{vheV?EP}uuDl+
D$lsiICW4a8e$Z2e6I7`3evG=Yh^sO0000000000{{R30000001$23EWpe^W>Z4!V_T!KNI`QJ|h6;Zj
^jB$MPK+?7Lu3>C`4HLtfv$so3kRF1PV2}fOp_vjQ6FdFHId|<b)4huMS`gZb7OL8aCCD32?AnpHGd)H
<Dj;Nz^!EbXX{KgjJY{tu+xnhvc`|O#x@cJr?vtRe2PRb^)}W8ZdqCQ<vDm3_znHV4{>lr&gK9B00000
0096000000000VeX=iR>bairNa{vkf;?xyT5z&Ua+M@}mOiDpYxh>^^GknUxTJ!XL#OUcE0frb5ENEw7
&f?o%+)B!ZpG}K!%4G?I4vp$|ttu*CMF0Q*000000RI300000000>QQWNBt;WpV=p2w`G#baG*1bN~o%
c4cyMX=G&q1!ie(VQl{xPGN0jWJYOaY-B-mb7^O8ZDnqBRC#b^1_J_VWCAy&mkOKEwEW{4Q)xuWJqX%_
(%44(X{k)&(|qFiu@Hy;;$>KfZ0H=mhJ>?uV<!`3gT=OJ0bYv~7B;a&hq(l9VQpmsMe3tp+xFv-0Xp&G
?S=|}9rRaeU`~uMrbA>C`}q*r8?;yf@?frQ$owe+rTo-{AMw{vgzX#P!9p!}0yp?_2y$g}WpZ|9WCD5v
9p7nv%krpqN<S4B4FOa*Q}elon<QJ-4E`#`(<blg6AuO0fiYoI|8ZKC9(55{UNs2(LOhfb*8wh)9?KU_
VQpn(MrmbiWJP#%Wo~n6Z*Ek1aAgJq0%>FdH>8&eo6xlU;~7(FM9Dn}+Jw^BM*C^0Oybjg;`p%;WOW`w
sTH9-LlJ`2|Ay5Z(?oEikl{+~pis;@Q*TJ#1a4t%WdcR&qhH(h<B$P5@#5`<3V$8+S7~5Qj4-A{WE1=O
5ZN2FSOM~2u5HNtDFUVZ)Px`L*HDD*8{ol0Eq4Mp_;LtxWpib6c4cG&dIKHbX?@G`sCP;~6&DQwR5(-f
xrUo0Th<KzD#g<#@9Gl|1=xWxVN?HcT9qDk5m#O{2>e1kloHngE|MP08BSqsWn@NaWo%?eY;R&=Y*Tb$
bY)a|aAgJq0%>FdH>8&eo6xlU;~7(FM9Dn}+Jw^BM*C^0Oybjg;`p%;)$WoGNr<y)@oH1i2TJ?3BlyQs
aUT0NJyux-;p7#|1a4t%WdcR&qhH(h<B$P5@#5`<3V$8+S7~5Qj4-A{WE1=O5ZN2FSOM~2u5HNtDFUVZ
)Px`L*HDD*8{ol0Eq4Mp_;LtxWpib6c4cG&dIKHbX?@G`sCP;~6&DQwR5(-fxrUo0Th<KzD#g<#@9Gl|
1=xWxVN?HcT9qDk5m#O{2>e1kloHngE|MP05>8=lWn@NaWo%?kWprUwd2nS00|IGe0ym_W3Y*Zh{Nou@
X++6A2-<|w*hc$lsZ8S2eB$`A5Ow5D_}|Wp0vpvv$c&#PW69R$ltr%da5t5w^x+8!q6BVXZDj&Q>Z4!V
_T!KNI`QJ|h6;Zj^jB$MPK+?7Lu3>C`4HI~v{(W1V6JV*{3!yZ{M3XW@z+p<?Hl01LM?X!H~4Z0a%FR6
a&~280(t`--)Viz@~C%8KNS}Z0aQ3s^SOqbBwN-D{wl@OChzJK4+YqPF=12xaaxrgbrDxyH3<AdJd_gG
0WOjr%NR~!ZDnLeX=Q9=RB~Z%b7^#GZ*Ek1aAgJq0%>FdH>8&eo6xlU;~7(FM9Dn}+Jw^BM*C^0Oybjg
;`p%;G*S<)6P6lYy(#<=BR_>s@(?%#f7ArN-=Rj?7Ns(11a4t%WdcR&qhH(h<B$P5@#5`<3V$8+S7~5Q
j4-A{WE1=O5ZN2FSOM~2u5HNtDFUVZ)Px`L*HDD*8{ol0Eq4Mp_;LtxWpib6c4cG&dIKHbX?@G`sCP;~
6&DQwR5(-fxrUo0Th<KzD#g<#@9Gl|1=xWxVN?HcT9qDk5m#O{2>e1kloHngE|MP06;5GoWn@NaWo%?t
VQgh?V|i40aAgJq0%>FdH>8&eo6xlU;~7(FM9Dn}+Jw^BM*C^0Oybjg;`p%;M(yUq2ps*m=2xUDT;RqC
gn#@WzFu~@adfH5^@&-|1a4t%WdcR&qhH(h<B$P5@#5`<3V$8+S7~5Qj4-A{WE1=O5ZN2FSOM~2u5HNt
DFUVZ)Px`L*HDD*8{ol0Eq4Mp_;LtxWpib6c4cG&dIKHbX?@G`sCP;~6&DQwR5(-fxrUo0Th<KzD#g<#
@9Gl|1=xWxVN?HcT9qDk5m#O{2>e1kloHngE|MP04o+chWn@-ia%o|1bagle0|IGe00035ZeeX@0!8Yh
U)%QMkO4aJ;_ZeCe;xE!X<$x_Fs4If6Z`oP*$IZhiz50p(P||0m=?fQ^Mv6fMp@;h#Lzj#&aRFSj|g&Q
b7gXNWn=<+10COKearHwcS=7M7YzYaI8*bvhMOc?)(rkC#nUG5>JtwI*nu%&Q~z;Vl^%5wS6(#;{6ajG
64wDPk{-(nPj_x*WJzXWV`T&e00Uuec>n+a0S0nuXJ~YD0000224QV)b#8P30009AVQzUuVRT^t000CD
VQzUrbaY{3XaE2J1q5VabYTDm0RlzpqhH(h<B$P5@#5`<3V$8+S7~5Qj4-A{WE1=O5ZP-4qZFQ|l>ioJ
pYH;+t0eX2w~A!Q+0eaZ{MVycPK^psbz)a(bZ%vHa|8ka1ax?5WB>&L0`+VYVk7oBr%DNv+($;q`HHK!
gIHa)*%m(-e#9sm3ZsHT^UK%K(4i9Ajp1M~R@C@!4#dQE#lUD;OiKi1RsjNZcmM?f0`+VYVk7oBr%DNv
+($;q`HHK!gIHa)*%m(-e#9sm3dMUNn!oosZgNI|twmNZeC(lYZa*g7-2eQ3Yy;-pL<du8XF_amVg&&J
2mk;;0RR910000001yBG000002UB%$aBN9r1pxpD002NB00~odaByr%bY*P>1po(RWoBV@Y;*ts009Pc
d2nS;ZvX`W0006J2y}UHWlmvjWdH>M0!8YhU)%QMkO4aJ;_ZeCe;xE!X<$x_Fs4If6Z`oP*;5t>gcQkw
bf~^M){{|8P%hsRk~m~ep32F151Y4WWD*HxX=Q9=PGN0j00jX8Me3tp+xFv-0Xp&G?S=|}9rRaeU`~uM
rbA>C`}q*r8?;yf@?frQ$owe+rTo-{AMw{vgzX#P!9p!}0yp?_6AN}>a%o|1bWUMyWdH>M0!8YhU)%QM
kO4aJ;_ZeCe;xE!X<$x_Fs4If6Z`oP*$IZhiz50p(P||0m=?fQ^Mv6fMp@;h#Lzj#&aRFSj|fwBaByr*
VQ>Wj015$yz}|oy`cC#6Uw2{wE+Sw~);*uMH+9Bf<n6oWMAA6{KDS8EHu@2+7MVFP1hs6^$We8|k3le2
=(%KZsrQgo0000000000{{R30000002vc=%aBNd`Vgm{WX>@aCY-RuiZDn*}0S0GmZ(?C=0tIh(Ze?Tx
2X<j>Wo~161PWnub7^O8ZDnqB1qWwkZe??6a|Q}@a$#<BX>@6CZU+fvcywiMb7^mG2nl6)V`Xr3X>V=`
3R87(aBO95Wo~o^1PNnrZggdCbV+0Z2AHk4+Bm{3x%H=p>4!*u&n<nZ*HSpYm!_!;u~jRj33O>~Wpi|4
ZEyepNC#tbWnpx0asoG`mkOKEwEW{4Q)xuWJqX%_(%44(X{k)&(|qFiu@JWCfQB3>bs~EXcCXx(drQcb
3B`Fx$)^%va$Ar)C7cUkZf<XMVRUJ4ZgT(%0a*4CUF>dKHyBH|__hx_vscRWAu^w2r{b^x;wDWyGXd29
kG60)seH8)H{-R`;$q)jqasX><q0M!l`@bT^cMgC000000093000000000kEa$#<BX>@6CZb@cgV`T;j
2yJg<X=Z6<asiYa?`6hkSR^JNLF;fotFYyGgElEner?Qj-*6=+=Bfy9aCB*JZeeT!$}AplgPGkh3_fq3
Q7_j=2#kPT_9!;lWR>~GYywm#VTK~nd#><i0^jF#$$;RqYi_#e2@QaC_fb3SOOy6Z2yJC_VPs)+VE_pN
Me3tp+xFv-0Xp&G?S=|}9rRaeU`~uMrbA>C`}q*r8?;yf@?frQ$owe+rTo-{AMw{vgzX#P!9p!}0yp?_
0000000000{{R30000002WM<=Vqt7^015&{>Z4!V_T!KNI`QJ|h6;Zj^jB$MPK+?7Lu3>C`4HI~v{(W1
V6JV*{3!yZ{M3XW@z+p<?Hl01LM?X!H~4Y_H>8&eo6xlU;~7(FM9Dn}+Jw^BM*C^0Oybjg;`p%;Ho-KZ
`k;Xmr`<4sJYKN!!u{G5u+^j1lf!PF4>GEG0000000000{{R300000025D|^b#!w83IavyqhH(h<B$P5
@#5`<3V$8+S7~5Qj4-A{WE1=O5ZN2FSOM~2u5HNtDFUVZ)Px`L*HDD*8{ol0Eq4Mp_;La_q?Zbt(6s#H
8B=LQ$vp_#gwohX`)R36;?sQM_^}W+!8D=zpn(&o-7tVWUa<1Q{n`|;)uYyv!)~4rGOBq10000000030
000000000BVRLh7XKrm}Zgg`13IavyqhH(h<B$P5@#5`<3V$8+S7~5Qj4-A{WE1=O5ZN2FSOM~2u5HNt
DFUVZ)Px`L*HDD*8{ol0Eq4Mp_;La_q?Zbt(6s#H8B=LQ$vp_#gwohX`)R36;?sQM_^}W+!8D=zpn(&o
-7tVWUa<1Q{n`|;)uYyv!)~4rGOBq100000000300000000009c42H~ZewX>a{vhfMe3tp+xFv-0Xp&G
?S=|}9rRaeU`~uMrbA>C`}q*r8?;yf@?frQ$owe+rTo-{AMw{vgzX#P!9p!}0yp?_0000000000{{R30
0000024!+`Z*p@02?9mxqhH(h<B$P5@#5`<3V$8+S7~5Qj4-A{WE1=O5ZMWa!HXjLHPLD$^q3aFRr7@5
Bt}`~rNq!V#m=sd5RU)=000000093000000000qWWoBV@Y;-|$b7^O8ZDnqB00aU61a5C`WdHyG0R(ez
ZDjxj0RlzpqhH(h<B$P5@#5`<3V$8+S7~5Qj4-A{WE1=O5ZN2FSOM~2u5HNtDFUVZ)Px`L*HDD*8{ol0
Eq4Mp_;L(ZVQgh?V|httVPj<m0SIzsadl~OWn==%EFN!zncXl9K5w2;FV{y1jDTJCC^p$-mHEbO0#qkq
h9c2>uJC38-{*D7fZ(%hZo23R4S;p`Q9JBQllDyoR%LQdZvz4Xb}#?}b}<1BS7~%^Wpi^vb#7#AWd;HY
aCKr=X>@L7b8`U(J4=$RltJLk?Nfj|sXiSdmgaJi@wPyW+dHeUQG($PVQyn+Z*pa1LUnFrY-IsIoT8@g
Hdx2)QTRe5<r$$CCM>O3%NfznHXtNC9T*z

-----END STRICT TYPE LIB-----

