-----BEGIN STRICT TYPE LIB-----
Id: stl:KoSmpKev-rYFEccK-fYBhJ2k-ZweGoAH-tJEJ5vo-BkvXXUQ#robot-albert-first
Name: SingleUseSeals
Dependencies:
	Bitcoin#extend-crimson-cable,
	BPCore#lagoon-concept-trade,
	CommitVerify#biology-news-adam
Check-SHA256: 80de40ba8883d9bafed22f2cc6885f36e7df72670b7669afafb8d8fa442e024e

4pV7vXKZCvb7fOyVQg~)38J+=>7{`RMMx5a)2lr@b++y@Ou6?dYi&yC1U40y2SRCdV{d70p7ey{wsi`Y
(LccE+ShZVeC89S1olNg9GSn;l<Jgf20~CnZ*pb8eQ=m;w$kuTTN2DG|DHjxGO|nmdVyvRyvRG^7Wn-P
LvL+uX>?X)a%pCH0|r7+LvM0r2LJ(l2VDR_OBR)w8yCZ2EylR&t_^>1Sz?kFbz0>alMxYAVQ_L~bWU$%
Wl&*qbZ%vG54IneKN{_;j(f`H9IfkFzO$PG<c0G$nQ(}f*%Js13shlna%FT-a&K>D6U0+eW+%HuC5$^~
^vuG3{`}-8x6fV={eh1!etXz_4^&}ra%FT-VRUFva&K>DH8-hI70Bv^+*0?ef%0)>Q3WPbltNdpi4*91
)SI!>2Tf&jb75y?I6q=8aZ}RBA(1@GcO9QSWZ!o3C{<Z4_(nsN7ENsh5maGta%FT<X=iA3LULhlV`x_$
Kq4M(ny<fLiwRb0ZA;eBs%8;2S!Ic0U~~s_N7e>GZewU~a@i(C#HD_EesHd`SUkg!KeYrbuZfyavGoJ9
ePLf94GThbZe(m_P;zf?W(PuPbYpL6ZWI6k8Eu6r$oASqO%+a!oQ%Dm4~>ZeT05|jA;vvYupWm6Q)O{Z
ZweWZ*HiKem1Z9kJM|+<C6E3~$lVDiq#NV}y^f+rssvPcNp2zIK10Q-T=FR=Q=>S+XYD&<oK4xzy{V5h
X&1W5Lv;jJZ*_DftM$1O6c@UqIn-Z!6?La^OW}HT7+ugYHG0&^E$M~}Q)6;zaCAa>bY*ifyRPVjiFd`Y
2QhLn&64&owka*miGSR>-o?7a>3`V^RAF#VZ)9aiVRL9T+8q@+Aa1+e+@!-jhcW8%o2S}z-#y5JARJB>
wYeM!OmAarRB3HxICTWEOMDJSZAYFLM|~u8B!Bn=Wb8dls`ok|_d#@P2~%ljQ)6;zaCBd+*=^-NPQ?`2
v5jYd+6t@dEhY>7H!Y*UdZb-BpG^u(WnpGhV{&P5bdWn_aCwA}8zxgK<j%&XiA11NSh(<k%O<nC_${70
^959RPjz&c_16YMt|~K<B|E529nQp)<G()Baj}PUhBZ#ih=OYbQ(<&-omG>py7|rEn>a@Jg9&ldILR+=
b-aAzAVr?5I2ooM2UlryZe??Gqk=;7%h%D+p%U7S;b1RT)c9`>#Kd;Rz-U=aO9W+B1XOrwWT<?`d1Pnh
SJy=4$znR-49k_-8VxT4-*mur5>LLzo&{8RR%LRjg@kugo@o29zwXDHA;ech!BqJAy+4@X(~&*rw>NkS
Np5sya&BR4P;0g`38@&rwvr8Q$XKK#ha*N>X+Ls92fzOv*E(~7PRR#MWnpGkWpcj!9{gsd8U18ZYC02#
K<DugEepQ?I>AOx^Y=h@bX*KmV{&P5bWn9-Yh`)Fa%+!|DA9Vsm&hHC4WXN2M4aZ(WL^Hp>3BS~hw-Ba
LV0v$Q*?60dm);?_c?BIMu4qFRxf<)p=@qHCf(fs{C;c$=G;UARCwrWK+Rkw`Mu(V|7oQWGN(Z+AyvH&
RuaL#<Ajx9#RdpZb#!oVX>N4<qNggpk^aqssIi!kV<N&%cB-m1@+8r71!JHXE{ItNSWj+jc~EN%LvL+u
X>?X)a%pCH1potLnmCQUKfIKMdeaUn;%i1on4VMq8@@As0m&QqLVgBKWprq7WH6O}<{e=)S-S-Y<l(P9
Y9YVY`}-X+f~R@qMRed+u?kRfZ**^CZ){0qIG#g>Clv)aMjKgwAH@`bu1x<7g|G$};xvA~n-$_S3Qc8l
YiwmmVRL9ok({ALGPx>x`rRI~Y5)OGH%NCipfaP+#@?w1p3;*GO=WUxY-Lb#Z*OLk_h5K%L=laq&yA1J
oJ^{7>oKLkF4~iax8KK|47hp@Qe|^xa&~28LV0v$b1?w`5>sViY*%S?Ze??GRCsSwWnpXv0ts++Vr*%1
Xk}yq38J+=>7{`RMMx5a)2lr@b++y@Ou6?dYi&yC1U40y#d{%|zxO$Aaz=oyMOH6-?4fLKKPKJW|NMSz
1LoXB24ie#Wo~o=p7ey{wsi`Y(LccE+ShZVeC89S1olNg9GSn;l<JgfR~<ki9&MVhzhH|AR%&fa*3hbE
5j9z5iDF=M2XjZ(

-----END STRICT TYPE LIB-----

